
   _            _                 
  /_\  _ __ ___| |__   ___  _ __  
 //_\\| '__/ __| '_ \ / _ \| '_ \ 
/  _  \ | | (__| | | | (_) | | | |
\_/ \_/_|  \___|_| |_|\___/|_| |_|

 v0.3.0    https://github.com/frenzymath/Archon  ──────────────────────────────────────────────────────────────────────

┌───────────┬─────────────────────────────────────┐
│  Project  │  /home/archon/proj/Cech-Cohomology  │
│  Port     │  8083                               │
│  Mode     │  production                         │
└───────────┴─────────────────────────────────────┘
[ARCHON] ✓ Node.js v24.15.0
[ARCHON] ✓ Client up to date
Archon UI → http://127.0.0.1:8083  (project: /home/archon/proj/Cech-Cohomology)

Archon Dashboard ──────────────────────────────────────────────────────────────────────────────────────────────────────
┌─────────────┬───────────────────────────────────────────────────────────────────────────────────────────────────┐
│  Dashboard  │  http://127.0.0.1:8083                                                                            │
│  Overview   │  http://127.0.0.1:8083/                                                                           │
│  Logs       │  http://127.0.0.1:8083/logs                                                                       │
│  Journal    │  http://127.0.0.1:8083/journal                                                                    │
│  Project    │  /home/archon/proj/Cech-Cohomology                                                                │
│  PID        │  2233587                                                                                          │
│  PID file   │  /home/archon/Archon/archon-multilane-private/src/archon/ui/.archon-ui/dee0067253d438e4-8083.pid  │
└─────────────┴───────────────────────────────────────────────────────────────────────────────────────────────────┘
[ARCHON] › Stop:  kill 2233587  (or: kill $(cat 
/home/archon/Archon/archon-multilane-private/src/archon/ui/.archon-ui/dee0067253d438e4-8083.pid))

   _            _                 
  /_\  _ __ ___| |__   ___  _ __  
 //_\\| '__/ __| '_ \ / _ \| '_ \ 
/  _  \ | | (__| | | | (_) | | | |
\_/ \_/_|  \___|_| |_|\___/|_| |_|

 v0.3.0    https://github.com/frenzymath/Archon  ───────────────────────────────

┌───────────┬─────────────────────────────────────┐
│  Project  │  /home/archon/proj/Cech-Cohomology  │
│  Port     │  8087                               │
│  Mode     │  production                         │
└───────────┴─────────────────────────────────────┘
[ARCHON] ✓ Node.js v24.15.0
[ARCHON] ✓ Client up to date
Archon UI → http://127.0.0.1:8087  (project: /home/archon/proj/Cech-Cohomology)

Archon Dashboard ───────────────────────────────────────────────────────────────
┌─────────────┬────────────────────────────────────────────────────────────────┐
│  Dashboard  │  http://127.0.0.1:8087                                         │
│  Overview   │  http://127.0.0.1:8087/                                        │
│  Logs       │  http://127.0.0.1:8087/logs                                    │
│  Journal    │  http://127.0.0.1:8087/journal                                 │
│  Project    │  /home/archon/proj/Cech-Cohomology                             │
│  PID        │  2679585                                                       │
│  PID file   │  /home/archon/Archon/archon-multilane-private/src/archon/ui/…  │
└─────────────┴────────────────────────────────────────────────────────────────┘
[ARCHON] › Stop:  kill 2679585  (or: kill $(cat 
/home/archon/Archon/archon-multilane-private/src/archon/ui/.archon-ui/dee0067253
d438e4-8087.pid))

[archon-ui] Received SIGTERM, closing server…
[ARCHON] Dashboard stopped

   _            _                 
  /_\  _ __ ___| |__   ___  _ __  
 //_\\| '__/ __| '_ \ / _ \| '_ \ 
/  _  \ | | (__| | | | (_) | | | |
\_/ \_/_|  \___|_| |_|\___/|_| |_|

 v0.3.0    https://github.com/frenzymath/Archon  ─────────────────────────────────────────────────────────────────────

┌───────────┬─────────────────────────────────────┐
│  Project  │  /home/archon/proj/Cech-Cohomology  │
│  Port     │  8083                               │
│  Mode     │  production                         │
└───────────┴─────────────────────────────────────┘
[ARCHON] ✓ Node.js v24.15.0
[ARCHON] ✓ Client up to date
Archon UI → http://127.0.0.1:8083  (project: /home/archon/proj/Cech-Cohomology)

Archon Dashboard ─────────────────────────────────────────────────────────────────────────────────────────────────────
┌─────────────┬───────────────────────────────────────────────────────────────────────────────────────────────────┐
│  Dashboard  │  http://127.0.0.1:8083                                                                            │
│  Overview   │  http://127.0.0.1:8083/                                                                           │
│  Logs       │  http://127.0.0.1:8083/logs                                                                       │
│  Journal    │  http://127.0.0.1:8083/journal                                                                    │
│  Project    │  /home/archon/proj/Cech-Cohomology                                                                │
│  PID        │  2997463                                                                                          │
│  PID file   │  /home/archon/Archon/archon-multilane-private/src/archon/ui/.archon-ui/dee0067253d438e4-8083.pid  │
└─────────────┴───────────────────────────────────────────────────────────────────────────────────────────────────┘
[ARCHON] › Stop:  kill 2997463  (or: kill $(cat 
/home/archon/Archon/archon-multilane-private/src/archon/ui/.archon-ui/dee0067253d438e4-8083.pid))

[archon-ui] Received SIGTERM, closing server…
[ARCHON] Dashboard stopped

   _            _                 
  /_\  _ __ ___| |__   ___  _ __  
 //_\\| '__/ __| '_ \ / _ \| '_ \ 
/  _  \ | | (__| | | | (_) | | | |
\_/ \_/_|  \___|_| |_|\___/|_| |_|

 v0.3.0    https://github.com/frenzymath/Archon  ─────────────────────────────────────────────────────────────────────

┌───────────┬─────────────────────────────────────┐
│  Project  │  /home/archon/proj/Cech-Cohomology  │
│  Port     │  8083                               │
│  Mode     │  production                         │
└───────────┴─────────────────────────────────────┘
[ARCHON] ✓ Node.js v24.15.0
[ARCHON] ✓ Client up to date
Archon UI → http://127.0.0.1:8083  (project: /home/archon/proj/Cech-Cohomology)

Archon Dashboard ─────────────────────────────────────────────────────────────────────────────────────────────────────
┌─────────────┬───────────────────────────────────────────────────────────────────────────────────────────────────┐
│  Dashboard  │  http://127.0.0.1:8083                                                                            │
│  Overview   │  http://127.0.0.1:8083/                                                                           │
│  Logs       │  http://127.0.0.1:8083/logs                                                                       │
│  Journal    │  http://127.0.0.1:8083/journal                                                                    │
│  Project    │  /home/archon/proj/Cech-Cohomology                                                                │
│  PID        │  3000830                                                                                          │
│  PID file   │  /home/archon/Archon/archon-multilane-private/src/archon/ui/.archon-ui/dee0067253d438e4-8083.pid  │
└─────────────┴───────────────────────────────────────────────────────────────────────────────────────────────────┘
[ARCHON] › Stop:  kill 3000830  (or: kill $(cat 
/home/archon/Archon/archon-multilane-private/src/archon/ui/.archon-ui/dee0067253d438e4-8083.pid))

[archon-ui] Received SIGTERM, closing server…
[ARCHON] Dashboard stopped

   _            _                 
  /_\  _ __ ___| |__   ___  _ __  
 //_\\| '__/ __| '_ \ / _ \| '_ \ 
/  _  \ | | (__| | | | (_) | | | |
\_/ \_/_|  \___|_| |_|\___/|_| |_|

 v0.3.0    https://github.com/frenzymath/Archon  ─────────────────────────────────────────────────────────────────────

┌───────────┬─────────────────────────────────────┐
│  Project  │  /home/archon/proj/Cech-Cohomology  │
│  Port     │  8083                               │
│  Mode     │  production                         │
└───────────┴─────────────────────────────────────┘
[ARCHON] ✓ Node.js v24.15.0
[ARCHON] ✓ Client up to date
Archon UI → http://127.0.0.1:8083  (project: /home/archon/proj/Cech-Cohomology)

Archon Dashboard ─────────────────────────────────────────────────────────────────────────────────────────────────────
┌─────────────┬───────────────────────────────────────────────────────────────────────────────────────────────────┐
│  Dashboard  │  http://127.0.0.1:8083                                                                            │
│  Overview   │  http://127.0.0.1:8083/                                                                           │
│  Logs       │  http://127.0.0.1:8083/logs                                                                       │
│  Journal    │  http://127.0.0.1:8083/journal                                                                    │
│  Project    │  /home/archon/proj/Cech-Cohomology                                                                │
│  PID        │  3022453                                                                                          │
│  PID file   │  /home/archon/Archon/archon-multilane-private/src/archon/ui/.archon-ui/dee0067253d438e4-8083.pid  │
└─────────────┴───────────────────────────────────────────────────────────────────────────────────────────────────┘
[ARCHON] › Stop:  kill 3022453  (or: kill $(cat 
/home/archon/Archon/archon-multilane-private/src/archon/ui/.archon-ui/dee0067253d438e4-8083.pid))

[archon-ui] Received SIGTERM, closing server…
[ARCHON] Dashboard stopped

   _            _                 
  /_\  _ __ ___| |__   ___  _ __  
 //_\\| '__/ __| '_ \ / _ \| '_ \ 
/  _  \ | | (__| | | | (_) | | | |
\_/ \_/_|  \___|_| |_|\___/|_| |_|

 v0.3.0    https://github.com/frenzymath/Archon  ─────────────────────────────────────────────────────────────────────

┌───────────┬─────────────────────────────────────┐
│  Project  │  /home/archon/proj/Cech-Cohomology  │
│  Port     │  8083                               │
│  Mode     │  production                         │
└───────────┴─────────────────────────────────────┘
[ARCHON] ✓ Node.js v24.15.0
[ARCHON] ✓ Client up to date
Archon UI → http://127.0.0.1:8083  (project: /home/archon/proj/Cech-Cohomology)

Archon Dashboard ─────────────────────────────────────────────────────────────────────────────────────────────────────
┌─────────────┬───────────────────────────────────────────────────────────────────────────────────────────────────┐
│  Dashboard  │  http://127.0.0.1:8083                                                                            │
│  Overview   │  http://127.0.0.1:8083/                                                                           │
│  Logs       │  http://127.0.0.1:8083/logs                                                                       │
│  Journal    │  http://127.0.0.1:8083/journal                                                                    │
│  Project    │  /home/archon/proj/Cech-Cohomology                                                                │
│  PID        │  3023075                                                                                          │
│  PID file   │  /home/archon/Archon/archon-multilane-private/src/archon/ui/.archon-ui/dee0067253d438e4-8083.pid  │
└─────────────┴───────────────────────────────────────────────────────────────────────────────────────────────────┘
[ARCHON] › Stop:  kill 3023075  (or: kill $(cat 
/home/archon/Archon/archon-multilane-private/src/archon/ui/.archon-ui/dee0067253d438e4-8083.pid))

[archon-ui] Received SIGTERM, closing server…
[ARCHON] Dashboard stopped

   _            _                 
  /_\  _ __ ___| |__   ___  _ __  
 //_\\| '__/ __| '_ \ / _ \| '_ \ 
/  _  \ | | (__| | | | (_) | | | |
\_/ \_/_|  \___|_| |_|\___/|_| |_|

 v0.3.0    https://github.com/frenzymath/Archon  ─────────────────────────────────────────────────────────────────────

┌───────────┬─────────────────────────────────────┐
│  Project  │  /home/archon/proj/Cech-Cohomology  │
│  Port     │  8086                               │
│  Mode     │  production                         │
└───────────┴─────────────────────────────────────┘
[ARCHON] ✓ Node.js v24.15.0
[ARCHON] ✓ Client up to date
Archon UI → http://127.0.0.1:8086  (project: /home/archon/proj/Cech-Cohomology)

Archon Dashboard ─────────────────────────────────────────────────────────────────────────────────────────────────────
┌─────────────┬───────────────────────────────────────────────────────────────────────────────────────────────────┐
│  Dashboard  │  http://127.0.0.1:8086                                                                            │
│  Overview   │  http://127.0.0.1:8086/                                                                           │
│  Logs       │  http://127.0.0.1:8086/logs                                                                       │
│  Journal    │  http://127.0.0.1:8086/journal                                                                    │
│  Project    │  /home/archon/proj/Cech-Cohomology                                                                │
│  PID        │  94894                                                                                            │
│  PID file   │  /home/archon/Archon/archon-multilane-private/src/archon/ui/.archon-ui/dee0067253d438e4-8086.pid  │
└─────────────┴───────────────────────────────────────────────────────────────────────────────────────────────────┘
[ARCHON] › Stop:  kill 94894  (or: kill $(cat 
/home/archon/Archon/archon-multilane-private/src/archon/ui/.archon-ui/dee0067253d438e4-8086.pid))

[archon-ui] Received SIGTERM, closing server…
[ARCHON] Dashboard stopped

   _            _                 
  /_\  _ __ ___| |__   ___  _ __  
 //_\\| '__/ __| '_ \ / _ \| '_ \ 
/  _  \ | | (__| | | | (_) | | | |
\_/ \_/_|  \___|_| |_|\___/|_| |_|

 v0.3.0    https://github.com/frenzymath/Archon  ─────────────────────────────────────────────────────────────────────

┌───────────┬─────────────────────────────────────┐
│  Project  │  /home/archon/proj/Cech-Cohomology  │
│  Port     │  8083                               │
│  Mode     │  production                         │
└───────────┴─────────────────────────────────────┘
[ARCHON] ✓ Node.js v24.15.0
[ARCHON] ✓ Client up to date
Archon UI → http://127.0.0.1:8083  (project: /home/archon/proj/Cech-Cohomology)

Archon Dashboard ─────────────────────────────────────────────────────────────────────────────────────────────────────
┌─────────────┬───────────────────────────────────────────────────────────────────────────────────────────────────┐
│  Dashboard  │  http://127.0.0.1:8083                                                                            │
│  Overview   │  http://127.0.0.1:8083/                                                                           │
│  Logs       │  http://127.0.0.1:8083/logs                                                                       │
│  Journal    │  http://127.0.0.1:8083/journal                                                                    │
│  Project    │  /home/archon/proj/Cech-Cohomology                                                                │
│  PID        │  926697                                                                                           │
│  PID file   │  /home/archon/Archon/archon-multilane-private/src/archon/ui/.archon-ui/dee0067253d438e4-8083.pid  │
└─────────────┴───────────────────────────────────────────────────────────────────────────────────────────────────┘
[ARCHON] › Stop:  kill 926697  (or: kill $(cat 
/home/archon/Archon/archon-multilane-private/src/archon/ui/.archon-ui/dee0067253d438e4-8083.pid))

[archon-ui] Received SIGTERM, closing server…
[ARCHON] Dashboard stopped

   _            _                 
  /_\  _ __ ___| |__   ___  _ __  
 //_\\| '__/ __| '_ \ / _ \| '_ \ 
/  _  \ | | (__| | | | (_) | | | |
\_/ \_/_|  \___|_| |_|\___/|_| |_|

 v0.3.0    https://github.com/frenzymath/Archon  ───────────────────────────────────────────────────────────────────────────────

┌───────────┬─────────────────────────────────────┐
│  Project  │  /home/archon/proj/Cech-Cohomology  │
│  Port     │  8083                               │
│  Mode     │  production                         │
└───────────┴─────────────────────────────────────┘
[ARCHON] ✓ Node.js v24.15.0
[ARCHON] ✓ Client up to date
Archon UI → http://127.0.0.1:8083  (project: /home/archon/proj/Cech-Cohomology)

Archon Dashboard ───────────────────────────────────────────────────────────────────────────────────────────────────────────────
┌─────────────┬───────────────────────────────────────────────────────────────────────────────────────────────────┐
│  Dashboard  │  http://127.0.0.1:8083                                                                            │
│  Overview   │  http://127.0.0.1:8083/                                                                           │
│  Logs       │  http://127.0.0.1:8083/logs                                                                       │
│  Journal    │  http://127.0.0.1:8083/journal                                                                    │
│  Project    │  /home/archon/proj/Cech-Cohomology                                                                │
│  PID        │  1527525                                                                                          │
│  PID file   │  /home/archon/Archon/archon-multilane-private/src/archon/ui/.archon-ui/dee0067253d438e4-8083.pid  │
└─────────────┴───────────────────────────────────────────────────────────────────────────────────────────────────┘
[ARCHON] › Stop:  kill 1527525  (or: kill $(cat 
/home/archon/Archon/archon-multilane-private/src/archon/ui/.archon-ui/dee0067253d438e4-8083.pid))

[archon-ui] Received SIGTERM, closing server…
[ARCHON] Dashboard stopped

   _            _                 
  /_\  _ __ ___| |__   ___  _ __  
 //_\\| '__/ __| '_ \ / _ \| '_ \ 
/  _  \ | | (__| | | | (_) | | | |
\_/ \_/_|  \___|_| |_|\___/|_| |_|

 v0.3.0    https://github.com/frenzymath/Archon  ───────────────────────────────────────────────────────────────────────────────

┌───────────┬─────────────────────────────────────┐
│  Project  │  /home/archon/proj/Cech-Cohomology  │
│  Port     │  8083                               │
│  Mode     │  production                         │
└───────────┴─────────────────────────────────────┘
[ARCHON] ✓ Node.js v24.15.0
[ARCHON] ✓ Client up to date
Archon UI → http://127.0.0.1:8083  (project: /home/archon/proj/Cech-Cohomology)

Archon Dashboard ───────────────────────────────────────────────────────────────────────────────────────────────────────────────
┌─────────────┬───────────────────────────────────────────────────────────────────────────────────────────────────┐
│  Dashboard  │  http://127.0.0.1:8083                                                                            │
│  Overview   │  http://127.0.0.1:8083/                                                                           │
│  Logs       │  http://127.0.0.1:8083/logs                                                                       │
│  Journal    │  http://127.0.0.1:8083/journal                                                                    │
│  Project    │  /home/archon/proj/Cech-Cohomology                                                                │
│  PID        │  1528190                                                                                          │
│  PID file   │  /home/archon/Archon/archon-multilane-private/src/archon/ui/.archon-ui/dee0067253d438e4-8083.pid  │
└─────────────┴───────────────────────────────────────────────────────────────────────────────────────────────────┘
[ARCHON] › Stop:  kill 1528190  (or: kill $(cat 
/home/archon/Archon/archon-multilane-private/src/archon/ui/.archon-ui/dee0067253d438e4-8083.pid))

[archon-ui] Received SIGTERM, closing server…
[ARCHON] Dashboard stopped

   _            _                 
  /_\  _ __ ___| |__   ___  _ __  
 //_\\| '__/ __| '_ \ / _ \| '_ \ 
/  _  \ | | (__| | | | (_) | | | |
\_/ \_/_|  \___|_| |_|\___/|_| |_|

 v0.3.0    https://github.com/frenzymath/Archon  ─────────────────────────────────────────────────────────────────────────────────────────────────────────────────────────────────────────────

┌───────────┬─────────────────────────────────────┐
│  Project  │  /home/archon/proj/Cech-Cohomology  │
│  Port     │  8083                               │
│  Mode     │  production                         │
└───────────┴─────────────────────────────────────┘
[ARCHON] ✓ Node.js v24.15.0
[ARCHON] ✓ Client up to date
Archon UI → http://127.0.0.1:8083  (project: /home/archon/proj/Cech-Cohomology)

Archon Dashboard ─────────────────────────────────────────────────────────────────────────────────────────────────────────────────────────────────────────────────────────────────────────────
┌─────────────┬───────────────────────────────────────────────────────────────────────────────────────────────────┐
│  Dashboard  │  http://127.0.0.1:8083                                                                            │
│  Overview   │  http://127.0.0.1:8083/                                                                           │
│  Logs       │  http://127.0.0.1:8083/logs                                                                       │
│  Journal    │  http://127.0.0.1:8083/journal                                                                    │
│  Project    │  /home/archon/proj/Cech-Cohomology                                                                │
│  PID        │  2450364                                                                                          │
│  PID file   │  /home/archon/Archon/archon-multilane-private/src/archon/ui/.archon-ui/dee0067253d438e4-8083.pid  │
└─────────────┴───────────────────────────────────────────────────────────────────────────────────────────────────┘
[ARCHON] › Stop:  kill 2450364  (or: kill $(cat /home/archon/Archon/archon-multilane-private/src/archon/ui/.archon-ui/dee0067253d438e4-8083.pid))

[archon-ui] Received SIGTERM, closing server…
[ARCHON] Dashboard stopped

   _            _                 
  /_\  _ __ ___| |__   ___  _ __  
 //_\\| '__/ __| '_ \ / _ \| '_ \ 
/  _  \ | | (__| | | | (_) | | | |
\_/ \_/_|  \___|_| |_|\___/|_| |_|

 v0.3.0    https://github.com/frenzymath/Archon  ───────────────────────────────────────────────────────────────────────────────────────────────────

┌───────────┬─────────────────────────────────────┐
│  Project  │  /home/archon/proj/Cech-Cohomology  │
│  Port     │  8086                               │
│  Mode     │  production                         │
└───────────┴─────────────────────────────────────┘
[ARCHON] ✓ Node.js v24.15.0
[ARCHON] ✓ Client up to date
Archon UI → http://127.0.0.1:8086  (project: /home/archon/proj/Cech-Cohomology)

Archon Dashboard ───────────────────────────────────────────────────────────────────────────────────────────────────────────────────────────────────
┌─────────────┬───────────────────────────────────────────────────────────────────────────────────────────────────┐
│  Dashboard  │  http://127.0.0.1:8086                                                                            │
│  Overview   │  http://127.0.0.1:8086/                                                                           │
│  Logs       │  http://127.0.0.1:8086/logs                                                                       │
│  Journal    │  http://127.0.0.1:8086/journal                                                                    │
│  Project    │  /home/archon/proj/Cech-Cohomology                                                                │
│  PID        │  4018370                                                                                          │
│  PID file   │  /home/archon/Archon/archon-multilane-private/src/archon/ui/.archon-ui/dee0067253d438e4-8086.pid  │
└─────────────┴───────────────────────────────────────────────────────────────────────────────────────────────────┘
[ARCHON] › Stop:  kill 4018370  (or: kill $(cat /home/archon/Archon/archon-multilane-private/src/archon/ui/.archon-ui/dee0067253d438e4-8086.pid))

[archon-ui] Received SIGTERM, closing server…

[archon-ui] Received SIGTERM, closing server…
[ARCHON] Dashboard stopped
[ARCHON] Dashboard stopped

   _            _                 
  /_\  _ __ ___| |__   ___  _ __  
 //_\\| '__/ __| '_ \ / _ \| '_ \ 
/  _  \ | | (__| | | | (_) | | | |
\_/ \_/_|  \___|_| |_|\___/|_| |_|

 v0.3.0    https://github.com/frenzymath/Archon  ─────────────────────────────────────────────────────────────────────────────

┌───────────┬─────────────────────────────────────┐
│  Project  │  /home/archon/proj/Cech-Cohomology  │
│  Port     │  8082                               │
│  Mode     │  production                         │
└───────────┴─────────────────────────────────────┘
[ARCHON] ✓ Node.js v24.15.0
[ARCHON] ✓ Client up to date
Archon UI → http://127.0.0.1:8082  (project: /home/archon/proj/Cech-Cohomology)

Archon Dashboard ─────────────────────────────────────────────────────────────────────────────────────────────────────────────
┌─────────────┬───────────────────────────────────────────────────────────────────────────────────────────────────┐
│  Dashboard  │  http://127.0.0.1:8082                                                                            │
│  Overview   │  http://127.0.0.1:8082/                                                                           │
│  Logs       │  http://127.0.0.1:8082/logs                                                                       │
│  Journal    │  http://127.0.0.1:8082/journal                                                                    │
│  Project    │  /home/archon/proj/Cech-Cohomology                                                                │
│  PID        │  1872308                                                                                          │
│  PID file   │  /home/archon/Archon/archon-multilane-private/src/archon/ui/.archon-ui/dee0067253d438e4-8082.pid  │
└─────────────┴───────────────────────────────────────────────────────────────────────────────────────────────────┘
[ARCHON] › Stop:  kill 1872308  (or: kill $(cat 
/home/archon/Archon/archon-multilane-private/src/archon/ui/.archon-ui/dee0067253d438e4-8082.pid))

   _            _                 
  /_\  _ __ ___| |__   ___  _ __  
 //_\\| '__/ __| '_ \ / _ \| '_ \ 
/  _  \ | | (__| | | | (_) | | | |
\_/ \_/_|  \___|_| |_|\___/|_| |_|

 v0.3.0    https://github.com/frenzymath/Archon  ─────────────────────────────────────────────────────────────────────────────

┌───────────┬─────────────────────────────────────┐
│  Project  │  /home/archon/proj/Cech-Cohomology  │
│  Port     │  8083                               │
│  Mode     │  production                         │
└───────────┴─────────────────────────────────────┘
[ARCHON] ✓ Node.js v24.15.0
[ARCHON] ✓ Client up to date
Archon UI → http://127.0.0.1:8083  (project: /home/archon/proj/Cech-Cohomology)

Archon Dashboard ─────────────────────────────────────────────────────────────────────────────────────────────────────────────
┌─────────────┬───────────────────────────────────────────────────────────────────────────────────────────────────┐
│  Dashboard  │  http://127.0.0.1:8083                                                                            │
│  Overview   │  http://127.0.0.1:8083/                                                                           │
│  Logs       │  http://127.0.0.1:8083/logs                                                                       │
│  Journal    │  http://127.0.0.1:8083/journal                                                                    │
│  Project    │  /home/archon/proj/Cech-Cohomology                                                                │
│  PID        │  1872767                                                                                          │
│  PID file   │  /home/archon/Archon/archon-multilane-private/src/archon/ui/.archon-ui/dee0067253d438e4-8083.pid  │
└─────────────┴───────────────────────────────────────────────────────────────────────────────────────────────────┘
[ARCHON] › Stop:  kill 1872767  (or: kill $(cat 
/home/archon/Archon/archon-multilane-private/src/archon/ui/.archon-ui/dee0067253d438e4-8083.pid))

[archon-ui] Received SIGTERM, closing server…
[ARCHON] Dashboard stopped

   _            _                 
  /_\  _ __ ___| |__   ___  _ __  
 //_\\| '__/ __| '_ \ / _ \| '_ \ 
/  _  \ | | (__| | | | (_) | | | |
\_/ \_/_|  \___|_| |_|\___/|_| |_|

 v0.3.0    https://github.com/frenzymath/Archon  ───────────────────────────────────────────────────────────────────

┌───────────┬─────────────────────────────────────┐
│  Project  │  /home/archon/proj/Cech-Cohomology  │
│  Port     │  8083                               │
│  Mode     │  production                         │
└───────────┴─────────────────────────────────────┘
[ARCHON] ✓ Node.js v24.15.0
[ARCHON] ✓ Client up to date
Archon UI → http://127.0.0.1:8083  (project: /home/archon/proj/Cech-Cohomology)

Archon Dashboard ───────────────────────────────────────────────────────────────────────────────────────────────────
┌─────────────┬───────────────────────────────────────────────────────────────────────────────────────────────────┐
│  Dashboard  │  http://127.0.0.1:8083                                                                            │
│  Overview   │  http://127.0.0.1:8083/                                                                           │
│  Logs       │  http://127.0.0.1:8083/logs                                                                       │
│  Journal    │  http://127.0.0.1:8083/journal                                                                    │
│  Project    │  /home/archon/proj/Cech-Cohomology                                                                │
│  PID        │  1886214                                                                                          │
│  PID file   │  /home/archon/Archon/archon-multilane-private/src/archon/ui/.archon-ui/dee0067253d438e4-8083.pid  │
└─────────────┴───────────────────────────────────────────────────────────────────────────────────────────────────┘
[ARCHON] › Stop:  kill 1886214  (or: kill $(cat 
/home/archon/Archon/archon-multilane-private/src/archon/ui/.archon-ui/dee0067253d438e4-8083.pid))

[archon-ui] Received SIGTERM, closing server…
[ARCHON] Dashboard stopped

   _            _                 
  /_\  _ __ ___| |__   ___  _ __  
 //_\\| '__/ __| '_ \ / _ \| '_ \ 
/  _  \ | | (__| | | | (_) | | | |
\_/ \_/_|  \___|_| |_|\___/|_| |_|

 v0.3.0    https://github.com/frenzymath/Archon  ───────────────────────────────────────────────────────────────────

┌───────────┬─────────────────────────────────────┐
│  Project  │  /home/archon/proj/Cech-Cohomology  │
│  Port     │  8083                               │
│  Mode     │  production                         │
└───────────┴─────────────────────────────────────┘
[ARCHON] ✓ Node.js v24.15.0
[ARCHON] ✓ Client up to date
Archon UI → http://127.0.0.1:8083  (project: /home/archon/proj/Cech-Cohomology)

Archon Dashboard ───────────────────────────────────────────────────────────────────────────────────────────────────
┌─────────────┬───────────────────────────────────────────────────────────────────────────────────────────────────┐
│  Dashboard  │  http://127.0.0.1:8083                                                                            │
│  Overview   │  http://127.0.0.1:8083/                                                                           │
│  Logs       │  http://127.0.0.1:8083/logs                                                                       │
│  Journal    │  http://127.0.0.1:8083/journal                                                                    │
│  Project    │  /home/archon/proj/Cech-Cohomology                                                                │
│  PID        │  1898727                                                                                          │
│  PID file   │  /home/archon/Archon/archon-multilane-private/src/archon/ui/.archon-ui/dee0067253d438e4-8083.pid  │
└─────────────┴───────────────────────────────────────────────────────────────────────────────────────────────────┘
[ARCHON] › Stop:  kill 1898727  (or: kill $(cat 
/home/archon/Archon/archon-multilane-private/src/archon/ui/.archon-ui/dee0067253d438e4-8083.pid))

[archon-ui] Received SIGTERM, closing server…
[ARCHON] Dashboard stopped

   _            _                 
  /_\  _ __ ___| |__   ___  _ __  
 //_\\| '__/ __| '_ \ / _ \| '_ \ 
/  _  \ | | (__| | | | (_) | | | |
\_/ \_/_|  \___|_| |_|\___/|_| |_|

 v0.3.0    https://github.com/frenzymath/Archon  ───────────────────────────────────────────────────────────────────

┌───────────┬─────────────────────────────────────┐
│  Project  │  /home/archon/proj/Cech-Cohomology  │
│  Port     │  8083                               │
│  Mode     │  production                         │
└───────────┴─────────────────────────────────────┘
[ARCHON] ✓ Node.js v24.15.0
[ARCHON] ✓ Client up to date
Archon UI → http://127.0.0.1:8083  (project: /home/archon/proj/Cech-Cohomology)

Archon Dashboard ───────────────────────────────────────────────────────────────────────────────────────────────────
┌─────────────┬───────────────────────────────────────────────────────────────────────────────────────────────────┐
│  Dashboard  │  http://127.0.0.1:8083                                                                            │
│  Overview   │  http://127.0.0.1:8083/                                                                           │
│  Logs       │  http://127.0.0.1:8083/logs                                                                       │
│  Journal    │  http://127.0.0.1:8083/journal                                                                    │
│  Project    │  /home/archon/proj/Cech-Cohomology                                                                │
│  PID        │  2002120                                                                                          │
│  PID file   │  /home/archon/Archon/archon-multilane-private/src/archon/ui/.archon-ui/dee0067253d438e4-8083.pid  │
└─────────────┴───────────────────────────────────────────────────────────────────────────────────────────────────┘
[ARCHON] › Stop:  kill 2002120  (or: kill $(cat 
/home/archon/Archon/archon-multilane-private/src/archon/ui/.archon-ui/dee0067253d438e4-8083.pid))

[archon-ui] Received SIGTERM, closing server…
[ARCHON] Dashboard stopped

   _            _                 
  /_\  _ __ ___| |__   ___  _ __  
 //_\\| '__/ __| '_ \ / _ \| '_ \ 
/  _  \ | | (__| | | | (_) | | | |
\_/ \_/_|  \___|_| |_|\___/|_| |_|

 v0.3.0    https://github.com/frenzymath/Archon  ────────────────────────────────────────────────────────────────────

┌───────────┬─────────────────────────────────────┐
│  Project  │  /home/archon/proj/Cech-Cohomology  │
│  Port     │  8086                               │
│  Mode     │  production                         │
└───────────┴─────────────────────────────────────┘
[ARCHON] ✓ Node.js v24.15.0
[ARCHON] ✓ Client up to date
Archon UI → http://127.0.0.1:8086  (project: /home/archon/proj/Cech-Cohomology)

Archon Dashboard ────────────────────────────────────────────────────────────────────────────────────────────────────
┌─────────────┬───────────────────────────────────────────────────────────────────────────────────────────────────┐
│  Dashboard  │  http://127.0.0.1:8086                                                                            │
│  Overview   │  http://127.0.0.1:8086/                                                                           │
│  Logs       │  http://127.0.0.1:8086/logs                                                                       │
│  Journal    │  http://127.0.0.1:8086/journal                                                                    │
│  Project    │  /home/archon/proj/Cech-Cohomology                                                                │
│  PID        │  2091332                                                                                          │
│  PID file   │  /home/archon/Archon/archon-multilane-private/src/archon/ui/.archon-ui/dee0067253d438e4-8086.pid  │
└─────────────┴───────────────────────────────────────────────────────────────────────────────────────────────────┘
[ARCHON] › Stop:  kill 2091332  (or: kill $(cat 
/home/archon/Archon/archon-multilane-private/src/archon/ui/.archon-ui/dee0067253d438e4-8086.pid))

[archon-ui] Received SIGTERM, closing server…
[ARCHON] Dashboard stopped

   _            _                 
  /_\  _ __ ___| |__   ___  _ __  
 //_\\| '__/ __| '_ \ / _ \| '_ \ 
/  _  \ | | (__| | | | (_) | | | |
\_/ \_/_|  \___|_| |_|\___/|_| |_|

 v0.3.0    https://github.com/frenzymath/Archon  ─────────────────────────────────────────────────────────────

┌───────────┬─────────────────────────────────────┐
│  Project  │  /home/archon/proj/Cech-Cohomology  │
│  Port     │  8086                               │
│  Mode     │  production                         │
└───────────┴─────────────────────────────────────┘
[ARCHON] ✓ Node.js v24.15.0
[ARCHON] ✓ Client up to date
Archon UI → http://127.0.0.1:8086  (project: /home/archon/proj/Cech-Cohomology)

Archon Dashboard ─────────────────────────────────────────────────────────────────────────────────────────────
┌─────────────┬──────────────────────────────────────────────────────────────────────────────────────────────┐
│  Dashboard  │  http://127.0.0.1:8086                                                                       │
│  Overview   │  http://127.0.0.1:8086/                                                                      │
│  Logs       │  http://127.0.0.1:8086/logs                                                                  │
│  Journal    │  http://127.0.0.1:8086/journal                                                               │
│  Project    │  /home/archon/proj/Cech-Cohomology                                                           │
│  PID        │  2210894                                                                                     │
│  PID file   │  /home/archon/Archon/archon-multilane-private/src/archon/ui/.archon-ui/dee0067253d438e4-80…  │
└─────────────┴──────────────────────────────────────────────────────────────────────────────────────────────┘
[ARCHON] › Stop:  kill 2210894  (or: kill $(cat 
/home/archon/Archon/archon-multilane-private/src/archon/ui/.archon-ui/dee0067253d438e4-8086.pid))

[archon-ui] Received SIGTERM, closing server…
[ARCHON] Dashboard stopped

   _            _                 
  /_\  _ __ ___| |__   ___  _ __  
 //_\\| '__/ __| '_ \ / _ \| '_ \ 
/  _  \ | | (__| | | | (_) | | | |
\_/ \_/_|  \___|_| |_|\___/|_| |_|

 v0.3.0    https://github.com/frenzymath/Archon  ─────────────────────────────────────────────────────────────────

┌───────────┬─────────────────────────────────────┐
│  Project  │  /home/archon/proj/Cech-Cohomology  │
│  Port     │  8087                               │
│  Mode     │  production                         │
└───────────┴─────────────────────────────────────┘
[ARCHON] ✓ Node.js v24.15.0
[ARCHON] ✓ Client up to date
Archon UI → http://127.0.0.1:8087  (project: /home/archon/proj/Cech-Cohomology)

Archon Dashboard ─────────────────────────────────────────────────────────────────────────────────────────────────
┌─────────────┬──────────────────────────────────────────────────────────────────────────────────────────────────┐
│  Dashboard  │  http://127.0.0.1:8087                                                                           │
│  Overview   │  http://127.0.0.1:8087/                                                                          │
│  Logs       │  http://127.0.0.1:8087/logs                                                                      │
│  Journal    │  http://127.0.0.1:8087/journal                                                                   │
│  Project    │  /home/archon/proj/Cech-Cohomology                                                               │
│  PID        │  2964429                                                                                         │
│  PID file   │  /home/archon/Archon/archon-multilane-private/src/archon/ui/.archon-ui/dee0067253d438e4-8087.p…  │
└─────────────┴──────────────────────────────────────────────────────────────────────────────────────────────────┘
[ARCHON] › Stop:  kill 2964429  (or: kill $(cat 
/home/archon/Archon/archon-multilane-private/src/archon/ui/.archon-ui/dee0067253d438e4-8087.pid))

[archon-ui] Received SIGTERM, closing server…
[ARCHON] Dashboard stopped

   _            _                 
  /_\  _ __ ___| |__   ___  _ __  
 //_\\| '__/ __| '_ \ / _ \| '_ \ 
/  _  \ | | (__| | | | (_) | | | |
\_/ \_/_|  \___|_| |_|\___/|_| |_|

 v0.3.0    https://github.com/frenzymath/Archon  ─────────────────────────────────────────────────────────────────

┌───────────┬─────────────────────────────────────┐
│  Project  │  /home/archon/proj/Cech-Cohomology  │
│  Port     │  8087                               │
│  Mode     │  production                         │
└───────────┴─────────────────────────────────────┘
[ARCHON] ✓ Node.js v24.15.0
[ARCHON] ✓ Client up to date
Archon UI → http://127.0.0.1:8087  (project: /home/archon/proj/Cech-Cohomology)

Archon Dashboard ─────────────────────────────────────────────────────────────────────────────────────────────────
┌─────────────┬──────────────────────────────────────────────────────────────────────────────────────────────────┐
│  Dashboard  │  http://127.0.0.1:8087                                                                           │
│  Overview   │  http://127.0.0.1:8087/                                                                          │
│  Logs       │  http://127.0.0.1:8087/logs                                                                      │
│  Journal    │  http://127.0.0.1:8087/journal                                                                   │
│  Project    │  /home/archon/proj/Cech-Cohomology                                                               │
│  PID        │  3009272                                                                                         │
│  PID file   │  /home/archon/Archon/archon-multilane-private/src/archon/ui/.archon-ui/dee0067253d438e4-8087.p…  │
└─────────────┴──────────────────────────────────────────────────────────────────────────────────────────────────┘
[ARCHON] › Stop:  kill 3009272  (or: kill $(cat 
/home/archon/Archon/archon-multilane-private/src/archon/ui/.archon-ui/dee0067253d438e4-8087.pid))
