⚠ [8316/8336] Replayed AlgebraicJacobian.Cohomology.QcohRestrictBasicOpen
warning: AlgebraicJacobian/Cohomology/QcohRestrictBasicOpen.lean:31:100: This line exceeds the 100 character limit, please shorten it!

Note: This linter can be disabled with `set_option linter.style.longLine false`
warning: AlgebraicJacobian/Cohomology/QcohRestrictBasicOpen.lean:47:4: The `show` tactic should only be used to indicate intermediate goal states for readability.
However, this tactic invocation changed the goal. Please use `change` instead for these purposes.

Note: This linter can be disabled with `set_option linter.style.show false`
warning: AlgebraicJacobian/Cohomology/QcohRestrictBasicOpen.lean:196:82: `CategoryTheory.Sheaf.val` has been deprecated: Use ObjectProperty.obj
warning: AlgebraicJacobian/Cohomology/QcohRestrictBasicOpen.lean:214:85: `CategoryTheory.Sheaf.val` has been deprecated: Use ObjectProperty.obj
warning: AlgebraicJacobian/Cohomology/QcohRestrictBasicOpen.lean:206:100: This line exceeds the 100 character limit, please shorten it!

Note: This linter can be disabled with `set_option linter.style.longLine false`
warning: AlgebraicJacobian/Cohomology/QcohRestrictBasicOpen.lean:233:43: `CategoryTheory.Sheaf.val` has been deprecated: Use ObjectProperty.obj
warning: AlgebraicJacobian/Cohomology/QcohRestrictBasicOpen.lean:240:44: `CategoryTheory.Sheaf.val` has been deprecated: Use ObjectProperty.obj
warning: AlgebraicJacobian/Cohomology/QcohRestrictBasicOpen.lean:241:31: `CategoryTheory.Sheaf.val` has been deprecated: Use ObjectProperty.obj
warning: AlgebraicJacobian/Cohomology/QcohRestrictBasicOpen.lean:216:100: This line exceeds the 100 character limit, please shorten it!

Note: This linter can be disabled with `set_option linter.style.longLine false`
warning: AlgebraicJacobian/Cohomology/QcohRestrictBasicOpen.lean:221:100: This line exceeds the 100 character limit, please shorten it!

Note: This linter can be disabled with `set_option linter.style.longLine false`
warning: AlgebraicJacobian/Cohomology/QcohRestrictBasicOpen.lean:230:100: This line exceeds the 100 character limit, please shorten it!

Note: This linter can be disabled with `set_option linter.style.longLine false`
warning: AlgebraicJacobian/Cohomology/QcohRestrictBasicOpen.lean:236:100: This line exceeds the 100 character limit, please shorten it!

Note: This linter can be disabled with `set_option linter.style.longLine false`
warning: AlgebraicJacobian/Cohomology/QcohRestrictBasicOpen.lean:279:100: This line exceeds the 100 character limit, please shorten it!

Note: This linter can be disabled with `set_option linter.style.longLine false`
warning: AlgebraicJacobian/Cohomology/QcohRestrictBasicOpen.lean:292:0: Please, add a comment explaining the need for modifying the maxHeartbeat limit, as in
set_option synthInstance.maxHeartbeats 400000 in
-- reason for change
...

Note: This linter can be disabled with `set_option linter.style.maxHeartbeats false`
⚠ [8317/8336] Replayed AlgebraicJacobian.Cohomology.QcohTildeSections
warning: AlgebraicJacobian/Cohomology/QcohTildeSections.lean:709:100: This line exceeds the 100 character limit, please shorten it!

Note: This linter can be disabled with `set_option linter.style.longLine false`
warning: AlgebraicJacobian/Cohomology/QcohTildeSections.lean:714:100: This line exceeds the 100 character limit, please shorten it!
You can use "string gaps" to format long strings: within a string quotation, using a '\' at the end of a line allows you to continue the string on the following line, removing all intervening whitespace.

Note: This linter can be disabled with `set_option linter.style.longLine false`
warning: AlgebraicJacobian/Cohomology/QcohTildeSections.lean:733:36: `CategoryTheory.Sheaf.val` has been deprecated: Use ObjectProperty.obj
warning: AlgebraicJacobian/Cohomology/QcohTildeSections.lean:742:57: `CategoryTheory.Sheaf.val` has been deprecated: Use ObjectProperty.obj
warning: AlgebraicJacobian/Cohomology/QcohTildeSections.lean:759:57: `CategoryTheory.Sheaf.val` has been deprecated: Use ObjectProperty.obj
warning: AlgebraicJacobian/Cohomology/QcohTildeSections.lean:814:100: This line exceeds the 100 character limit, please shorten it!

Note: This linter can be disabled with `set_option linter.style.longLine false`
warning: AlgebraicJacobian/Cohomology/QcohTildeSections.lean:858:100: This line exceeds the 100 character limit, please shorten it!

Note: This linter can be disabled with `set_option linter.style.longLine false`
warning: AlgebraicJacobian/Cohomology/QcohTildeSections.lean:859:100: This line exceeds the 100 character limit, please shorten it!

Note: This linter can be disabled with `set_option linter.style.longLine false`
warning: AlgebraicJacobian/Cohomology/QcohTildeSections.lean:880:100: This line exceeds the 100 character limit, please shorten it!

Note: This linter can be disabled with `set_option linter.style.longLine false`
warning: AlgebraicJacobian/Cohomology/QcohTildeSections.lean:882:0: Please, add a comment explaining the need for modifying the maxHeartbeat limit, as in
set_option maxHeartbeats 1000000 in
-- reason for change
...

Note: This linter can be disabled with `set_option linter.style.maxHeartbeats false`
warning: AlgebraicJacobian/Cohomology/QcohTildeSections.lean:930:100: This line exceeds the 100 character limit, please shorten it!

Note: This linter can be disabled with `set_option linter.style.longLine false`
warning: AlgebraicJacobian/Cohomology/QcohTildeSections.lean:933:100: This line exceeds the 100 character limit, please shorten it!

Note: This linter can be disabled with `set_option linter.style.longLine false`
warning: AlgebraicJacobian/Cohomology/QcohTildeSections.lean:969:100: This line exceeds the 100 character limit, please shorten it!

Note: This linter can be disabled with `set_option linter.style.longLine false`
warning: AlgebraicJacobian/Cohomology/QcohTildeSections.lean:976:100: This line exceeds the 100 character limit, please shorten it!

Note: This linter can be disabled with `set_option linter.style.longLine false`
warning: AlgebraicJacobian/Cohomology/QcohTildeSections.lean:978:0: Please, add a comment explaining the need for modifying the maxHeartbeat limit, as in
set_option maxHeartbeats 1000000 in
-- reason for change
...

Note: This linter can be disabled with `set_option linter.style.maxHeartbeats false`
warning: AlgebraicJacobian/Cohomology/QcohTildeSections.lean:979:100: This line exceeds the 100 character limit, please shorten it!

Note: This linter can be disabled with `set_option linter.style.longLine false`
warning: AlgebraicJacobian/Cohomology/QcohTildeSections.lean:980:100: This line exceeds the 100 character limit, please shorten it!

Note: This linter can be disabled with `set_option linter.style.longLine false`
warning: AlgebraicJacobian/Cohomology/QcohTildeSections.lean:984:100: This line exceeds the 100 character limit, please shorten it!

Note: This linter can be disabled with `set_option linter.style.longLine false`
warning: AlgebraicJacobian/Cohomology/QcohTildeSections.lean:1005:100: This line exceeds the 100 character limit, please shorten it!

Note: This linter can be disabled with `set_option linter.style.longLine false`
warning: AlgebraicJacobian/Cohomology/QcohTildeSections.lean:1007:100: This line exceeds the 100 character limit, please shorten it!

Note: This linter can be disabled with `set_option linter.style.longLine false`
warning: AlgebraicJacobian/Cohomology/QcohTildeSections.lean:1017:0: Please, add a comment explaining the need for modifying the maxHeartbeat limit, as in
set_option maxHeartbeats 1000000 in
-- reason for change
...

Note: This linter can be disabled with `set_option linter.style.maxHeartbeats false`
warning: AlgebraicJacobian/Cohomology/QcohTildeSections.lean:1053:0: Please, add a comment explaining the need for modifying the maxHeartbeat limit, as in
set_option maxHeartbeats 1000000 in
-- reason for change
...

Note: This linter can be disabled with `set_option linter.style.maxHeartbeats false`
warning: AlgebraicJacobian/Cohomology/QcohTildeSections.lean:1067:100: This line exceeds the 100 character limit, please shorten it!

Note: This linter can be disabled with `set_option linter.style.longLine false`
warning: AlgebraicJacobian/Cohomology/QcohTildeSections.lean:1068:0: Please, add a comment explaining the need for modifying the maxHeartbeat limit, as in
set_option maxHeartbeats 1000000 in
-- reason for change
...

Note: This linter can be disabled with `set_option linter.style.maxHeartbeats false`
warning: AlgebraicJacobian/Cohomology/QcohTildeSections.lean:1076:100: This line exceeds the 100 character limit, please shorten it!

Note: This linter can be disabled with `set_option linter.style.longLine false`
warning: AlgebraicJacobian/Cohomology/QcohTildeSections.lean:1095:100: This line exceeds the 100 character limit, please shorten it!

Note: This linter can be disabled with `set_option linter.style.longLine false`
warning: AlgebraicJacobian/Cohomology/QcohTildeSections.lean:1127:100: This line exceeds the 100 character limit, please shorten it!

Note: This linter can be disabled with `set_option linter.style.longLine false`
warning: AlgebraicJacobian/Cohomology/QcohTildeSections.lean:1141:100: This line exceeds the 100 character limit, please shorten it!

Note: This linter can be disabled with `set_option linter.style.longLine false`
warning: AlgebraicJacobian/Cohomology/QcohTildeSections.lean:1463:100: This line exceeds the 100 character limit, please shorten it!

Note: This linter can be disabled with `set_option linter.style.longLine false`
warning: AlgebraicJacobian/Cohomology/QcohTildeSections.lean:1464:100: This line exceeds the 100 character limit, please shorten it!

Note: This linter can be disabled with `set_option linter.style.longLine false`
⚠ [8320/8336] Replayed AlgebraicJacobian.Cohomology.CechHigherDirectImage
warning: AlgebraicJacobian/Cohomology/CechHigherDirectImage.lean:341:0: Please, add a comment explaining the need for modifying the maxHeartbeat limit, as in
set_option maxHeartbeats 1000000 in
-- reason for change
...

Note: This linter can be disabled with `set_option linter.style.maxHeartbeats false`
warning: AlgebraicJacobian/Cohomology/CechHigherDirectImage.lean:368:0: Please, add a comment explaining the need for modifying the maxHeartbeat limit, as in
set_option maxHeartbeats 4000000 in
-- reason for change
...

Note: This linter can be disabled with `set_option linter.style.maxHeartbeats false`
warning: AlgebraicJacobian/Cohomology/CechHigherDirectImage.lean:406:100: This line exceeds the 100 character limit, please shorten it!

Note: This linter can be disabled with `set_option linter.style.longLine false`
warning: AlgebraicJacobian/Cohomology/CechHigherDirectImage.lean:434:0: Please, add a comment explaining the need for modifying the maxHeartbeat limit, as in
set_option maxHeartbeats 1600000 in
-- reason for change
...

Note: This linter can be disabled with `set_option linter.style.maxHeartbeats false`
warning: AlgebraicJacobian/Cohomology/CechHigherDirectImage.lean:456:100: This line exceeds the 100 character limit, please shorten it!

Note: This linter can be disabled with `set_option linter.style.longLine false`
warning: AlgebraicJacobian/Cohomology/CechHigherDirectImage.lean:711:2: The `show` tactic should only be used to indicate intermediate goal states for readability.
However, this tactic invocation changed the goal. Please use `change` instead for these purposes.

Note: This linter can be disabled with `set_option linter.style.show false`
warning: AlgebraicJacobian/Cohomology/CechHigherDirectImage.lean:773:8: declaration uses `sorry`
⚠ [8322/8336] Replayed AlgebraicJacobian.Cohomology.CechAcyclic
warning: AlgebraicJacobian/Cohomology/CechAcyclic.lean:862:100: This line exceeds the 100 character limit, please shorten it!

Note: This linter can be disabled with `set_option linter.style.longLine false`
warning: AlgebraicJacobian/Cohomology/CechAcyclic.lean:867:100: This line exceeds the 100 character limit, please shorten it!

Note: This linter can be disabled with `set_option linter.style.longLine false`
warning: AlgebraicJacobian/Cohomology/CechAcyclic.lean:878:100: This line exceeds the 100 character limit, please shorten it!

Note: This linter can be disabled with `set_option linter.style.longLine false`
warning: AlgebraicJacobian/Cohomology/CechAcyclic.lean:1277:100: This line exceeds the 100 character limit, please shorten it!

Note: This linter can be disabled with `set_option linter.style.longLine false`
warning: AlgebraicJacobian/Cohomology/CechAcyclic.lean:1280:100: This line exceeds the 100 character limit, please shorten it!

Note: This linter can be disabled with `set_option linter.style.longLine false`
warning: AlgebraicJacobian/Cohomology/CechAcyclic.lean:1281:100: This line exceeds the 100 character limit, please shorten it!

Note: This linter can be disabled with `set_option linter.style.longLine false`
warning: AlgebraicJacobian/Cohomology/CechAcyclic.lean:1282:100: This line exceeds the 100 character limit, please shorten it!

Note: This linter can be disabled with `set_option linter.style.longLine false`
warning: AlgebraicJacobian/Cohomology/CechAcyclic.lean:1283:100: This line exceeds the 100 character limit, please shorten it!

Note: This linter can be disabled with `set_option linter.style.longLine false`
warning: AlgebraicJacobian/Cohomology/CechAcyclic.lean:1309:100: This line exceeds the 100 character limit, please shorten it!

Note: This linter can be disabled with `set_option linter.style.longLine false`
warning: AlgebraicJacobian/Cohomology/CechAcyclic.lean:1390:100: This line exceeds the 100 character limit, please shorten it!

Note: This linter can be disabled with `set_option linter.style.longLine false`
warning: AlgebraicJacobian/Cohomology/CechAcyclic.lean:1995:100: This line exceeds the 100 character limit, please shorten it!

Note: This linter can be disabled with `set_option linter.style.longLine false`
warning: AlgebraicJacobian/Cohomology/CechAcyclic.lean:1999:100: This line exceeds the 100 character limit, please shorten it!

Note: This linter can be disabled with `set_option linter.style.longLine false`
warning: AlgebraicJacobian/Cohomology/CechAcyclic.lean:2001:100: This line exceeds the 100 character limit, please shorten it!

Note: This linter can be disabled with `set_option linter.style.longLine false`
warning: AlgebraicJacobian/Cohomology/CechAcyclic.lean:2004:100: This line exceeds the 100 character limit, please shorten it!

Note: This linter can be disabled with `set_option linter.style.longLine false`
warning: AlgebraicJacobian/Cohomology/CechAcyclic.lean:2005:100: This line exceeds the 100 character limit, please shorten it!

Note: This linter can be disabled with `set_option linter.style.longLine false`
warning: AlgebraicJacobian/Cohomology/CechAcyclic.lean:2006:100: This line exceeds the 100 character limit, please shorten it!

Note: This linter can be disabled with `set_option linter.style.longLine false`
warning: AlgebraicJacobian/Cohomology/CechAcyclic.lean:2007:100: This line exceeds the 100 character limit, please shorten it!

Note: This linter can be disabled with `set_option linter.style.longLine false`
warning: AlgebraicJacobian/Cohomology/CechAcyclic.lean:2029:100: This line exceeds the 100 character limit, please shorten it!

Note: This linter can be disabled with `set_option linter.style.longLine false`
warning: AlgebraicJacobian/Cohomology/CechAcyclic.lean:2038:100: This line exceeds the 100 character limit, please shorten it!

Note: This linter can be disabled with `set_option linter.style.longLine false`
warning: AlgebraicJacobian/Cohomology/CechAcyclic.lean:2040:100: This line exceeds the 100 character limit, please shorten it!

Note: This linter can be disabled with `set_option linter.style.longLine false`
warning: AlgebraicJacobian/Cohomology/CechAcyclic.lean:2041:100: This line exceeds the 100 character limit, please shorten it!

Note: This linter can be disabled with `set_option linter.style.longLine false`
warning: AlgebraicJacobian/Cohomology/CechAcyclic.lean:2057:100: This line exceeds the 100 character limit, please shorten it!

Note: This linter can be disabled with `set_option linter.style.longLine false`
warning: AlgebraicJacobian/Cohomology/CechAcyclic.lean:2059:100: This line exceeds the 100 character limit, please shorten it!

Note: This linter can be disabled with `set_option linter.style.longLine false`
warning: AlgebraicJacobian/Cohomology/CechAcyclic.lean:2060:100: This line exceeds the 100 character limit, please shorten it!

Note: This linter can be disabled with `set_option linter.style.longLine false`
warning: AlgebraicJacobian/Cohomology/CechAcyclic.lean:2066:100: This line exceeds the 100 character limit, please shorten it!

Note: This linter can be disabled with `set_option linter.style.longLine false`
warning: AlgebraicJacobian/Cohomology/CechAcyclic.lean:2081:100: This line exceeds the 100 character limit, please shorten it!

Note: This linter can be disabled with `set_option linter.style.longLine false`
⚠ [8324/8336] Replayed AlgebraicJacobian.Cohomology.FreePresheafComplex
warning: AlgebraicJacobian/Cohomology/FreePresheafComplex.lean:1508:100: This line exceeds the 100 character limit, please shorten it!

Note: This linter can be disabled with `set_option linter.style.longLine false`
warning: AlgebraicJacobian/Cohomology/FreePresheafComplex.lean:1592:100: This line exceeds the 100 character limit, please shorten it!

Note: This linter can be disabled with `set_option linter.style.longLine false`
warning: AlgebraicJacobian/Cohomology/FreePresheafComplex.lean:1788:100: This line exceeds the 100 character limit, please shorten it!

Note: This linter can be disabled with `set_option linter.style.longLine false`
warning: AlgebraicJacobian/Cohomology/FreePresheafComplex.lean:1866:100: This line exceeds the 100 character limit, please shorten it!

Note: This linter can be disabled with `set_option linter.style.longLine false`
warning: AlgebraicJacobian/Cohomology/FreePresheafComplex.lean:1921:100: This line exceeds the 100 character limit, please shorten it!

Note: This linter can be disabled with `set_option linter.style.longLine false`
warning: AlgebraicJacobian/Cohomology/FreePresheafComplex.lean:2032:100: This line exceeds the 100 character limit, please shorten it!

Note: This linter can be disabled with `set_option linter.style.longLine false`
warning: AlgebraicJacobian/Cohomology/FreePresheafComplex.lean:2064:100: This line exceeds the 100 character limit, please shorten it!

Note: This linter can be disabled with `set_option linter.style.longLine false`
warning: AlgebraicJacobian/Cohomology/FreePresheafComplex.lean:2078:100: This line exceeds the 100 character limit, please shorten it!

Note: This linter can be disabled with `set_option linter.style.longLine false`
warning: AlgebraicJacobian/Cohomology/FreePresheafComplex.lean:2092:100: This line exceeds the 100 character limit, please shorten it!

Note: This linter can be disabled with `set_option linter.style.longLine false`
warning: AlgebraicJacobian/Cohomology/FreePresheafComplex.lean:2123:100: This line exceeds the 100 character limit, please shorten it!

Note: This linter can be disabled with `set_option linter.style.longLine false`
warning: AlgebraicJacobian/Cohomology/FreePresheafComplex.lean:2129:100: This line exceeds the 100 character limit, please shorten it!

Note: This linter can be disabled with `set_option linter.style.longLine false`
warning: AlgebraicJacobian/Cohomology/FreePresheafComplex.lean:2133:100: This line exceeds the 100 character limit, please shorten it!

Note: This linter can be disabled with `set_option linter.style.longLine false`
warning: AlgebraicJacobian/Cohomology/FreePresheafComplex.lean:2169:100: This line exceeds the 100 character limit, please shorten it!

Note: This linter can be disabled with `set_option linter.style.longLine false`
warning: AlgebraicJacobian/Cohomology/FreePresheafComplex.lean:2226:100: This line exceeds the 100 character limit, please shorten it!

Note: This linter can be disabled with `set_option linter.style.longLine false`
warning: AlgebraicJacobian/Cohomology/FreePresheafComplex.lean:2258:100: This line exceeds the 100 character limit, please shorten it!

Note: This linter can be disabled with `set_option linter.style.longLine false`
warning: AlgebraicJacobian/Cohomology/FreePresheafComplex.lean:2259:100: This line exceeds the 100 character limit, please shorten it!

Note: This linter can be disabled with `set_option linter.style.longLine false`
warning: AlgebraicJacobian/Cohomology/FreePresheafComplex.lean:2302:100: This line exceeds the 100 character limit, please shorten it!

Note: This linter can be disabled with `set_option linter.style.longLine false`
⚠ [8325/8336] Replayed AlgebraicJacobian.Cohomology.CechBridge
warning: AlgebraicJacobian/Cohomology/CechBridge.lean:210:2: The `show` tactic should only be used to indicate intermediate goal states for readability.
However, this tactic invocation changed the goal. Please use `change` instead for these purposes.

Note: This linter can be disabled with `set_option linter.style.show false`
warning: AlgebraicJacobian/Cohomology/CechBridge.lean:212:2: The `show` tactic should only be used to indicate intermediate goal states for readability.
However, this tactic invocation changed the goal. Please use `change` instead for these purposes.

Note: This linter can be disabled with `set_option linter.style.show false`
warning: AlgebraicJacobian/Cohomology/CechBridge.lean:637:0: Please, add a comment explaining the need for modifying the maxHeartbeat limit, as in
set_option maxHeartbeats 1600000 in
-- reason for change
...

Note: This linter can be disabled with `set_option linter.style.maxHeartbeats false`
warning: AlgebraicJacobian/Cohomology/CechBridge.lean:715:100: This line exceeds the 100 character limit, please shorten it!

Note: This linter can be disabled with `set_option linter.style.longLine false`
warning: AlgebraicJacobian/Cohomology/CechBridge.lean:821:4: The `show` tactic should only be used to indicate intermediate goal states for readability.
However, this tactic invocation changed the goal. Please use `change` instead for these purposes.

Note: This linter can be disabled with `set_option linter.style.show false`
⚠ [8327/8336] Replayed AlgebraicJacobian.Cohomology.CechToCohomology
warning: AlgebraicJacobian/Cohomology/CechToCohomology.lean:79:100: This line exceeds the 100 character limit, please shorten it!

Note: This linter can be disabled with `set_option linter.style.longLine false`
warning: AlgebraicJacobian/Cohomology/CechToCohomology.lean:57:4: The `show` tactic should only be used to indicate intermediate goal states for readability.
However, this tactic invocation changed the goal. Please use `change` instead for these purposes.

Note: This linter can be disabled with `set_option linter.style.show false`
warning: AlgebraicJacobian/Cohomology/CechToCohomology.lean:70:4: The `show` tactic should only be used to indicate intermediate goal states for readability.
However, this tactic invocation changed the goal. Please use `change` instead for these purposes.

Note: This linter can be disabled with `set_option linter.style.show false`
warning: AlgebraicJacobian/Cohomology/CechToCohomology.lean:135:2: The `show` tactic should only be used to indicate intermediate goal states for readability.
However, this tactic invocation changed the goal. Please use `change` instead for these purposes.

Note: This linter can be disabled with `set_option linter.style.show false`
warning: AlgebraicJacobian/Cohomology/CechToCohomology.lean:180:4: The `show` tactic should only be used to indicate intermediate goal states for readability.
However, this tactic invocation changed the goal. Please use `change` instead for these purposes.

Note: This linter can be disabled with `set_option linter.style.show false`
⚠ [8328/8336] Replayed AlgebraicJacobian.Cohomology.AffineSerreVanishing
warning: AlgebraicJacobian/Cohomology/AffineSerreVanishing.lean:220:0: Please, add a comment explaining the need for modifying the maxHeartbeat limit, as in
set_option maxHeartbeats 1600000 in
-- reason for change
...

Note: This linter can be disabled with `set_option linter.style.maxHeartbeats false`
warning: AlgebraicJacobian/Cohomology/AffineSerreVanishing.lean:225:100: This line exceeds the 100 character limit, please shorten it!

Note: This linter can be disabled with `set_option linter.style.longLine false`
warning: AlgebraicJacobian/Cohomology/AffineSerreVanishing.lean:336:4: The `show` tactic should only be used to indicate intermediate goal states for readability.
However, this tactic invocation changed the goal. Please use `change` instead for these purposes.

Note: This linter can be disabled with `set_option linter.style.show false`
warning: AlgebraicJacobian/Cohomology/AffineSerreVanishing.lean:355:2: The `show` tactic should only be used to indicate intermediate goal states for readability.
However, this tactic invocation changed the goal. Please use `change` instead for these purposes.

Note: This linter can be disabled with `set_option linter.style.show false`
warning: AlgebraicJacobian/Cohomology/AffineSerreVanishing.lean:363:0: Please, add a comment explaining the need for modifying the maxHeartbeat limit, as in
set_option maxHeartbeats 2000000 in
-- reason for change
...

Note: This linter can be disabled with `set_option linter.style.maxHeartbeats false`
warning: AlgebraicJacobian/Cohomology/AffineSerreVanishing.lean:369:100: This line exceeds the 100 character limit, please shorten it!

Note: This linter can be disabled with `set_option linter.style.longLine false`
warning: AlgebraicJacobian/Cohomology/AffineSerreVanishing.lean:370:100: This line exceeds the 100 character limit, please shorten it!

Note: This linter can be disabled with `set_option linter.style.longLine false`
warning: AlgebraicJacobian/Cohomology/AffineSerreVanishing.lean:372:100: This line exceeds the 100 character limit, please shorten it!

Note: This linter can be disabled with `set_option linter.style.longLine false`
warning: AlgebraicJacobian/Cohomology/AffineSerreVanishing.lean:463:100: This line exceeds the 100 character limit, please shorten it!

Note: This linter can be disabled with `set_option linter.style.longLine false`
warning: AlgebraicJacobian/Cohomology/AffineSerreVanishing.lean:464:100: This line exceeds the 100 character limit, please shorten it!

Note: This linter can be disabled with `set_option linter.style.longLine false`
warning: AlgebraicJacobian/Cohomology/AffineSerreVanishing.lean:716:4: The `show` tactic should only be used to indicate intermediate goal states for readability.
However, this tactic invocation changed the goal. Please use `change` instead for these purposes.

Note: This linter can be disabled with `set_option linter.style.show false`
warning: AlgebraicJacobian/Cohomology/AffineSerreVanishing.lean:735:2: The `show` tactic should only be used to indicate intermediate goal states for readability.
However, this tactic invocation changed the goal. Please use `change` instead for these purposes.

Note: This linter can be disabled with `set_option linter.style.show false`
⚠ [8329/8336] Replayed AlgebraicJacobian.Cohomology.CechSectionIdentificationBase
warning: AlgebraicJacobian/Cohomology/CechSectionIdentificationBase.lean:206:100: This line exceeds the 100 character limit, please shorten it!

Note: This linter can be disabled with `set_option linter.style.longLine false`
warning: AlgebraicJacobian/Cohomology/CechSectionIdentificationBase.lean:207:100: This line exceeds the 100 character limit, please shorten it!

Note: This linter can be disabled with `set_option linter.style.longLine false`
warning: AlgebraicJacobian/Cohomology/CechSectionIdentificationBase.lean:210:100: This line exceeds the 100 character limit, please shorten it!

Note: This linter can be disabled with `set_option linter.style.longLine false`
warning: AlgebraicJacobian/Cohomology/CechSectionIdentificationBase.lean:231:100: This line exceeds the 100 character limit, please shorten it!

Note: This linter can be disabled with `set_option linter.style.longLine false`
warning: AlgebraicJacobian/Cohomology/CechSectionIdentificationBase.lean:254:2: 'simp' is a flexible tactic modifying '⊢'. Try 'simp?' and use the suggested 'simp only [...]'. Alternatively, use `suffices` to explicitly state the simplified form.

Note: This linter can be disabled with `set_option linter.flexible false`
info: AlgebraicJacobian/Cohomology/CechSectionIdentificationBase.lean:254:2: Try this:
  [apply] simp only [Iso.trans_inv, pullback.congrHom_inv, Category.assoc, pullbackLeftPullbackSndIso_inv_fst]
info: AlgebraicJacobian/Cohomology/CechSectionIdentificationBase.lean:256:2: 'rw [pullback.lift_fst]' uses '⊢'!
warning: AlgebraicJacobian/Cohomology/CechSectionIdentificationBase.lean:241:100: This line exceeds the 100 character limit, please shorten it!

Note: This linter can be disabled with `set_option linter.style.longLine false`
warning: AlgebraicJacobian/Cohomology/CechSectionIdentificationBase.lean:247:100: This line exceeds the 100 character limit, please shorten it!

Note: This linter can be disabled with `set_option linter.style.longLine false`
warning: AlgebraicJacobian/Cohomology/CechSectionIdentificationBase.lean:249:100: This line exceeds the 100 character limit, please shorten it!

Note: This linter can be disabled with `set_option linter.style.longLine false`
warning: AlgebraicJacobian/Cohomology/CechSectionIdentificationBase.lean:276:2: 'simp' is a flexible tactic modifying '⊢'. Try 'simp?' and use the suggested 'simp only [...]'. Alternatively, use `suffices` to explicitly state the simplified form.

Note: This linter can be disabled with `set_option linter.flexible false`
info: AlgebraicJacobian/Cohomology/CechSectionIdentificationBase.lean:276:2: Try this:
  [apply] simp only [Iso.trans_inv, pullback.congrHom_inv, Category.assoc, pullbackLeftPullbackSndIso_inv_snd_snd_assoc]
info: AlgebraicJacobian/Cohomology/CechSectionIdentificationBase.lean:278:2: 'rw [pullback.lift_snd_assoc]' uses '⊢'!
warning: AlgebraicJacobian/Cohomology/CechSectionIdentificationBase.lean:262:100: This line exceeds the 100 character limit, please shorten it!

Note: This linter can be disabled with `set_option linter.style.longLine false`
warning: AlgebraicJacobian/Cohomology/CechSectionIdentificationBase.lean:268:100: This line exceeds the 100 character limit, please shorten it!

Note: This linter can be disabled with `set_option linter.style.longLine false`
warning: AlgebraicJacobian/Cohomology/CechSectionIdentificationBase.lean:270:100: This line exceeds the 100 character limit, please shorten it!

Note: This linter can be disabled with `set_option linter.style.longLine false`
warning: AlgebraicJacobian/Cohomology/CechSectionIdentificationBase.lean:283:100: This line exceeds the 100 character limit, please shorten it!

Note: This linter can be disabled with `set_option linter.style.longLine false`
warning: AlgebraicJacobian/Cohomology/CechSectionIdentificationBase.lean:293:100: This line exceeds the 100 character limit, please shorten it!

Note: This linter can be disabled with `set_option linter.style.longLine false`
warning: AlgebraicJacobian/Cohomology/CechSectionIdentificationBase.lean:304:2: The `show` tactic should only be used to indicate intermediate goal states for readability.
However, this tactic invocation changed the goal. Please use `change` instead for these purposes.

Note: This linter can be disabled with `set_option linter.style.show false`
warning: AlgebraicJacobian/Cohomology/CechSectionIdentificationBase.lean:312:100: This line exceeds the 100 character limit, please shorten it!

Note: This linter can be disabled with `set_option linter.style.longLine false`
warning: AlgebraicJacobian/Cohomology/CechSectionIdentificationBase.lean:313:100: This line exceeds the 100 character limit, please shorten it!

Note: This linter can be disabled with `set_option linter.style.longLine false`
warning: AlgebraicJacobian/Cohomology/CechSectionIdentificationBase.lean:374:0: Please, add a comment explaining the need for modifying the maxHeartbeat limit, as in
set_option maxHeartbeats 1600000 in
-- reason for change
...

Note: This linter can be disabled with `set_option linter.style.maxHeartbeats false`
warning: AlgebraicJacobian/Cohomology/CechSectionIdentificationBase.lean:591:100: This line exceeds the 100 character limit, please shorten it!

Note: This linter can be disabled with `set_option linter.style.longLine false`
warning: AlgebraicJacobian/Cohomology/CechSectionIdentificationBase.lean:651:100: This line exceeds the 100 character limit, please shorten it!

Note: This linter can be disabled with `set_option linter.style.longLine false`
warning: AlgebraicJacobian/Cohomology/CechSectionIdentificationBase.lean:743:6: The `show` tactic should only be used to indicate intermediate goal states for readability.
However, this tactic invocation changed the goal. Please use `change` instead for these purposes.

Note: This linter can be disabled with `set_option linter.style.show false`
warning: AlgebraicJacobian/Cohomology/CechSectionIdentificationBase.lean:749:6: The `show` tactic should only be used to indicate intermediate goal states for readability.
However, this tactic invocation changed the goal. Please use `change` instead for these purposes.

Note: This linter can be disabled with `set_option linter.style.show false`
warning: AlgebraicJacobian/Cohomology/CechSectionIdentificationBase.lean:773:100: This line exceeds the 100 character limit, please shorten it!

Note: This linter can be disabled with `set_option linter.style.longLine false`
warning: AlgebraicJacobian/Cohomology/CechSectionIdentificationBase.lean:796:0: Please, add a comment explaining the need for modifying the maxHeartbeat limit, as in
set_option maxHeartbeats 800000 in
-- reason for change
...

Note: This linter can be disabled with `set_option linter.style.maxHeartbeats false`
warning: AlgebraicJacobian/Cohomology/CechSectionIdentificationBase.lean:847:100: This line exceeds the 100 character limit, please shorten it!

Note: This linter can be disabled with `set_option linter.style.longLine false`
warning: AlgebraicJacobian/Cohomology/CechSectionIdentificationBase.lean:850:100: This line exceeds the 100 character limit, please shorten it!

Note: This linter can be disabled with `set_option linter.style.longLine false`
warning: AlgebraicJacobian/Cohomology/CechSectionIdentificationBase.lean:872:4: The `show` tactic should only be used to indicate intermediate goal states for readability.
However, this tactic invocation changed the goal. Please use `change` instead for these purposes.

Note: This linter can be disabled with `set_option linter.style.show false`
warning: AlgebraicJacobian/Cohomology/CechSectionIdentificationBase.lean:1010:100: This line exceeds the 100 character limit, please shorten it!

Note: This linter can be disabled with `set_option linter.style.longLine false`
warning: AlgebraicJacobian/Cohomology/CechSectionIdentificationBase.lean:1039:4: The `show` tactic should only be used to indicate intermediate goal states for readability.
However, this tactic invocation changed the goal. Please use `change` instead for these purposes.

Note: This linter can be disabled with `set_option linter.style.show false`
warning: AlgebraicJacobian/Cohomology/CechSectionIdentificationBase.lean:1050:4: The `show` tactic should only be used to indicate intermediate goal states for readability.
However, this tactic invocation changed the goal. Please use `change` instead for these purposes.

Note: This linter can be disabled with `set_option linter.style.show false`
warning: AlgebraicJacobian/Cohomology/CechSectionIdentificationBase.lean:1096:0: Please, add a comment explaining the need for modifying the maxHeartbeat limit, as in
set_option maxHeartbeats 1600000 in
-- reason for change
...

Note: This linter can be disabled with `set_option linter.style.maxHeartbeats false`
warning: AlgebraicJacobian/Cohomology/CechSectionIdentificationBase.lean:1124:4: The `show` tactic should only be used to indicate intermediate goal states for readability.
However, this tactic invocation changed the goal. Please use `change` instead for these purposes.

Note: This linter can be disabled with `set_option linter.style.show false`
warning: AlgebraicJacobian/Cohomology/CechSectionIdentificationBase.lean:1182:100: This line exceeds the 100 character limit, please shorten it!

Note: This linter can be disabled with `set_option linter.style.longLine false`
warning: AlgebraicJacobian/Cohomology/CechSectionIdentificationBase.lean:1191:100: This line exceeds the 100 character limit, please shorten it!

Note: This linter can be disabled with `set_option linter.style.longLine false`
warning: AlgebraicJacobian/Cohomology/CechSectionIdentificationBase.lean:1219:100: This line exceeds the 100 character limit, please shorten it!

Note: This linter can be disabled with `set_option linter.style.longLine false`
warning: AlgebraicJacobian/Cohomology/CechSectionIdentificationBase.lean:1233:0: Please, add a comment explaining the need for modifying the maxHeartbeat limit, as in
set_option synthInstance.maxHeartbeats 800000 in
-- reason for change
...

Note: This linter can be disabled with `set_option linter.style.maxHeartbeats false`
warning: AlgebraicJacobian/Cohomology/CechSectionIdentificationBase.lean:1389:100: This line exceeds the 100 character limit, please shorten it!

Note: This linter can be disabled with `set_option linter.style.longLine false`
⚠ [8330/8336] Replayed AlgebraicJacobian.Cohomology.AcyclicResolution
warning: AlgebraicJacobian/Cohomology/AcyclicResolution.lean:390:0: automatically included section variable(s) unused in theorem `CategoryTheory.InjectiveResolution.f_comp_horseshoeβ₁`:
  [HasInjectiveResolutions 𝒜]
consider restructuring your `variable` declarations so that the variables are not in scope or explicitly omit them:
  omit [HasInjectiveResolutions 𝒜] in theorem ...

Note: This linter can be disabled with `set_option linter.unusedSectionVars false`
warning: AlgebraicJacobian/Cohomology/AcyclicResolution.lean:489:0: automatically included section variable(s) unused in theorem `CategoryTheory.InjectiveResolution.ιC0_comp_d`:
  [HasInjectiveResolutions 𝒜]
consider restructuring your `variable` declarations so that the variables are not in scope or explicitly omit them:
  omit [HasInjectiveResolutions 𝒜] in theorem ...

Note: This linter can be disabled with `set_option linter.unusedSectionVars false`
warning: AlgebraicJacobian/Cohomology/AcyclicResolution.lean:500:0: automatically included section variable(s) unused in theorem `CategoryTheory.InjectiveResolution.horseshoeβ_fst`:
  [HasInjectiveResolutions 𝒜]
consider restructuring your `variable` declarations so that the variables are not in scope or explicitly omit them:
  omit [HasInjectiveResolutions 𝒜] in theorem ...

Note: This linter can be disabled with `set_option linter.unusedSectionVars false`
warning: AlgebraicJacobian/Cohomology/AcyclicResolution.lean:504:0: automatically included section variable(s) unused in theorem `CategoryTheory.InjectiveResolution.horseshoeβ_snd`:
  [HasInjectiveResolutions 𝒜]
consider restructuring your `variable` declarations so that the variables are not in scope or explicitly omit them:
  omit [HasInjectiveResolutions 𝒜] in theorem ...

Note: This linter can be disabled with `set_option linter.unusedSectionVars false`
warning: AlgebraicJacobian/Cohomology/AcyclicResolution.lean:525:8: automatically included section variable(s) unused in theorem `_private.AlgebraicJacobian.Cohomology.AcyclicResolution.0.CategoryTheory.InjectiveResolution.single₀_hom_ext`:
  [HasInjectiveResolutions 𝒜]
consider restructuring your `variable` declarations so that the variables are not in scope or explicitly omit them:
  omit [HasInjectiveResolutions 𝒜] in theorem ...

Note: This linter can be disabled with `set_option linter.unusedSectionVars false`
warning: AlgebraicJacobian/Cohomology/AcyclicResolution.lean:537:6: The `show` tactic should only be used to indicate intermediate goal states for readability.
However, this tactic invocation changed the goal. Please use `change` instead for these purposes.

Note: This linter can be disabled with `set_option linter.style.show false`
warning: AlgebraicJacobian/Cohomology/AcyclicResolution.lean:548:0: automatically included section variable(s) unused in theorem `CategoryTheory.InjectiveResolution.mono_horseshoeβ`:
  [HasInjectiveResolutions 𝒜]
consider restructuring your `variable` declarations so that the variables are not in scope or explicitly omit them:
  omit [HasInjectiveResolutions 𝒜] in theorem ...

Note: This linter can be disabled with `set_option linter.unusedSectionVars false`
⚠ [8331/8336] Replayed AlgebraicJacobian.Cohomology.OpenImmersionPushforward
warning: AlgebraicJacobian/Cohomology/OpenImmersionPushforward.lean:256:100: This line exceeds the 100 character limit, please shorten it!

Note: This linter can be disabled with `set_option linter.style.longLine false`
warning: AlgebraicJacobian/Cohomology/OpenImmersionPushforward.lean:258:100: This line exceeds the 100 character limit, please shorten it!

Note: This linter can be disabled with `set_option linter.style.longLine false`
warning: AlgebraicJacobian/Cohomology/OpenImmersionPushforward.lean:353:100: This line exceeds the 100 character limit, please shorten it!

Note: This linter can be disabled with `set_option linter.style.longLine false`
warning: AlgebraicJacobian/Cohomology/OpenImmersionPushforward.lean:386:100: This line exceeds the 100 character limit, please shorten it!

Note: This linter can be disabled with `set_option linter.style.longLine false`
warning: AlgebraicJacobian/Cohomology/OpenImmersionPushforward.lean:414:0: Please, add a comment explaining the need for modifying the maxHeartbeat limit, as in
set_option synthInstance.maxHeartbeats 1000000 in
-- reason for change
...

Note: This linter can be disabled with `set_option linter.style.maxHeartbeats false`
warning: AlgebraicJacobian/Cohomology/OpenImmersionPushforward.lean:493:0: Please, add a comment explaining the need for modifying the maxHeartbeat limit, as in
set_option maxHeartbeats 4000000 in
-- reason for change
...

Note: This linter can be disabled with `set_option linter.style.maxHeartbeats false`
warning: AlgebraicJacobian/Cohomology/OpenImmersionPushforward.lean:616:2: 'simp [Scheme.Hom.toRingCatSheafHom]
  -- The two structure-sheaf comparisons `φ.inv.c` and `φ.hom.c` compose to the restriction of
  -- `𝒪_X` along the open identity `φ.hom⁻¹ᵁ φ.inv⁻¹ᵁ W = W` (`comp_app` + `congr_app φ.hom_inv_id`).' is a flexible tactic modifying '⊢'. Try 'simp?' and use the suggested 'simp only [...]'. Alternatively, use `suffices` to explicitly state the simplified form.

Note: This linter can be disabled with `set_option linter.flexible false`
info: AlgebraicJacobian/Cohomology/OpenImmersionPushforward.lean:616:2: Try this:
  [apply] simp only [Equivalence.symm_inverse, Equivalence.symm_functor, Functor.comp_obj, Functor.op_obj,
    Functor.sheafPushforwardContinuous_obj_obj_obj, sheafCompose_obj_obj, Over.forget_obj,
    CommRingCat.forgetToRingCat_obj, Functor.id_obj, op_unop, Equivalence.toAdjunction_counit, Equivalence.symm_counit,
    Functor.whiskerRight_app, NatTrans.op_app, Functor.sheafPushforwardContinuous_obj_obj_map, Quiver.Hom.unop_op,
    Over.forget_map, Functor.comp_map, CommRingCat.forgetToRingCat_map_hom, ObjectProperty.ι_obj, Iso.symm_inv,
    NatTrans.comp_app, Over.post_obj, Over.mk_left, Functor.sheafPushforwardContinuous_map_hom_app,
    Functor.whiskerLeft_app, RingCat.hom_comp]
info: AlgebraicJacobian/Cohomology/OpenImmersionPushforward.lean:633:2: 'rw [← RingCat.hom_comp]' uses '⊢'!
warning: AlgebraicJacobian/Cohomology/OpenImmersionPushforward.lean:616:2: 'simp [Scheme.Hom.toRingCatSheafHom]
  -- The two structure-sheaf comparisons `φ.inv.c` and `φ.hom.c` compose to the restriction of
  -- `𝒪_X` along the open identity `φ.hom⁻¹ᵁ φ.inv⁻¹ᵁ W = W` (`comp_app` + `congr_app φ.hom_inv_id`).' is a flexible tactic modifying '⊢'. Try 'simp?' and use the suggested 'simp only [...]'. Alternatively, use `suffices` to explicitly state the simplified form.

Note: This linter can be disabled with `set_option linter.flexible false`
info: AlgebraicJacobian/Cohomology/OpenImmersionPushforward.lean:616:2: Try this:
  [apply] simp only [Equivalence.symm_inverse, Equivalence.symm_functor, Functor.comp_obj, Functor.op_obj,
    Functor.sheafPushforwardContinuous_obj_obj_obj, sheafCompose_obj_obj, Over.forget_obj,
    CommRingCat.forgetToRingCat_obj, Functor.id_obj, op_unop, Equivalence.toAdjunction_counit, Equivalence.symm_counit,
    Functor.whiskerRight_app, NatTrans.op_app, Functor.sheafPushforwardContinuous_obj_obj_map, Quiver.Hom.unop_op,
    Over.forget_map, Functor.comp_map, CommRingCat.forgetToRingCat_map_hom, ObjectProperty.ι_obj, Iso.symm_inv,
    NatTrans.comp_app, Over.post_obj, Over.mk_left, Functor.sheafPushforwardContinuous_map_hom_app,
    Functor.whiskerLeft_app, RingCat.hom_comp]
info: AlgebraicJacobian/Cohomology/OpenImmersionPushforward.lean:634:2: 'erw [key2]' uses '⊢'!
warning: AlgebraicJacobian/Cohomology/OpenImmersionPushforward.lean:618:100: This line exceeds the 100 character limit, please shorten it!

Note: This linter can be disabled with `set_option linter.style.longLine false`
warning: AlgebraicJacobian/Cohomology/OpenImmersionPushforward.lean:622:4: The `show` tactic should only be used to indicate intermediate goal states for readability.
However, this tactic invocation changed the goal. Please use `change` instead for these purposes.

Note: This linter can be disabled with `set_option linter.style.show false`
warning: AlgebraicJacobian/Cohomology/OpenImmersionPushforward.lean:648:2: 'simp [Scheme.Hom.toRingCatSheafHom]' is a flexible tactic modifying '⊢'. Try 'simp?' and use the suggested 'simp only [...]'. Alternatively, use `suffices` to explicitly state the simplified form.

Note: This linter can be disabled with `set_option linter.flexible false`
info: AlgebraicJacobian/Cohomology/OpenImmersionPushforward.lean:648:2: Try this:
  [apply] simp only [Functor.comp_obj, Functor.op_obj, Functor.id_obj, op_unop,
    Functor.sheafPushforwardContinuous_obj_obj_obj, sheafCompose_obj_obj, Over.forget_obj,
    CommRingCat.forgetToRingCat_obj, Iso.symm_inv, Equivalence.symm_functor, ObjectProperty.ι_obj,
    Equivalence.symm_inverse, Equivalence.toAdjunction_unit, Equivalence.symm_unit, NatTrans.comp_app,
    Functor.sheafPushforwardContinuous_map_hom_app, Over.post_obj, Over.mk_left, Functor.whiskerLeft_app,
    Functor.whiskerRight_app, NatTrans.op_app, Functor.sheafPushforwardContinuous_obj_obj_map, Quiver.Hom.unop_op,
    Over.forget_map, Functor.comp_map, RingCat.hom_comp, NatTrans.id_app, RingCat.hom_id]
info: AlgebraicJacobian/Cohomology/OpenImmersionPushforward.lean:669:2: 'rw [← RingCat.hom_comp, ← RingCat.hom_comp]' uses '⊢'!
warning: AlgebraicJacobian/Cohomology/OpenImmersionPushforward.lean:648:2: 'simp [Scheme.Hom.toRingCatSheafHom]' is a flexible tactic modifying '⊢'. Try 'simp?' and use the suggested 'simp only [...]'. Alternatively, use `suffices` to explicitly state the simplified form.

Note: This linter can be disabled with `set_option linter.flexible false`
info: AlgebraicJacobian/Cohomology/OpenImmersionPushforward.lean:648:2: Try this:
  [apply] simp only [Functor.comp_obj, Functor.op_obj, Functor.id_obj, op_unop,
    Functor.sheafPushforwardContinuous_obj_obj_obj, sheafCompose_obj_obj, Over.forget_obj,
    CommRingCat.forgetToRingCat_obj, Iso.symm_inv, Equivalence.symm_functor, ObjectProperty.ι_obj,
    Equivalence.symm_inverse, Equivalence.toAdjunction_unit, Equivalence.symm_unit, NatTrans.comp_app,
    Functor.sheafPushforwardContinuous_map_hom_app, Over.post_obj, Over.mk_left, Functor.whiskerLeft_app,
    Functor.whiskerRight_app, NatTrans.op_app, Functor.sheafPushforwardContinuous_obj_obj_map, Quiver.Hom.unop_op,
    Over.forget_map, Functor.comp_map, RingCat.hom_comp, NatTrans.id_app, RingCat.hom_id]
info: AlgebraicJacobian/Cohomology/OpenImmersionPushforward.lean:670:2: 'erw [key2]' uses '⊢'!
warning: AlgebraicJacobian/Cohomology/OpenImmersionPushforward.lean:692:100: This line exceeds the 100 character limit, please shorten it!

Note: This linter can be disabled with `set_option linter.style.longLine false`
warning: AlgebraicJacobian/Cohomology/OpenImmersionPushforward.lean:705:0: Please, add a comment explaining the need for modifying the maxHeartbeat limit, as in
set_option maxHeartbeats 4000000 in
-- reason for change
...

Note: This linter can be disabled with `set_option linter.style.maxHeartbeats false`
warning: AlgebraicJacobian/Cohomology/OpenImmersionPushforward.lean:723:100: This line exceeds the 100 character limit, please shorten it!

Note: This linter can be disabled with `set_option linter.style.longLine false`
warning: AlgebraicJacobian/Cohomology/OpenImmersionPushforward.lean:852:100: This line exceeds the 100 character limit, please shorten it!

Note: This linter can be disabled with `set_option linter.style.longLine false`
warning: AlgebraicJacobian/Cohomology/OpenImmersionPushforward.lean:853:100: This line exceeds the 100 character limit, please shorten it!

Note: This linter can be disabled with `set_option linter.style.longLine false`
✖ [8332/8336] Building AlgebraicJacobian.Cohomology.CechSectionIdentificationLeg (3231s)
trace: .> LEAN_PATH=/home/archon/proj/Cech-Cohomology/.lake/packages/batteries/.lake/build/lib/lean:/home/archon/proj/Cech-Cohomology/.lake/packages/Qq/.lake/build/lib/lean:/home/archon/proj/Cech-Cohomology/.lake/packages/aesop/.lake/build/lib/lean:/home/archon/proj/Cech-Cohomology/.lake/packages/proofwidgets/.lake/build/lib/lean:/home/archon/proj/Cech-Cohomology/.lake/packages/importGraph/.lake/build/lib/lean:/home/archon/proj/Cech-Cohomology/.lake/packages/LeanSearchClient/.lake/build/lib/lean:/home/archon/proj/Cech-Cohomology/.lake/packages/plausible/.lake/build/lib/lean:/home/archon/proj/Cech-Cohomology/.lake/packages/MD4Lean/.lake/build/lib/lean:/home/archon/proj/Cech-Cohomology/.lake/packages/BibtexQuery/.lake/build/lib/lean:/home/archon/proj/Cech-Cohomology/.lake/packages/UnicodeBasic/.lake/build/lib/lean:/home/archon/proj/Cech-Cohomology/.lake/packages/Cli/.lake/build/lib/lean:/home/archon/proj/Cech-Cohomology/.lake/packages/leansqlite/.lake/build/lib/lean:/home/archon/proj/Cech-Cohomology/.lake/packages/mathlib/.lake/build/lib/lean:/home/archon/proj/Cech-Cohomology/.lake/packages/checkdecls/.lake/build/lib/lean:/home/archon/proj/Cech-Cohomology/.lake/packages/doc-gen4/.lake/build/lib/lean:/home/archon/proj/Cech-Cohomology/.lake/build/lib/lean /home/archon/.elan/toolchains/leanprover--lean4---v4.30.0-rc2/bin/lean /home/archon/proj/Cech-Cohomology/AlgebraicJacobian/Cohomology/CechSectionIdentificationLeg.lean -o /home/archon/proj/Cech-Cohomology/.lake/build/lib/lean/AlgebraicJacobian/Cohomology/CechSectionIdentificationLeg.olean -i /home/archon/proj/Cech-Cohomology/.lake/build/lib/lean/AlgebraicJacobian/Cohomology/CechSectionIdentificationLeg.ilean -c /home/archon/proj/Cech-Cohomology/.lake/build/ir/AlgebraicJacobian/Cohomology/CechSectionIdentificationLeg.c --setup /home/archon/proj/Cech-Cohomology/.lake/build/ir/AlgebraicJacobian/Cohomology/CechSectionIdentificationLeg.setup.json --json
warning: AlgebraicJacobian/Cohomology/CechSectionIdentificationLeg.lean:109:0: Please, add a comment explaining the need for modifying the maxHeartbeat limit, as in
set_option maxHeartbeats 1600000 in
-- reason for change
...

Note: This linter can be disabled with `set_option linter.style.maxHeartbeats false`
warning: AlgebraicJacobian/Cohomology/CechSectionIdentificationLeg.lean:138:4: The `show` tactic should only be used to indicate intermediate goal states for readability.
However, this tactic invocation changed the goal. Please use `change` instead for these purposes.

Note: This linter can be disabled with `set_option linter.style.show false`
warning: AlgebraicJacobian/Cohomology/CechSectionIdentificationLeg.lean:203:4: This simp argument is unused:
  Limits.Sigma.ι_comp_map'_assoc

Hint: Omit it from the simp argument list.
  simp only [coproduct_fibrePower_reindex, Iso.trans_inv, Sigma.whiskerEquiv, L̵i̵m̵i̵t̵s̵.̵S̵i̵g̵m̵a̵.̵ι̵_̵c̵o̵m̵p̵_̵m̵a̵p̵'̵_̵a̵s̵s̵o̵c̵,̵ ̵Iso.refl_hom,
  ̲  ̲ ̲ ̲Category.comp_id, Category.assoc, sigmaSigmaIso_inv, Equiv.symm_trans_apply]

Note: This linter can be disabled with `set_option linter.unusedSimpArgs false`
warning: AlgebraicJacobian/Cohomology/CechSectionIdentificationLeg.lean:203:68: This simp argument is unused:
  Category.assoc

Hint: Omit it from the simp argument list.
  simp only [coproduct_fibrePower_reindex, Iso.trans_inv, Sigma.whiskerEquiv,
      Limits.Sigma.ι_comp_map'_assoc, Iso.refl_hom, Category.comp_id, C̵a̵t̵e̵g̵o̵r̵y̵.̵a̵ss̵o̵c̵,̵
  ̵ ̵ ̵ ̵ ̵s̵igmaSigmaIso_inv,
  ̲  ̲ ̲ ̲Equiv.symm_trans_apply]

Note: This linter can be disabled with `set_option linter.unusedSimpArgs false`
warning: AlgebraicJacobian/Cohomology/CechSectionIdentificationLeg.lean:246:8: automatically included section variable(s) unused in theorem `_private.AlgebraicJacobian.Cohomology.CechSectionIdentificationLeg.0.AlgebraicGeometry.overSigmaHomEq`:
  [HasPullbacks C]
consider restructuring your `variable` declarations so that the variables are not in scope or explicitly omit them:
  omit [HasPullbacks C] in theorem ...

Note: This linter can be disabled with `set_option linter.unusedSectionVars false`
warning: AlgebraicJacobian/Cohomology/CechSectionIdentificationLeg.lean:256:2: The `show` tactic should only be used to indicate intermediate goal states for readability.
However, this tactic invocation changed the goal. Please use `change` instead for these purposes.

Note: This linter can be disabled with `set_option linter.style.show false`
warning: AlgebraicJacobian/Cohomology/CechSectionIdentificationLeg.lean:308:52: This simp argument is unused:
  pullback.lift_snd_assoc

Hint: Omit it from the simp argument list.
  simp only [Category.assoc, pullback.lift_snd, p̵u̵l̵l̵b̵a̵c̵k̵.̵l̵i̵f̵t̵_̵s̵n̵d̵_̵a̵s̵s̵o̵c̵,̵
  ̵ ̵ ̵ ̵ ̵ ̵ ̵ ̵ ̵Category.comp_id]

Note: This linter can be disabled with `set_option linter.unusedSimpArgs false`
warning: AlgebraicJacobian/Cohomology/CechSectionIdentificationLeg.lean:397:8: automatically included section variable(s) unused in theorem `_private.AlgebraicJacobian.Cohomology.CechSectionIdentificationLeg.0.AlgebraicGeometry.ι_overSigmaDescIso_hom`:
  [HasPullbacks C]
  [FinitaryPreExtensive C]
  [HasFiniteWidePullbacks C]
  [HasFiniteProducts (Over S)]
  [HasFiniteCoproducts (Over S)]
consider restructuring your `variable` declarations so that the variables are not in scope or explicitly omit them:
  omit [HasPullbacks
  C] [FinitaryPreExtensive
  C] [HasFiniteWidePullbacks C] [HasFiniteProducts (Over S)] [HasFiniteCoproducts (Over S)] in theorem ...

Note: This linter can be disabled with `set_option linter.unusedSectionVars false`
warning: AlgebraicJacobian/Cohomology/CechSectionIdentificationLeg.lean:404:8: automatically included section variable(s) unused in theorem `_private.AlgebraicJacobian.Cohomology.CechSectionIdentificationLeg.0.AlgebraicGeometry.wpEqProd_inv_overWPproj`:
  [HasPullbacks C]
  [FinitaryPreExtensive C]
  [HasFiniteCoproducts (Over S)]
consider restructuring your `variable` declarations so that the variables are not in scope or explicitly omit them:
  omit [HasPullbacks C] [FinitaryPreExtensive C] [HasFiniteCoproducts (Over S)] in theorem ...

Note: This linter can be disabled with `set_option linter.unusedSectionVars false`
warning: AlgebraicJacobian/Cohomology/CechSectionIdentificationLeg.lean:410:8: automatically included section variable(s) unused in theorem `_private.AlgebraicJacobian.Cohomology.CechSectionIdentificationLeg.0.AlgebraicGeometry.wpEqProd_hom_π`:
  [HasPullbacks C]
  [FinitaryPreExtensive C]
  [HasFiniteCoproducts (Over S)]
consider restructuring your `variable` declarations so that the variables are not in scope or explicitly omit them:
  omit [HasPullbacks C] [FinitaryPreExtensive C] [HasFiniteCoproducts (Over S)] in theorem ...

Note: This linter can be disabled with `set_option linter.unusedSectionVars false`
warning: AlgebraicJacobian/Cohomology/CechSectionIdentificationLeg.lean:477:100: This line exceeds the 100 character limit, please shorten it!

Note: This linter can be disabled with `set_option linter.style.longLine false`
warning: AlgebraicJacobian/Cohomology/CechSectionIdentificationLeg.lean:489:100: This line exceeds the 100 character limit, please shorten it!

Note: This linter can be disabled with `set_option linter.style.longLine false`
warning: AlgebraicJacobian/Cohomology/CechSectionIdentificationLeg.lean:634:15: unused variable `σ`

Note: This linter can be disabled with `set_option linter.unusedVariables false`
warning: AlgebraicJacobian/Cohomology/CechSectionIdentificationLeg.lean:622:0: Please, add a comment explaining the need for modifying the maxHeartbeat limit, as in
set_option maxHeartbeats 1600000 in
-- reason for change
...

Note: This linter can be disabled with `set_option linter.style.maxHeartbeats false`
warning: AlgebraicJacobian/Cohomology/CechSectionIdentificationLeg.lean:728:51: This simp argument is unused:
  Limits.Sigma.ι_comp_map'_assoc

Hint: Omit it from the simp argument list.
  simp only [Sigma.whiskerEquiv, Iso.refl_inv, L̵i̵m̵i̵t̵s̵.̵S̵i̵g̵m̵a̵.̵ι̵_̵c̵o̵m̵p̵_̵m̵a̵p̵'̵_̵a̵s̵s̵o̵c̵,̵Category.id_comp, Limits.Sigma.ι_desc,
  ̲  ̲ ̲ ̲ ̲ ̲ ̲ ̲Over.mk_hom]

Note: This linter can be disabled with `set_option linter.unusedSimpArgs false`
warning: AlgebraicJacobian/Cohomology/CechSectionIdentificationLeg.lean:729:8: This simp argument is unused:
  Category.id_comp

Hint: Omit it from the simp argument list.
  simp only [Sigma.whiskerEquiv, Iso.refl_inv, Limits.Sigma.ι_comp_map'_assoc,
          C̵a̵t̵e̵g̵o̵r̵y̵.̵i̵d̵_̵c̵o̵m̵p̵,̵ ̵Limits.Sigma.ι_desc, Over.mk_hom]

Note: This linter can be disabled with `set_option linter.unusedSimpArgs false`
warning: AlgebraicJacobian/Cohomology/CechSectionIdentificationLeg.lean:733:0: Please, add a comment explaining the need for modifying the maxHeartbeat limit, as in
set_option maxHeartbeats 3200000 in
-- reason for change
...

Note: This linter can be disabled with `set_option linter.style.maxHeartbeats false`
warning: AlgebraicJacobian/Cohomology/CechSectionIdentificationLeg.lean:903:0: Please, add a comment explaining the need for modifying the maxHeartbeat limit, as in
set_option maxHeartbeats 1600000 in
-- reason for change
...

Note: This linter can be disabled with `set_option linter.style.maxHeartbeats false`
warning: AlgebraicJacobian/Cohomology/CechSectionIdentificationLeg.lean:970:0: Please, add a comment explaining the need for modifying the maxHeartbeat limit, as in
set_option maxHeartbeats 800000 in
-- reason for change
...

Note: This linter can be disabled with `set_option linter.style.maxHeartbeats false`
warning: AlgebraicJacobian/Cohomology/CechSectionIdentificationLeg.lean:1003:0: Please, add a comment explaining the need for modifying the maxHeartbeat limit, as in
set_option maxHeartbeats 1600000 in
-- reason for change
...

Note: This linter can be disabled with `set_option linter.style.maxHeartbeats false`
warning: AlgebraicJacobian/Cohomology/CechSectionIdentificationLeg.lean:1047:0: Please, add a comment explaining the need for modifying the maxHeartbeat limit, as in
set_option maxHeartbeats 1600000 in
-- reason for change
...

Note: This linter can be disabled with `set_option linter.style.maxHeartbeats false`
warning: AlgebraicJacobian/Cohomology/CechSectionIdentificationLeg.lean:1073:0: Please, add a comment explaining the need for modifying the maxHeartbeat limit, as in
set_option maxHeartbeats 1600000 in
-- reason for change
...

Note: This linter can be disabled with `set_option linter.style.maxHeartbeats false`
warning: AlgebraicJacobian/Cohomology/CechSectionIdentificationLeg.lean:1165:0: Please, add a comment explaining the need for modifying the maxHeartbeat limit, as in
set_option maxHeartbeats 1600000 in
-- reason for change
...

Note: This linter can be disabled with `set_option linter.style.maxHeartbeats false`
warning: AlgebraicJacobian/Cohomology/CechSectionIdentificationLeg.lean:1272:0: Please, add a comment explaining the need for modifying the maxHeartbeat limit, as in
set_option maxHeartbeats 1600000 in
-- reason for change
...

Note: This linter can be disabled with `set_option linter.style.maxHeartbeats false`
warning: AlgebraicJacobian/Cohomology/CechSectionIdentificationLeg.lean:1387:2: The `show` tactic should only be used to indicate intermediate goal states for readability.
However, this tactic invocation changed the goal. Please use `change` instead for these purposes.

Note: This linter can be disabled with `set_option linter.style.show false`
warning: AlgebraicJacobian/Cohomology/CechSectionIdentificationLeg.lean:1393:0: Please, add a comment explaining the need for modifying the maxHeartbeat limit, as in
set_option maxHeartbeats 1600000 in
-- reason for change
...

Note: This linter can be disabled with `set_option linter.style.maxHeartbeats false`
error: AlgebraicJacobian/Cohomology/CechSectionIdentificationLeg.lean:1416:6: (kernel) deterministic timeout
error: AlgebraicJacobian/Cohomology/CechSectionIdentificationLeg.lean:1544:6: (kernel) unknown constant 'AlgebraicGeometry.pushPull_interLegHom_sections'
warning: AlgebraicJacobian/Cohomology/CechSectionIdentificationLeg.lean:1611:0: Please, add a comment explaining the need for modifying the maxHeartbeat limit, as in
set_option maxHeartbeats 6400000 in
-- reason for change
...

Note: This linter can be disabled with `set_option linter.style.maxHeartbeats false`
warning: AlgebraicJacobian/Cohomology/CechSectionIdentificationLeg.lean:1646:0: Please, add a comment explaining the need for modifying the maxHeartbeat limit, as in
set_option maxHeartbeats 6400000 in
-- reason for change
...

Note: This linter can be disabled with `set_option linter.style.maxHeartbeats false`
warning: AlgebraicJacobian/Cohomology/CechSectionIdentificationLeg.lean:1783:0: Please, add a comment explaining the need for modifying the maxHeartbeat limit, as in
set_option maxHeartbeats 1600000 in
-- reason for change
...

Note: This linter can be disabled with `set_option linter.style.maxHeartbeats false`
error: Lean exited with code 1
Some required targets logged failures:
- AlgebraicJacobian.Cohomology.CechSectionIdentificationLeg
error: build failed
