
   _            _                 
  /_\  _ __ ___| |__   ___  _ __  
 //_\\| '__/ __| '_ \ / _ \| '_ \ 
/  _  \ | | (__| | | | (_) | | | |
\_/ \_/_|  \___|_| |_|\___/|_| |_|

 v0.3.0    https://github.com/frenzymath/Archon  ──────────────────────────────────────────────────────────────────────

┌───────────┬──────────────────────────────────────┐
│  Project  │  /home/archon/proj/Quot-Foundations  │
│  Port     │  8086                                │
│  Mode     │  production                          │
└───────────┴──────────────────────────────────────┘
[ARCHON] ✓ Node.js v24.15.0
[ARCHON] ✓ Client up to date
Archon UI → http://127.0.0.1:8086  (project: /home/archon/proj/Quot-Foundations)

Archon Dashboard ──────────────────────────────────────────────────────────────────────────────────────────────────────
┌─────────────┬───────────────────────────────────────────────────────────────────────────────────────────────────┐
│  Dashboard  │  http://127.0.0.1:8086                                                                            │
│  Overview   │  http://127.0.0.1:8086/                                                                           │
│  Logs       │  http://127.0.0.1:8086/logs                                                                       │
│  Journal    │  http://127.0.0.1:8086/journal                                                                    │
│  Project    │  /home/archon/proj/Quot-Foundations                                                               │
│  PID        │  2234913                                                                                          │
│  PID file   │  /home/archon/Archon/archon-multilane-private/src/archon/ui/.archon-ui/ed1cd93e45812d94-8086.pid  │
└─────────────┴───────────────────────────────────────────────────────────────────────────────────────────────────┘
[ARCHON] › Stop:  kill 2234913  (or: kill $(cat 
/home/archon/Archon/archon-multilane-private/src/archon/ui/.archon-ui/ed1cd93e45812d94-8086.pid))

   _            _                 
  /_\  _ __ ___| |__   ___  _ __  
 //_\\| '__/ __| '_ \ / _ \| '_ \ 
/  _  \ | | (__| | | | (_) | | | |
\_/ \_/_|  \___|_| |_|\___/|_| |_|

 v0.3.0    https://github.com/frenzymath/Archon  ───────────────────────────────

┌───────────┬──────────────────────────────────────┐
│  Project  │  /home/archon/proj/Quot-Foundations  │
│  Port     │  8085                                │
│  Mode     │  production                          │
└───────────┴──────────────────────────────────────┘
[ARCHON] ✓ Node.js v24.15.0
[ARCHON] ✓ Client up to date
Archon UI → http://127.0.0.1:8085  (project: /home/archon/proj/Quot-Foundations)

Archon Dashboard ───────────────────────────────────────────────────────────────
┌─────────────┬────────────────────────────────────────────────────────────────┐
│  Dashboard  │  http://127.0.0.1:8085                                         │
│  Overview   │  http://127.0.0.1:8085/                                        │
│  Logs       │  http://127.0.0.1:8085/logs                                    │
│  Journal    │  http://127.0.0.1:8085/journal                                 │
│  Project    │  /home/archon/proj/Quot-Foundations                            │
│  PID        │  2391075                                                       │
│  PID file   │  /home/archon/Archon/archon-multilane-private/src/archon/ui/…  │
└─────────────┴────────────────────────────────────────────────────────────────┘
[ARCHON] › Stop:  kill 2391075  (or: kill $(cat 
/home/archon/Archon/archon-multilane-private/src/archon/ui/.archon-ui/ed1cd93e45
812d94-8085.pid))

   _            _                 
  /_\  _ __ ___| |__   ___  _ __  
 //_\\| '__/ __| '_ \ / _ \| '_ \ 
/  _  \ | | (__| | | | (_) | | | |
\_/ \_/_|  \___|_| |_|\___/|_| |_|

 v0.3.0    https://github.com/frenzymath/Archon  ───────────────────────────────

┌───────────┬──────────────────────────────────────┐
│  Project  │  /home/archon/proj/Quot-Foundations  │
│  Port     │  8088                                │
│  Mode     │  production                          │
└───────────┴──────────────────────────────────────┘
[ARCHON] ✓ Node.js v24.15.0
[ARCHON] ✓ Client up to date
Archon UI → http://127.0.0.1:8088  (project: /home/archon/proj/Quot-Foundations)

Archon Dashboard ───────────────────────────────────────────────────────────────
┌─────────────┬────────────────────────────────────────────────────────────────┐
│  Dashboard  │  http://127.0.0.1:8088                                         │
│  Overview   │  http://127.0.0.1:8088/                                        │
│  Logs       │  http://127.0.0.1:8088/logs                                    │
│  Journal    │  http://127.0.0.1:8088/journal                                 │
│  Project    │  /home/archon/proj/Quot-Foundations                            │
│  PID        │  2710866                                                       │
│  PID file   │  /home/archon/Archon/archon-multilane-private/src/archon/ui/…  │
└─────────────┴────────────────────────────────────────────────────────────────┘
[ARCHON] › Stop:  kill 2710866  (or: kill $(cat 
/home/archon/Archon/archon-multilane-private/src/archon/ui/.archon-ui/ed1cd93e45
812d94-8088.pid))

[archon-ui] Received SIGTERM, closing server…
[ARCHON] Dashboard stopped

[archon-ui] Received SIGTERM, closing server…
[ARCHON] Dashboard stopped

   _            _                 
  /_\  _ __ ___| |__   ___  _ __  
 //_\\| '__/ __| '_ \ / _ \| '_ \ 
/  _  \ | | (__| | | | (_) | | | |
\_/ \_/_|  \___|_| |_|\___/|_| |_|

 v0.3.0    https://github.com/frenzymath/Archon  ─────────────────────────────────────────────────────────────────────

┌───────────┬──────────────────────────────────────┐
│  Project  │  /home/archon/proj/Quot-Foundations  │
│  Port     │  8086                                │
│  Mode     │  production                          │
└───────────┴──────────────────────────────────────┘
[ARCHON] ✓ Node.js v24.15.0
[ARCHON] ✓ Client up to date
Archon UI → http://127.0.0.1:8086  (project: /home/archon/proj/Quot-Foundations)

Archon Dashboard ─────────────────────────────────────────────────────────────────────────────────────────────────────
┌─────────────┬───────────────────────────────────────────────────────────────────────────────────────────────────┐
│  Dashboard  │  http://127.0.0.1:8086                                                                            │
│  Overview   │  http://127.0.0.1:8086/                                                                           │
│  Logs       │  http://127.0.0.1:8086/logs                                                                       │
│  Journal    │  http://127.0.0.1:8086/journal                                                                    │
│  Project    │  /home/archon/proj/Quot-Foundations                                                               │
│  PID        │  2997666                                                                                          │
│  PID file   │  /home/archon/Archon/archon-multilane-private/src/archon/ui/.archon-ui/ed1cd93e45812d94-8086.pid  │
└─────────────┴───────────────────────────────────────────────────────────────────────────────────────────────────┘
[ARCHON] › Stop:  kill 2997666  (or: kill $(cat 
/home/archon/Archon/archon-multilane-private/src/archon/ui/.archon-ui/ed1cd93e45812d94-8086.pid))

[archon-ui] Received SIGTERM, closing server…
[archon-ui] Shutdown watchdog fired — forcing exit.
[ARCHON] Dashboard stopped

   _            _                 
  /_\  _ __ ___| |__   ___  _ __  
 //_\\| '__/ __| '_ \ / _ \| '_ \ 
/  _  \ | | (__| | | | (_) | | | |
\_/ \_/_|  \___|_| |_|\___/|_| |_|

 v0.3.0    https://github.com/frenzymath/Archon  ─────────────────────────────────────────────────────────────────────

┌───────────┬──────────────────────────────────────┐
│  Project  │  /home/archon/proj/Quot-Foundations  │
│  Port     │  8086                                │
│  Mode     │  production                          │
└───────────┴──────────────────────────────────────┘
[ARCHON] ✓ Node.js v24.15.0
[ARCHON] ✓ Client up to date
Archon UI → http://127.0.0.1:8086  (project: /home/archon/proj/Quot-Foundations)

Archon Dashboard ─────────────────────────────────────────────────────────────────────────────────────────────────────
┌─────────────┬───────────────────────────────────────────────────────────────────────────────────────────────────┐
│  Dashboard  │  http://127.0.0.1:8086                                                                            │
│  Overview   │  http://127.0.0.1:8086/                                                                           │
│  Logs       │  http://127.0.0.1:8086/logs                                                                       │
│  Journal    │  http://127.0.0.1:8086/journal                                                                    │
│  Project    │  /home/archon/proj/Quot-Foundations                                                               │
│  PID        │  3080032                                                                                          │
│  PID file   │  /home/archon/Archon/archon-multilane-private/src/archon/ui/.archon-ui/ed1cd93e45812d94-8086.pid  │
└─────────────┴───────────────────────────────────────────────────────────────────────────────────────────────────┘
[ARCHON] › Stop:  kill 3080032  (or: kill $(cat 
/home/archon/Archon/archon-multilane-private/src/archon/ui/.archon-ui/ed1cd93e45812d94-8086.pid))

[archon-ui] Received SIGTERM, closing server…
[ARCHON] Dashboard stopped

   _            _                 
  /_\  _ __ ___| |__   ___  _ __  
 //_\\| '__/ __| '_ \ / _ \| '_ \ 
/  _  \ | | (__| | | | (_) | | | |
\_/ \_/_|  \___|_| |_|\___/|_| |_|

 v0.3.0    https://github.com/frenzymath/Archon  ─────────────────────────────────────────────────────────────────────

┌───────────┬──────────────────────────────────────┐
│  Project  │  /home/archon/proj/Quot-Foundations  │
│  Port     │  8083                                │
│  Mode     │  production                          │
└───────────┴──────────────────────────────────────┘
[ARCHON] ✓ Node.js v24.15.0
[ARCHON] ✓ Client up to date
Archon UI → http://127.0.0.1:8083  (project: /home/archon/proj/Quot-Foundations)

Archon Dashboard ─────────────────────────────────────────────────────────────────────────────────────────────────────
┌─────────────┬───────────────────────────────────────────────────────────────────────────────────────────────────┐
│  Dashboard  │  http://127.0.0.1:8083                                                                            │
│  Overview   │  http://127.0.0.1:8083/                                                                           │
│  Logs       │  http://127.0.0.1:8083/logs                                                                       │
│  Journal    │  http://127.0.0.1:8083/journal                                                                    │
│  Project    │  /home/archon/proj/Quot-Foundations                                                               │
│  PID        │  94634                                                                                            │
│  PID file   │  /home/archon/Archon/archon-multilane-private/src/archon/ui/.archon-ui/ed1cd93e45812d94-8083.pid  │
└─────────────┴───────────────────────────────────────────────────────────────────────────────────────────────────┘
[ARCHON] › Stop:  kill 94634  (or: kill $(cat 
/home/archon/Archon/archon-multilane-private/src/archon/ui/.archon-ui/ed1cd93e45812d94-8083.pid))

   _            _                 
  /_\  _ __ ___| |__   ___  _ __  
 //_\\| '__/ __| '_ \ / _ \| '_ \ 
/  _  \ | | (__| | | | (_) | | | |
\_/ \_/_|  \___|_| |_|\___/|_| |_|

 v0.3.0    https://github.com/frenzymath/Archon  ───────────────────────────────

┌───────────┬──────────────────────────────────────┐
│  Project  │  /home/archon/proj/Quot-Foundations  │
│  Port     │  8088                                │
│  Mode     │  production                          │
└───────────┴──────────────────────────────────────┘
[ARCHON] ✓ Node.js v24.15.0
[ARCHON] ✓ Client up to date
Archon UI → http://127.0.0.1:8088  (project: /home/archon/proj/Quot-Foundations)

Archon Dashboard ───────────────────────────────────────────────────────────────
┌─────────────┬────────────────────────────────────────────────────────────────┐
│  Dashboard  │  http://127.0.0.1:8088                                         │
│  Overview   │  http://127.0.0.1:8088/                                        │
│  Logs       │  http://127.0.0.1:8088/logs                                    │
│  Journal    │  http://127.0.0.1:8088/journal                                 │
│  Project    │  /home/archon/proj/Quot-Foundations                            │
│  PID        │  167486                                                        │
│  PID file   │  /home/archon/Archon/archon-multilane-private/src/archon/ui/…  │
└─────────────┴────────────────────────────────────────────────────────────────┘
[ARCHON] › Stop:  kill 167486  (or: kill $(cat 
/home/archon/Archon/archon-multilane-private/src/archon/ui/.archon-ui/ed1cd93e45
812d94-8088.pid))

[archon-ui] Received SIGTERM, closing server…
[ARCHON] Dashboard stopped

   _            _                 
  /_\  _ __ ___| |__   ___  _ __  
 //_\\| '__/ __| '_ \ / _ \| '_ \ 
/  _  \ | | (__| | | | (_) | | | |
\_/ \_/_|  \___|_| |_|\___/|_| |_|

 v0.3.0    https://github.com/frenzymath/Archon  ───────────────────────────────

┌───────────┬──────────────────────────────────────┐
│  Project  │  /home/archon/proj/Quot-Foundations  │
│  Port     │  8088                                │
│  Mode     │  production                          │
└───────────┴──────────────────────────────────────┘
[ARCHON] ✓ Node.js v24.15.0
[ARCHON] ✓ Client up to date
Archon UI → http://127.0.0.1:8088  (project: /home/archon/proj/Quot-Foundations)

Archon Dashboard ───────────────────────────────────────────────────────────────
┌─────────────┬────────────────────────────────────────────────────────────────┐
│  Dashboard  │  http://127.0.0.1:8088                                         │
│  Overview   │  http://127.0.0.1:8088/                                        │
│  Logs       │  http://127.0.0.1:8088/logs                                    │
│  Journal    │  http://127.0.0.1:8088/journal                                 │
│  Project    │  /home/archon/proj/Quot-Foundations                            │
│  PID        │  263669                                                        │
│  PID file   │  /home/archon/Archon/archon-multilane-private/src/archon/ui/…  │
└─────────────┴────────────────────────────────────────────────────────────────┘
[ARCHON] › Stop:  kill 263669  (or: kill $(cat 
/home/archon/Archon/archon-multilane-private/src/archon/ui/.archon-ui/ed1cd93e45
812d94-8088.pid))

[archon-ui] Received SIGTERM, closing server…
[ARCHON] Dashboard stopped

[archon-ui] Received SIGTERM, closing server…
[ARCHON] Dashboard stopped

   _            _                 
  /_\  _ __ ___| |__   ___  _ __  
 //_\\| '__/ __| '_ \ / _ \| '_ \ 
/  _  \ | | (__| | | | (_) | | | |
\_/ \_/_|  \___|_| |_|\___/|_| |_|

 v0.3.0    https://github.com/frenzymath/Archon  ─────────────────────────────────────────────────────────────────────

┌───────────┬──────────────────────────────────────┐
│  Project  │  /home/archon/proj/Quot-Foundations  │
│  Port     │  8086                                │
│  Mode     │  production                          │
└───────────┴──────────────────────────────────────┘
[ARCHON] ✓ Node.js v24.15.0
[ARCHON] ✓ Client up to date
Archon UI → http://127.0.0.1:8086  (project: /home/archon/proj/Quot-Foundations)

Archon Dashboard ─────────────────────────────────────────────────────────────────────────────────────────────────────
┌─────────────┬───────────────────────────────────────────────────────────────────────────────────────────────────┐
│  Dashboard  │  http://127.0.0.1:8086                                                                            │
│  Overview   │  http://127.0.0.1:8086/                                                                           │
│  Logs       │  http://127.0.0.1:8086/logs                                                                       │
│  Journal    │  http://127.0.0.1:8086/journal                                                                    │
│  Project    │  /home/archon/proj/Quot-Foundations                                                               │
│  PID        │  927232                                                                                           │
│  PID file   │  /home/archon/Archon/archon-multilane-private/src/archon/ui/.archon-ui/ed1cd93e45812d94-8086.pid  │
└─────────────┴───────────────────────────────────────────────────────────────────────────────────────────────────┘
[ARCHON] › Stop:  kill 927232  (or: kill $(cat 
/home/archon/Archon/archon-multilane-private/src/archon/ui/.archon-ui/ed1cd93e45812d94-8086.pid))

[archon-ui] Received SIGTERM, closing server…
[ARCHON] Dashboard stopped

   _            _                 
  /_\  _ __ ___| |__   ___  _ __  
 //_\\| '__/ __| '_ \ / _ \| '_ \ 
/  _  \ | | (__| | | | (_) | | | |
\_/ \_/_|  \___|_| |_|\___/|_| |_|

 v0.3.0    https://github.com/frenzymath/Archon  ────────────────────────────────────────────────────────────

┌───────────┬──────────────────────────────────────┐
│  Project  │  /home/archon/proj/Quot-Foundations  │
│  Port     │  8086                                │
│  Mode     │  production                          │
└───────────┴──────────────────────────────────────┘
[ARCHON] ✓ Node.js v24.15.0
[ARCHON] ✓ Client up to date
Archon UI → http://127.0.0.1:8086  (project: /home/archon/proj/Quot-Foundations)

Archon Dashboard ────────────────────────────────────────────────────────────────────────────────────────────
┌─────────────┬─────────────────────────────────────────────────────────────────────────────────────────────┐
│  Dashboard  │  http://127.0.0.1:8086                                                                      │
│  Overview   │  http://127.0.0.1:8086/                                                                     │
│  Logs       │  http://127.0.0.1:8086/logs                                                                 │
│  Journal    │  http://127.0.0.1:8086/journal                                                              │
│  Project    │  /home/archon/proj/Quot-Foundations                                                         │
│  PID        │  2451970                                                                                    │
│  PID file   │  /home/archon/Archon/archon-multilane-private/src/archon/ui/.archon-ui/ed1cd93e45812d94-8…  │
└─────────────┴─────────────────────────────────────────────────────────────────────────────────────────────┘
[ARCHON] › Stop:  kill 2451970  (or: kill $(cat 
/home/archon/Archon/archon-multilane-private/src/archon/ui/.archon-ui/ed1cd93e45812d94-8086.pid))

[archon-ui] Received SIGTERM, closing server…
[ARCHON] Dashboard stopped

   _            _                 
  /_\  _ __ ___| |__   ___  _ __  
 //_\\| '__/ __| '_ \ / _ \| '_ \ 
/  _  \ | | (__| | | | (_) | | | |
\_/ \_/_|  \___|_| |_|\___/|_| |_|

 v0.3.0    https://github.com/frenzymath/Archon  ───────────────────────────────────────────────────────────────────────────────────────────────────

┌───────────┬──────────────────────────────────────┐
│  Project  │  /home/archon/proj/Quot-Foundations  │
│  Port     │  8083                                │
│  Mode     │  production                          │
└───────────┴──────────────────────────────────────┘
[ARCHON] ✓ Node.js v24.15.0
[ARCHON] ✓ Client up to date
Archon UI → http://127.0.0.1:8083  (project: /home/archon/proj/Quot-Foundations)

Archon Dashboard ───────────────────────────────────────────────────────────────────────────────────────────────────────────────────────────────────
┌─────────────┬───────────────────────────────────────────────────────────────────────────────────────────────────┐
│  Dashboard  │  http://127.0.0.1:8083                                                                            │
│  Overview   │  http://127.0.0.1:8083/                                                                           │
│  Logs       │  http://127.0.0.1:8083/logs                                                                       │
│  Journal    │  http://127.0.0.1:8083/journal                                                                    │
│  Project    │  /home/archon/proj/Quot-Foundations                                                               │
│  PID        │  4017012                                                                                          │
│  PID file   │  /home/archon/Archon/archon-multilane-private/src/archon/ui/.archon-ui/ed1cd93e45812d94-8083.pid  │
└─────────────┴───────────────────────────────────────────────────────────────────────────────────────────────────┘
[ARCHON] › Stop:  kill 4017012  (or: kill $(cat /home/archon/Archon/archon-multilane-private/src/archon/ui/.archon-ui/ed1cd93e45812d94-8083.pid))

   _            _                 
  /_\  _ __ ___| |__   ___  _ __  
 //_\\| '__/ __| '_ \ / _ \| '_ \ 
/  _  \ | | (__| | | | (_) | | | |
\_/ \_/_|  \___|_| |_|\___/|_| |_|

 v0.3.0    https://github.com/frenzymath/Archon  ───────────────────────────────

┌───────────┬──────────────────────────────────────┐
│  Project  │  /home/archon/proj/Quot-Foundations  │
│  Port     │  8088                                │
│  Mode     │  production                          │
└───────────┴──────────────────────────────────────┘
[ARCHON] ✓ Node.js v24.15.0
[ARCHON] ✓ Client up to date
Archon UI → http://127.0.0.1:8088  (project: /home/archon/proj/Quot-Foundations)

Archon Dashboard ───────────────────────────────────────────────────────────────
┌─────────────┬────────────────────────────────────────────────────────────────┐
│  Dashboard  │  http://127.0.0.1:8088                                         │
│  Overview   │  http://127.0.0.1:8088/                                        │
│  Logs       │  http://127.0.0.1:8088/logs                                    │
│  Journal    │  http://127.0.0.1:8088/journal                                 │
│  Project    │  /home/archon/proj/Quot-Foundations                            │
│  PID        │  354801                                                        │
│  PID file   │  /home/archon/Archon/archon-multilane-private/src/archon/ui/…  │
└─────────────┴────────────────────────────────────────────────────────────────┘
[ARCHON] › Stop:  kill 354801  (or: kill $(cat 
/home/archon/Archon/archon-multilane-private/src/archon/ui/.archon-ui/ed1cd93e45
812d94-8088.pid))

[archon-ui] Received SIGTERM, closing server…
[ARCHON] Dashboard stopped

[archon-ui] Received SIGTERM, closing server…
[ARCHON] Dashboard stopped

   _            _                 
  /_\  _ __ ___| |__   ___  _ __  
 //_\\| '__/ __| '_ \ / _ \| '_ \ 
/  _  \ | | (__| | | | (_) | | | |
\_/ \_/_|  \___|_| |_|\___/|_| |_|

 v0.3.0    https://github.com/frenzymath/Archon  ────────────────────────────────────────────────────────────────

┌───────────┬──────────────────────────────────────┐
│  Project  │  /home/archon/proj/Quot-Foundations  │
│  Port     │  8083                                │
│  Mode     │  production                          │
└───────────┴──────────────────────────────────────┘
[ARCHON] ✓ Node.js v24.15.0
[ARCHON] › Building client...
[ARCHON] ✓ Client built
Archon UI → http://127.0.0.1:8083  (project: /home/archon/proj/Quot-Foundations)

Archon Dashboard ────────────────────────────────────────────────────────────────────────────────────────────────
┌─────────────┬─────────────────────────────────────────────────────────────────────────────────────────────────┐
│  Dashboard  │  http://127.0.0.1:8083                                                                          │
│  Overview   │  http://127.0.0.1:8083/                                                                         │
│  Logs       │  http://127.0.0.1:8083/logs                                                                     │
│  Journal    │  http://127.0.0.1:8083/journal                                                                  │
│  Project    │  /home/archon/proj/Quot-Foundations                                                             │
│  PID        │  1288726                                                                                        │
│  PID file   │  /home/archon/Archon/archon-multilane-private/src/archon/ui/.archon-ui/ed1cd93e45812d94-8083.…  │
└─────────────┴─────────────────────────────────────────────────────────────────────────────────────────────────┘
[ARCHON] › Stop:  kill 1288726  (or: kill $(cat 
/home/archon/Archon/archon-multilane-private/src/archon/ui/.archon-ui/ed1cd93e45812d94-8083.pid))

[archon-ui] Received SIGTERM, closing server…

[archon-ui] Received SIGTERM, closing server…
[ARCHON] Dashboard stopped
[ARCHON] Dashboard stopped

   _            _                 
  /_\  _ __ ___| |__   ___  _ __  
 //_\\| '__/ __| '_ \ / _ \| '_ \ 
/  _  \ | | (__| | | | (_) | | | |
\_/ \_/_|  \___|_| |_|\___/|_| |_|

 v0.3.0    https://github.com/frenzymath/Archon  ──────────────────────────────────────────────────────────

┌───────────┬──────────────────────────────────────┐
│  Project  │  /home/archon/proj/Quot-Foundations  │
│  Port     │  8083                                │
│  Mode     │  production                          │
└───────────┴──────────────────────────────────────┘
[ARCHON] ✓ Node.js v24.15.0
[ARCHON] ✓ Client up to date
Archon UI → http://127.0.0.1:8083  (project: /home/archon/proj/Quot-Foundations)

Archon Dashboard ──────────────────────────────────────────────────────────────────────────────────────────
┌─────────────┬───────────────────────────────────────────────────────────────────────────────────────────┐
│  Dashboard  │  http://127.0.0.1:8083                                                                    │
│  Overview   │  http://127.0.0.1:8083/                                                                   │
│  Logs       │  http://127.0.0.1:8083/logs                                                               │
│  Journal    │  http://127.0.0.1:8083/journal                                                            │
│  Project    │  /home/archon/proj/Quot-Foundations                                                       │
│  PID        │  1448071                                                                                  │
│  PID file   │  /home/archon/Archon/archon-multilane-private/src/archon/ui/.archon-ui/ed1cd93e45812d94…  │
└─────────────┴───────────────────────────────────────────────────────────────────────────────────────────┘
[ARCHON] › Stop:  kill 1448071  (or: kill $(cat 
/home/archon/Archon/archon-multilane-private/src/archon/ui/.archon-ui/ed1cd93e45812d94-8083.pid))

[archon-ui] Received SIGTERM, closing server…
[ARCHON] Dashboard stopped

   _            _                 
  /_\  _ __ ___| |__   ___  _ __  
 //_\\| '__/ __| '_ \ / _ \| '_ \ 
/  _  \ | | (__| | | | (_) | | | |
\_/ \_/_|  \___|_| |_|\___/|_| |_|

 v0.3.0    https://github.com/frenzymath/Archon  ───────────────────────────────────────────────────────────────

┌───────────┬──────────────────────────────────────┐
│  Project  │  /home/archon/proj/Quot-Foundations  │
│  Port     │  8082                                │
│  Mode     │  production                          │
└───────────┴──────────────────────────────────────┘
[ARCHON] ✓ Node.js v24.15.0
[ARCHON] ✓ Client up to date
Archon UI → http://127.0.0.1:8082  (project: /home/archon/proj/Quot-Foundations)

Archon Dashboard ───────────────────────────────────────────────────────────────────────────────────────────────
┌─────────────┬────────────────────────────────────────────────────────────────────────────────────────────────┐
│  Dashboard  │  http://127.0.0.1:8082                                                                         │
│  Overview   │  http://127.0.0.1:8082/                                                                        │
│  Logs       │  http://127.0.0.1:8082/logs                                                                    │
│  Journal    │  http://127.0.0.1:8082/journal                                                                 │
│  Project    │  /home/archon/proj/Quot-Foundations                                                            │
│  PID        │  1558354                                                                                       │
│  PID file   │  /home/archon/Archon/archon-multilane-private/src/archon/ui/.archon-ui/ed1cd93e45812d94-8082…  │
└─────────────┴────────────────────────────────────────────────────────────────────────────────────────────────┘
[ARCHON] › Stop:  kill 1558354  (or: kill $(cat 
/home/archon/Archon/archon-multilane-private/src/archon/ui/.archon-ui/ed1cd93e45812d94-8082.pid))

[archon-ui] Received SIGTERM, closing server…
[ARCHON] Dashboard stopped

   _            _                 
  /_\  _ __ ___| |__   ___  _ __  
 //_\\| '__/ __| '_ \ / _ \| '_ \ 
/  _  \ | | (__| | | | (_) | | | |
\_/ \_/_|  \___|_| |_|\___/|_| |_|

 v0.3.0    https://github.com/frenzymath/Archon  ───────────────────────────────────────────────────────────────────────────────

┌───────────┬──────────────────────────────────────┐
│  Project  │  /home/archon/proj/Quot-Foundations  │
│  Port     │  8082                                │
│  Mode     │  production                          │
└───────────┴──────────────────────────────────────┘
[ARCHON] ✓ Node.js v24.15.0
[ARCHON] ✓ Client up to date
Archon UI → http://127.0.0.1:8082  (project: /home/archon/proj/Quot-Foundations)

Archon Dashboard ───────────────────────────────────────────────────────────────────────────────────────────────────────────────
┌─────────────┬───────────────────────────────────────────────────────────────────────────────────────────────────┐
│  Dashboard  │  http://127.0.0.1:8082                                                                            │
│  Overview   │  http://127.0.0.1:8082/                                                                           │
│  Logs       │  http://127.0.0.1:8082/logs                                                                       │
│  Journal    │  http://127.0.0.1:8082/journal                                                                    │
│  Project    │  /home/archon/proj/Quot-Foundations                                                               │
│  PID        │  1669104                                                                                          │
│  PID file   │  /home/archon/Archon/archon-multilane-private/src/archon/ui/.archon-ui/ed1cd93e45812d94-8082.pid  │
└─────────────┴───────────────────────────────────────────────────────────────────────────────────────────────────┘
[ARCHON] › Stop:  kill 1669104  (or: kill $(cat 
/home/archon/Archon/archon-multilane-private/src/archon/ui/.archon-ui/ed1cd93e45812d94-8082.pid))

[archon-ui] Received SIGTERM, closing server…
[ARCHON] Dashboard stopped

   _            _                 
  /_\  _ __ ___| |__   ___  _ __  
 //_\\| '__/ __| '_ \ / _ \| '_ \ 
/  _  \ | | (__| | | | (_) | | | |
\_/ \_/_|  \___|_| |_|\___/|_| |_|

 v0.3.0    https://github.com/frenzymath/Archon  ───────────────────────────────────────────────────────────────────

┌───────────┬──────────────────────────────────────┐
│  Project  │  /home/archon/proj/Quot-Foundations  │
│  Port     │  8084                                │
│  Mode     │  production                          │
└───────────┴──────────────────────────────────────┘
[ARCHON] ✓ Node.js v24.15.0
[ARCHON] ✓ Client up to date
Archon UI → http://127.0.0.1:8084  (project: /home/archon/proj/Quot-Foundations)

Archon Dashboard ───────────────────────────────────────────────────────────────────────────────────────────────────
┌─────────────┬───────────────────────────────────────────────────────────────────────────────────────────────────┐
│  Dashboard  │  http://127.0.0.1:8084                                                                            │
│  Overview   │  http://127.0.0.1:8084/                                                                           │
│  Logs       │  http://127.0.0.1:8084/logs                                                                       │
│  Journal    │  http://127.0.0.1:8084/journal                                                                    │
│  Project    │  /home/archon/proj/Quot-Foundations                                                               │
│  PID        │  2008973                                                                                          │
│  PID file   │  /home/archon/Archon/archon-multilane-private/src/archon/ui/.archon-ui/ed1cd93e45812d94-8084.pid  │
└─────────────┴───────────────────────────────────────────────────────────────────────────────────────────────────┘
[ARCHON] › Stop:  kill 2008973  (or: kill $(cat 
/home/archon/Archon/archon-multilane-private/src/archon/ui/.archon-ui/ed1cd93e45812d94-8084.pid))

[archon-ui] Received SIGTERM, closing server…
[ARCHON] Dashboard stopped

   _            _                 
  /_\  _ __ ___| |__   ___  _ __  
 //_\\| '__/ __| '_ \ / _ \| '_ \ 
/  _  \ | | (__| | | | (_) | | | |
\_/ \_/_|  \___|_| |_|\___/|_| |_|

 v0.3.0    https://github.com/frenzymath/Archon  ──────────────────────────────────────────────────────────────────

┌───────────┬──────────────────────────────────────┐
│  Project  │  /home/archon/proj/Quot-Foundations  │
│  Port     │  8083                                │
│  Mode     │  production                          │
└───────────┴──────────────────────────────────────┘
[ARCHON] ✓ Node.js v24.15.0
[ARCHON] ✓ Client up to date
Archon UI → http://127.0.0.1:8083  (project: /home/archon/proj/Quot-Foundations)

Archon Dashboard ──────────────────────────────────────────────────────────────────────────────────────────────────
┌─────────────┬───────────────────────────────────────────────────────────────────────────────────────────────────┐
│  Dashboard  │  http://127.0.0.1:8083                                                                            │
│  Overview   │  http://127.0.0.1:8083/                                                                           │
│  Logs       │  http://127.0.0.1:8083/logs                                                                       │
│  Journal    │  http://127.0.0.1:8083/journal                                                                    │
│  Project    │  /home/archon/proj/Quot-Foundations                                                               │
│  PID        │  2081047                                                                                          │
│  PID file   │  /home/archon/Archon/archon-multilane-private/src/archon/ui/.archon-ui/ed1cd93e45812d94-8083.pid  │
└─────────────┴───────────────────────────────────────────────────────────────────────────────────────────────────┘
[ARCHON] › Stop:  kill 2081047  (or: kill $(cat 
/home/archon/Archon/archon-multilane-private/src/archon/ui/.archon-ui/ed1cd93e45812d94-8083.pid))

   _            _                 
  /_\  _ __ ___| |__   ___  _ __  
 //_\\| '__/ __| '_ \ / _ \| '_ \ 
/  _  \ | | (__| | | | (_) | | | |
\_/ \_/_|  \___|_| |_|\___/|_| |_|

 v0.3.0    https://github.com/frenzymath/Archon  ──────────────────────────────────────────────────────────────────

┌───────────┬──────────────────────────────────────┐
│  Project  │  /home/archon/proj/Quot-Foundations  │
│  Port     │  8084                                │
│  Mode     │  production                          │
└───────────┴──────────────────────────────────────┘
[ARCHON] ✓ Node.js v24.15.0
[ARCHON] ✓ Client up to date
Archon UI → http://127.0.0.1:8084  (project: /home/archon/proj/Quot-Foundations)

Archon Dashboard ──────────────────────────────────────────────────────────────────────────────────────────────────
┌─────────────┬───────────────────────────────────────────────────────────────────────────────────────────────────┐
│  Dashboard  │  http://127.0.0.1:8084                                                                            │
│  Overview   │  http://127.0.0.1:8084/                                                                           │
│  Logs       │  http://127.0.0.1:8084/logs                                                                       │
│  Journal    │  http://127.0.0.1:8084/journal                                                                    │
│  Project    │  /home/archon/proj/Quot-Foundations                                                               │
│  PID        │  2081207                                                                                          │
│  PID file   │  /home/archon/Archon/archon-multilane-private/src/archon/ui/.archon-ui/ed1cd93e45812d94-8084.pid  │
└─────────────┴───────────────────────────────────────────────────────────────────────────────────────────────────┘
[ARCHON] › Stop:  kill 2081207  (or: kill $(cat 
/home/archon/Archon/archon-multilane-private/src/archon/ui/.archon-ui/ed1cd93e45812d94-8084.pid))

[archon-ui] Received SIGTERM, closing server…
[ARCHON] Dashboard stopped

   _            _                 
  /_\  _ __ ___| |__   ___  _ __  
 //_\\| '__/ __| '_ \ / _ \| '_ \ 
/  _  \ | | (__| | | | (_) | | | |
\_/ \_/_|  \___|_| |_|\___/|_| |_|

 v0.3.0    https://github.com/frenzymath/Archon  ────────────────────────────────────────────────────────────────────

┌───────────┬──────────────────────────────────────┐
│  Project  │  /home/archon/proj/Quot-Foundations  │
│  Port     │  8084                                │
│  Mode     │  production                          │
└───────────┴──────────────────────────────────────┘
[ARCHON] ✓ Node.js v24.15.0
[ARCHON] ✓ Client up to date
Archon UI → http://127.0.0.1:8084  (project: /home/archon/proj/Quot-Foundations)

Archon Dashboard ────────────────────────────────────────────────────────────────────────────────────────────────────
┌─────────────┬───────────────────────────────────────────────────────────────────────────────────────────────────┐
│  Dashboard  │  http://127.0.0.1:8084                                                                            │
│  Overview   │  http://127.0.0.1:8084/                                                                           │
│  Logs       │  http://127.0.0.1:8084/logs                                                                       │
│  Journal    │  http://127.0.0.1:8084/journal                                                                    │
│  Project    │  /home/archon/proj/Quot-Foundations                                                               │
│  PID        │  2089583                                                                                          │
│  PID file   │  /home/archon/Archon/archon-multilane-private/src/archon/ui/.archon-ui/ed1cd93e45812d94-8084.pid  │
└─────────────┴───────────────────────────────────────────────────────────────────────────────────────────────────┘
[ARCHON] › Stop:  kill 2089583  (or: kill $(cat 
/home/archon/Archon/archon-multilane-private/src/archon/ui/.archon-ui/ed1cd93e45812d94-8084.pid))

[archon-ui] Received SIGTERM, closing server…
[ARCHON] Dashboard stopped

   _            _                 
  /_\  _ __ ___| |__   ___  _ __  
 //_\\| '__/ __| '_ \ / _ \| '_ \ 
/  _  \ | | (__| | | | (_) | | | |
\_/ \_/_|  \___|_| |_|\___/|_| |_|

 v0.3.0    https://github.com/frenzymath/Archon  ──────────────────────────────────────────────────────────────────

┌───────────┬──────────────────────────────────────┐
│  Project  │  /home/archon/proj/Quot-Foundations  │
│  Port     │  8084                                │
│  Mode     │  production                          │
└───────────┴──────────────────────────────────────┘
[ARCHON] ✓ Node.js v24.15.0
[ARCHON] ✓ Client up to date
Archon UI → http://127.0.0.1:8084  (project: /home/archon/proj/Quot-Foundations)

Archon Dashboard ──────────────────────────────────────────────────────────────────────────────────────────────────
┌─────────────┬───────────────────────────────────────────────────────────────────────────────────────────────────┐
│  Dashboard  │  http://127.0.0.1:8084                                                                            │
│  Overview   │  http://127.0.0.1:8084/                                                                           │
│  Logs       │  http://127.0.0.1:8084/logs                                                                       │
│  Journal    │  http://127.0.0.1:8084/journal                                                                    │
│  Project    │  /home/archon/proj/Quot-Foundations                                                               │
│  PID        │  2240353                                                                                          │
│  PID file   │  /home/archon/Archon/archon-multilane-private/src/archon/ui/.archon-ui/ed1cd93e45812d94-8084.pid  │
└─────────────┴───────────────────────────────────────────────────────────────────────────────────────────────────┘
[ARCHON] › Stop:  kill 2240353  (or: kill $(cat 
/home/archon/Archon/archon-multilane-private/src/archon/ui/.archon-ui/ed1cd93e45812d94-8084.pid))

[archon-ui] Received SIGTERM, closing server…
[ARCHON] Dashboard stopped

   _            _                 
  /_\  _ __ ___| |__   ___  _ __  
 //_\\| '__/ __| '_ \ / _ \| '_ \ 
/  _  \ | | (__| | | | (_) | | | |
\_/ \_/_|  \___|_| |_|\___/|_| |_|

 v0.3.0    https://github.com/frenzymath/Archon  ──────────────────────────────────────────────────────────────────────

┌───────────┬──────────────────────────────────────┐
│  Project  │  /home/archon/proj/Quot-Foundations  │
│  Port     │  8084                                │
│  Mode     │  production                          │
└───────────┴──────────────────────────────────────┘
[ARCHON] ✓ Node.js v24.15.0
[ARCHON] ✓ Client up to date
Archon UI → http://127.0.0.1:8084  (project: /home/archon/proj/Quot-Foundations)

Archon Dashboard ──────────────────────────────────────────────────────────────────────────────────────────────────────
┌─────────────┬───────────────────────────────────────────────────────────────────────────────────────────────────┐
│  Dashboard  │  http://127.0.0.1:8084                                                                            │
│  Overview   │  http://127.0.0.1:8084/                                                                           │
│  Logs       │  http://127.0.0.1:8084/logs                                                                       │
│  Journal    │  http://127.0.0.1:8084/journal                                                                    │
│  Project    │  /home/archon/proj/Quot-Foundations                                                               │
│  PID        │  2289065                                                                                          │
│  PID file   │  /home/archon/Archon/archon-multilane-private/src/archon/ui/.archon-ui/ed1cd93e45812d94-8084.pid  │
└─────────────┴───────────────────────────────────────────────────────────────────────────────────────────────────┘
[ARCHON] › Stop:  kill 2289065  (or: kill $(cat 
/home/archon/Archon/archon-multilane-private/src/archon/ui/.archon-ui/ed1cd93e45812d94-8084.pid))

[archon-ui] Received SIGTERM, closing server…
[ARCHON] Dashboard stopped

   _            _                 
  /_\  _ __ ___| |__   ___  _ __  
 //_\\| '__/ __| '_ \ / _ \| '_ \ 
/  _  \ | | (__| | | | (_) | | | |
\_/ \_/_|  \___|_| |_|\___/|_| |_|

 v0.3.0    https://github.com/frenzymath/Archon  ───────────────────────────────────────────────────────────

┌───────────┬──────────────────────────────────────┐
│  Project  │  /home/archon/proj/Quot-Foundations  │
│  Port     │  8085                                │
│  Mode     │  production                          │
└───────────┴──────────────────────────────────────┘
[ARCHON] ✓ Node.js v24.15.0
[ARCHON] ✓ Client up to date
Archon UI → http://127.0.0.1:8085  (project: /home/archon/proj/Quot-Foundations)

Archon Dashboard ───────────────────────────────────────────────────────────────────────────────────────────
┌─────────────┬────────────────────────────────────────────────────────────────────────────────────────────┐
│  Dashboard  │  http://127.0.0.1:8085                                                                     │
│  Overview   │  http://127.0.0.1:8085/                                                                    │
│  Logs       │  http://127.0.0.1:8085/logs                                                                │
│  Journal    │  http://127.0.0.1:8085/journal                                                             │
│  Project    │  /home/archon/proj/Quot-Foundations                                                        │
│  PID        │  2605037                                                                                   │
│  PID file   │  /home/archon/Archon/archon-multilane-private/src/archon/ui/.archon-ui/ed1cd93e45812d94-…  │
└─────────────┴────────────────────────────────────────────────────────────────────────────────────────────┘
[ARCHON] › Stop:  kill 2605037  (or: kill $(cat 
/home/archon/Archon/archon-multilane-private/src/archon/ui/.archon-ui/ed1cd93e45812d94-8085.pid))

[archon-ui] Received SIGTERM, closing server…
[ARCHON] Dashboard stopped

   _            _                 
  /_\  _ __ ___| |__   ___  _ __  
 //_\\| '__/ __| '_ \ / _ \| '_ \ 
/  _  \ | | (__| | | | (_) | | | |
\_/ \_/_|  \___|_| |_|\___/|_| |_|

 v0.3.0    https://github.com/frenzymath/Archon  ─────────────────────────────────────────────────────────────────

┌───────────┬──────────────────────────────────────┐
│  Project  │  /home/archon/proj/Quot-Foundations  │
│  Port     │  8087                                │
│  Mode     │  production                          │
└───────────┴──────────────────────────────────────┘
[ARCHON] ✓ Node.js v24.15.0
[ARCHON] ✓ Client up to date
Archon UI → http://127.0.0.1:8087  (project: /home/archon/proj/Quot-Foundations)

Archon Dashboard ─────────────────────────────────────────────────────────────────────────────────────────────────
┌─────────────┬──────────────────────────────────────────────────────────────────────────────────────────────────┐
│  Dashboard  │  http://127.0.0.1:8087                                                                           │
│  Overview   │  http://127.0.0.1:8087/                                                                          │
│  Logs       │  http://127.0.0.1:8087/logs                                                                      │
│  Journal    │  http://127.0.0.1:8087/journal                                                                   │
│  Project    │  /home/archon/proj/Quot-Foundations                                                              │
│  PID        │  2937981                                                                                         │
│  PID file   │  /home/archon/Archon/archon-multilane-private/src/archon/ui/.archon-ui/ed1cd93e45812d94-8087.p…  │
└─────────────┴──────────────────────────────────────────────────────────────────────────────────────────────────┘
[ARCHON] › Stop:  kill 2937981  (or: kill $(cat 
/home/archon/Archon/archon-multilane-private/src/archon/ui/.archon-ui/ed1cd93e45812d94-8087.pid))

[archon-ui] Received SIGTERM, closing server…
[ARCHON] Dashboard stopped

   _            _                 
  /_\  _ __ ___| |__   ___  _ __  
 //_\\| '__/ __| '_ \ / _ \| '_ \ 
/  _  \ | | (__| | | | (_) | | | |
\_/ \_/_|  \___|_| |_|\___/|_| |_|

 v0.3.0    https://github.com/frenzymath/Archon  ─────────────────────────────────────────────────────────────────

┌───────────┬──────────────────────────────────────┐
│  Project  │  /home/archon/proj/Quot-Foundations  │
│  Port     │  8086                                │
│  Mode     │  production                          │
└───────────┴──────────────────────────────────────┘
[ARCHON] ✓ Node.js v24.15.0
[ARCHON] ✓ Client up to date
Archon UI → http://127.0.0.1:8086  (project: /home/archon/proj/Quot-Foundations)

Archon Dashboard ─────────────────────────────────────────────────────────────────────────────────────────────────
┌─────────────┬──────────────────────────────────────────────────────────────────────────────────────────────────┐
│  Dashboard  │  http://127.0.0.1:8086                                                                           │
│  Overview   │  http://127.0.0.1:8086/                                                                          │
│  Logs       │  http://127.0.0.1:8086/logs                                                                      │
│  Journal    │  http://127.0.0.1:8086/journal                                                                   │
│  Project    │  /home/archon/proj/Quot-Foundations                                                              │
│  PID        │  2962693                                                                                         │
│  PID file   │  /home/archon/Archon/archon-multilane-private/src/archon/ui/.archon-ui/ed1cd93e45812d94-8086.p…  │
└─────────────┴──────────────────────────────────────────────────────────────────────────────────────────────────┘
[ARCHON] › Stop:  kill 2962693  (or: kill $(cat 
/home/archon/Archon/archon-multilane-private/src/archon/ui/.archon-ui/ed1cd93e45812d94-8086.pid))

[archon-ui] Received SIGTERM, closing server…
[ARCHON] Dashboard stopped

   _            _                 
  /_\  _ __ ___| |__   ___  _ __  
 //_\\| '__/ __| '_ \ / _ \| '_ \ 
/  _  \ | | (__| | | | (_) | | | |
\_/ \_/_|  \___|_| |_|\___/|_| |_|

 v0.3.0    https://github.com/frenzymath/Archon  ─────────────────────────────────────────────────────────────────

┌───────────┬──────────────────────────────────────┐
│  Project  │  /home/archon/proj/Quot-Foundations  │
│  Port     │  8086                                │
│  Mode     │  production                          │
└───────────┴──────────────────────────────────────┘
[ARCHON] ✓ Node.js v24.15.0
[ARCHON] ✓ Client up to date
Archon UI → http://127.0.0.1:8086  (project: /home/archon/proj/Quot-Foundations)

Archon Dashboard ─────────────────────────────────────────────────────────────────────────────────────────────────
┌─────────────┬──────────────────────────────────────────────────────────────────────────────────────────────────┐
│  Dashboard  │  http://127.0.0.1:8086                                                                           │
│  Overview   │  http://127.0.0.1:8086/                                                                          │
│  Logs       │  http://127.0.0.1:8086/logs                                                                      │
│  Journal    │  http://127.0.0.1:8086/journal                                                                   │
│  Project    │  /home/archon/proj/Quot-Foundations                                                              │
│  PID        │  2968591                                                                                         │
│  PID file   │  /home/archon/Archon/archon-multilane-private/src/archon/ui/.archon-ui/ed1cd93e45812d94-8086.p…  │
└─────────────┴──────────────────────────────────────────────────────────────────────────────────────────────────┘
[ARCHON] › Stop:  kill 2968591  (or: kill $(cat 
/home/archon/Archon/archon-multilane-private/src/archon/ui/.archon-ui/ed1cd93e45812d94-8086.pid))
