⚠ [8318/8324] Replayed AlgebraicJacobian.Cohomology.CechHigherDirectImage
warning: AlgebraicJacobian/Cohomology/CechHigherDirectImage.lean:341:0: Please, add a comment explaining the need for modifying the maxHeartbeat limit, as in
set_option maxHeartbeats 1000000 in
-- reason for change
...

Note: This linter can be disabled with `set_option linter.style.maxHeartbeats false`
warning: AlgebraicJacobian/Cohomology/CechHigherDirectImage.lean:368:0: Please, add a comment explaining the need for modifying the maxHeartbeat limit, as in
set_option maxHeartbeats 4000000 in
-- reason for change
...

Note: This linter can be disabled with `set_option linter.style.maxHeartbeats false`
warning: AlgebraicJacobian/Cohomology/CechHigherDirectImage.lean:406:100: This line exceeds the 100 character limit, please shorten it!

Note: This linter can be disabled with `set_option linter.style.longLine false`
warning: AlgebraicJacobian/Cohomology/CechHigherDirectImage.lean:434:0: Please, add a comment explaining the need for modifying the maxHeartbeat limit, as in
set_option maxHeartbeats 1600000 in
-- reason for change
...

Note: This linter can be disabled with `set_option linter.style.maxHeartbeats false`
warning: AlgebraicJacobian/Cohomology/CechHigherDirectImage.lean:456:100: This line exceeds the 100 character limit, please shorten it!

Note: This linter can be disabled with `set_option linter.style.longLine false`
warning: AlgebraicJacobian/Cohomology/CechHigherDirectImage.lean:711:2: The `show` tactic should only be used to indicate intermediate goal states for readability.
However, this tactic invocation changed the goal. Please use `change` instead for these purposes.

Note: This linter can be disabled with `set_option linter.style.show false`
warning: AlgebraicJacobian/Cohomology/CechHigherDirectImage.lean:773:8: declaration uses `sorry`
⚠ [8320/8324] Replayed AlgebraicJacobian.Cohomology.CechAcyclic
warning: AlgebraicJacobian/Cohomology/CechAcyclic.lean:862:100: This line exceeds the 100 character limit, please shorten it!

Note: This linter can be disabled with `set_option linter.style.longLine false`
warning: AlgebraicJacobian/Cohomology/CechAcyclic.lean:867:100: This line exceeds the 100 character limit, please shorten it!

Note: This linter can be disabled with `set_option linter.style.longLine false`
warning: AlgebraicJacobian/Cohomology/CechAcyclic.lean:878:100: This line exceeds the 100 character limit, please shorten it!

Note: This linter can be disabled with `set_option linter.style.longLine false`
warning: AlgebraicJacobian/Cohomology/CechAcyclic.lean:1277:100: This line exceeds the 100 character limit, please shorten it!

Note: This linter can be disabled with `set_option linter.style.longLine false`
warning: AlgebraicJacobian/Cohomology/CechAcyclic.lean:1280:100: This line exceeds the 100 character limit, please shorten it!

Note: This linter can be disabled with `set_option linter.style.longLine false`
warning: AlgebraicJacobian/Cohomology/CechAcyclic.lean:1281:100: This line exceeds the 100 character limit, please shorten it!

Note: This linter can be disabled with `set_option linter.style.longLine false`
warning: AlgebraicJacobian/Cohomology/CechAcyclic.lean:1282:100: This line exceeds the 100 character limit, please shorten it!

Note: This linter can be disabled with `set_option linter.style.longLine false`
warning: AlgebraicJacobian/Cohomology/CechAcyclic.lean:1283:100: This line exceeds the 100 character limit, please shorten it!

Note: This linter can be disabled with `set_option linter.style.longLine false`
warning: AlgebraicJacobian/Cohomology/CechAcyclic.lean:1309:100: This line exceeds the 100 character limit, please shorten it!

Note: This linter can be disabled with `set_option linter.style.longLine false`
warning: AlgebraicJacobian/Cohomology/CechAcyclic.lean:1390:100: This line exceeds the 100 character limit, please shorten it!

Note: This linter can be disabled with `set_option linter.style.longLine false`
warning: AlgebraicJacobian/Cohomology/CechAcyclic.lean:1995:100: This line exceeds the 100 character limit, please shorten it!

Note: This linter can be disabled with `set_option linter.style.longLine false`
warning: AlgebraicJacobian/Cohomology/CechAcyclic.lean:1999:100: This line exceeds the 100 character limit, please shorten it!

Note: This linter can be disabled with `set_option linter.style.longLine false`
warning: AlgebraicJacobian/Cohomology/CechAcyclic.lean:2001:100: This line exceeds the 100 character limit, please shorten it!

Note: This linter can be disabled with `set_option linter.style.longLine false`
warning: AlgebraicJacobian/Cohomology/CechAcyclic.lean:2004:100: This line exceeds the 100 character limit, please shorten it!

Note: This linter can be disabled with `set_option linter.style.longLine false`
warning: AlgebraicJacobian/Cohomology/CechAcyclic.lean:2005:100: This line exceeds the 100 character limit, please shorten it!

Note: This linter can be disabled with `set_option linter.style.longLine false`
warning: AlgebraicJacobian/Cohomology/CechAcyclic.lean:2006:100: This line exceeds the 100 character limit, please shorten it!

Note: This linter can be disabled with `set_option linter.style.longLine false`
warning: AlgebraicJacobian/Cohomology/CechAcyclic.lean:2007:100: This line exceeds the 100 character limit, please shorten it!

Note: This linter can be disabled with `set_option linter.style.longLine false`
warning: AlgebraicJacobian/Cohomology/CechAcyclic.lean:2029:100: This line exceeds the 100 character limit, please shorten it!

Note: This linter can be disabled with `set_option linter.style.longLine false`
warning: AlgebraicJacobian/Cohomology/CechAcyclic.lean:2038:100: This line exceeds the 100 character limit, please shorten it!

Note: This linter can be disabled with `set_option linter.style.longLine false`
warning: AlgebraicJacobian/Cohomology/CechAcyclic.lean:2040:100: This line exceeds the 100 character limit, please shorten it!

Note: This linter can be disabled with `set_option linter.style.longLine false`
warning: AlgebraicJacobian/Cohomology/CechAcyclic.lean:2041:100: This line exceeds the 100 character limit, please shorten it!

Note: This linter can be disabled with `set_option linter.style.longLine false`
warning: AlgebraicJacobian/Cohomology/CechAcyclic.lean:2057:100: This line exceeds the 100 character limit, please shorten it!

Note: This linter can be disabled with `set_option linter.style.longLine false`
warning: AlgebraicJacobian/Cohomology/CechAcyclic.lean:2059:100: This line exceeds the 100 character limit, please shorten it!

Note: This linter can be disabled with `set_option linter.style.longLine false`
warning: AlgebraicJacobian/Cohomology/CechAcyclic.lean:2060:100: This line exceeds the 100 character limit, please shorten it!

Note: This linter can be disabled with `set_option linter.style.longLine false`
warning: AlgebraicJacobian/Cohomology/CechAcyclic.lean:2066:100: This line exceeds the 100 character limit, please shorten it!

Note: This linter can be disabled with `set_option linter.style.longLine false`
warning: AlgebraicJacobian/Cohomology/CechAcyclic.lean:2081:100: This line exceeds the 100 character limit, please shorten it!

Note: This linter can be disabled with `set_option linter.style.longLine false`
⚠ [8321/8324] Replayed AlgebraicJacobian.Cohomology.FreePresheafComplex
warning: AlgebraicJacobian/Cohomology/FreePresheafComplex.lean:1508:100: This line exceeds the 100 character limit, please shorten it!

Note: This linter can be disabled with `set_option linter.style.longLine false`
warning: AlgebraicJacobian/Cohomology/FreePresheafComplex.lean:1592:100: This line exceeds the 100 character limit, please shorten it!

Note: This linter can be disabled with `set_option linter.style.longLine false`
warning: AlgebraicJacobian/Cohomology/FreePresheafComplex.lean:1788:100: This line exceeds the 100 character limit, please shorten it!

Note: This linter can be disabled with `set_option linter.style.longLine false`
warning: AlgebraicJacobian/Cohomology/FreePresheafComplex.lean:1866:100: This line exceeds the 100 character limit, please shorten it!

Note: This linter can be disabled with `set_option linter.style.longLine false`
warning: AlgebraicJacobian/Cohomology/FreePresheafComplex.lean:1921:100: This line exceeds the 100 character limit, please shorten it!

Note: This linter can be disabled with `set_option linter.style.longLine false`
warning: AlgebraicJacobian/Cohomology/FreePresheafComplex.lean:2032:100: This line exceeds the 100 character limit, please shorten it!

Note: This linter can be disabled with `set_option linter.style.longLine false`
warning: AlgebraicJacobian/Cohomology/FreePresheafComplex.lean:2064:100: This line exceeds the 100 character limit, please shorten it!

Note: This linter can be disabled with `set_option linter.style.longLine false`
warning: AlgebraicJacobian/Cohomology/FreePresheafComplex.lean:2078:100: This line exceeds the 100 character limit, please shorten it!

Note: This linter can be disabled with `set_option linter.style.longLine false`
warning: AlgebraicJacobian/Cohomology/FreePresheafComplex.lean:2092:100: This line exceeds the 100 character limit, please shorten it!

Note: This linter can be disabled with `set_option linter.style.longLine false`
warning: AlgebraicJacobian/Cohomology/FreePresheafComplex.lean:2123:100: This line exceeds the 100 character limit, please shorten it!

Note: This linter can be disabled with `set_option linter.style.longLine false`
warning: AlgebraicJacobian/Cohomology/FreePresheafComplex.lean:2129:100: This line exceeds the 100 character limit, please shorten it!

Note: This linter can be disabled with `set_option linter.style.longLine false`
warning: AlgebraicJacobian/Cohomology/FreePresheafComplex.lean:2133:100: This line exceeds the 100 character limit, please shorten it!

Note: This linter can be disabled with `set_option linter.style.longLine false`
warning: AlgebraicJacobian/Cohomology/FreePresheafComplex.lean:2169:100: This line exceeds the 100 character limit, please shorten it!

Note: This linter can be disabled with `set_option linter.style.longLine false`
warning: AlgebraicJacobian/Cohomology/FreePresheafComplex.lean:2226:100: This line exceeds the 100 character limit, please shorten it!

Note: This linter can be disabled with `set_option linter.style.longLine false`
warning: AlgebraicJacobian/Cohomology/FreePresheafComplex.lean:2258:100: This line exceeds the 100 character limit, please shorten it!

Note: This linter can be disabled with `set_option linter.style.longLine false`
warning: AlgebraicJacobian/Cohomology/FreePresheafComplex.lean:2259:100: This line exceeds the 100 character limit, please shorten it!

Note: This linter can be disabled with `set_option linter.style.longLine false`
warning: AlgebraicJacobian/Cohomology/FreePresheafComplex.lean:2302:100: This line exceeds the 100 character limit, please shorten it!

Note: This linter can be disabled with `set_option linter.style.longLine false`
⚠ [8322/8324] Built AlgebraicJacobian.Cohomology.CechSectionIdentificationBase (549s)
warning: AlgebraicJacobian/Cohomology/CechSectionIdentificationBase.lean:206:100: This line exceeds the 100 character limit, please shorten it!

Note: This linter can be disabled with `set_option linter.style.longLine false`
warning: AlgebraicJacobian/Cohomology/CechSectionIdentificationBase.lean:207:100: This line exceeds the 100 character limit, please shorten it!

Note: This linter can be disabled with `set_option linter.style.longLine false`
warning: AlgebraicJacobian/Cohomology/CechSectionIdentificationBase.lean:210:100: This line exceeds the 100 character limit, please shorten it!

Note: This linter can be disabled with `set_option linter.style.longLine false`
warning: AlgebraicJacobian/Cohomology/CechSectionIdentificationBase.lean:231:100: This line exceeds the 100 character limit, please shorten it!

Note: This linter can be disabled with `set_option linter.style.longLine false`
warning: AlgebraicJacobian/Cohomology/CechSectionIdentificationBase.lean:254:2: 'simp' is a flexible tactic modifying '⊢'. Try 'simp?' and use the suggested 'simp only [...]'. Alternatively, use `suffices` to explicitly state the simplified form.

Note: This linter can be disabled with `set_option linter.flexible false`
info: AlgebraicJacobian/Cohomology/CechSectionIdentificationBase.lean:254:2: Try this:
  [apply] simp only [Iso.trans_inv, pullback.congrHom_inv, Category.assoc, pullbackLeftPullbackSndIso_inv_fst]
info: AlgebraicJacobian/Cohomology/CechSectionIdentificationBase.lean:256:2: 'rw [pullback.lift_fst]' uses '⊢'!
warning: AlgebraicJacobian/Cohomology/CechSectionIdentificationBase.lean:241:100: This line exceeds the 100 character limit, please shorten it!

Note: This linter can be disabled with `set_option linter.style.longLine false`
warning: AlgebraicJacobian/Cohomology/CechSectionIdentificationBase.lean:247:100: This line exceeds the 100 character limit, please shorten it!

Note: This linter can be disabled with `set_option linter.style.longLine false`
warning: AlgebraicJacobian/Cohomology/CechSectionIdentificationBase.lean:249:100: This line exceeds the 100 character limit, please shorten it!

Note: This linter can be disabled with `set_option linter.style.longLine false`
warning: AlgebraicJacobian/Cohomology/CechSectionIdentificationBase.lean:276:2: 'simp' is a flexible tactic modifying '⊢'. Try 'simp?' and use the suggested 'simp only [...]'. Alternatively, use `suffices` to explicitly state the simplified form.

Note: This linter can be disabled with `set_option linter.flexible false`
info: AlgebraicJacobian/Cohomology/CechSectionIdentificationBase.lean:276:2: Try this:
  [apply] simp only [Iso.trans_inv, pullback.congrHom_inv, Category.assoc, pullbackLeftPullbackSndIso_inv_snd_snd_assoc]
info: AlgebraicJacobian/Cohomology/CechSectionIdentificationBase.lean:278:2: 'rw [pullback.lift_snd_assoc]' uses '⊢'!
warning: AlgebraicJacobian/Cohomology/CechSectionIdentificationBase.lean:262:100: This line exceeds the 100 character limit, please shorten it!

Note: This linter can be disabled with `set_option linter.style.longLine false`
warning: AlgebraicJacobian/Cohomology/CechSectionIdentificationBase.lean:268:100: This line exceeds the 100 character limit, please shorten it!

Note: This linter can be disabled with `set_option linter.style.longLine false`
warning: AlgebraicJacobian/Cohomology/CechSectionIdentificationBase.lean:270:100: This line exceeds the 100 character limit, please shorten it!

Note: This linter can be disabled with `set_option linter.style.longLine false`
warning: AlgebraicJacobian/Cohomology/CechSectionIdentificationBase.lean:283:100: This line exceeds the 100 character limit, please shorten it!

Note: This linter can be disabled with `set_option linter.style.longLine false`
warning: AlgebraicJacobian/Cohomology/CechSectionIdentificationBase.lean:293:100: This line exceeds the 100 character limit, please shorten it!

Note: This linter can be disabled with `set_option linter.style.longLine false`
warning: AlgebraicJacobian/Cohomology/CechSectionIdentificationBase.lean:304:2: The `show` tactic should only be used to indicate intermediate goal states for readability.
However, this tactic invocation changed the goal. Please use `change` instead for these purposes.

Note: This linter can be disabled with `set_option linter.style.show false`
warning: AlgebraicJacobian/Cohomology/CechSectionIdentificationBase.lean:312:100: This line exceeds the 100 character limit, please shorten it!

Note: This linter can be disabled with `set_option linter.style.longLine false`
warning: AlgebraicJacobian/Cohomology/CechSectionIdentificationBase.lean:313:100: This line exceeds the 100 character limit, please shorten it!

Note: This linter can be disabled with `set_option linter.style.longLine false`
warning: AlgebraicJacobian/Cohomology/CechSectionIdentificationBase.lean:374:0: Please, add a comment explaining the need for modifying the maxHeartbeat limit, as in
set_option maxHeartbeats 1600000 in
-- reason for change
...

Note: This linter can be disabled with `set_option linter.style.maxHeartbeats false`
warning: AlgebraicJacobian/Cohomology/CechSectionIdentificationBase.lean:591:100: This line exceeds the 100 character limit, please shorten it!

Note: This linter can be disabled with `set_option linter.style.longLine false`
warning: AlgebraicJacobian/Cohomology/CechSectionIdentificationBase.lean:651:100: This line exceeds the 100 character limit, please shorten it!

Note: This linter can be disabled with `set_option linter.style.longLine false`
warning: AlgebraicJacobian/Cohomology/CechSectionIdentificationBase.lean:743:6: The `show` tactic should only be used to indicate intermediate goal states for readability.
However, this tactic invocation changed the goal. Please use `change` instead for these purposes.

Note: This linter can be disabled with `set_option linter.style.show false`
warning: AlgebraicJacobian/Cohomology/CechSectionIdentificationBase.lean:749:6: The `show` tactic should only be used to indicate intermediate goal states for readability.
However, this tactic invocation changed the goal. Please use `change` instead for these purposes.

Note: This linter can be disabled with `set_option linter.style.show false`
warning: AlgebraicJacobian/Cohomology/CechSectionIdentificationBase.lean:773:100: This line exceeds the 100 character limit, please shorten it!

Note: This linter can be disabled with `set_option linter.style.longLine false`
warning: AlgebraicJacobian/Cohomology/CechSectionIdentificationBase.lean:796:0: Please, add a comment explaining the need for modifying the maxHeartbeat limit, as in
set_option maxHeartbeats 800000 in
-- reason for change
...

Note: This linter can be disabled with `set_option linter.style.maxHeartbeats false`
warning: AlgebraicJacobian/Cohomology/CechSectionIdentificationBase.lean:847:100: This line exceeds the 100 character limit, please shorten it!

Note: This linter can be disabled with `set_option linter.style.longLine false`
warning: AlgebraicJacobian/Cohomology/CechSectionIdentificationBase.lean:850:100: This line exceeds the 100 character limit, please shorten it!

Note: This linter can be disabled with `set_option linter.style.longLine false`
warning: AlgebraicJacobian/Cohomology/CechSectionIdentificationBase.lean:872:4: The `show` tactic should only be used to indicate intermediate goal states for readability.
However, this tactic invocation changed the goal. Please use `change` instead for these purposes.

Note: This linter can be disabled with `set_option linter.style.show false`
warning: AlgebraicJacobian/Cohomology/CechSectionIdentificationBase.lean:1010:100: This line exceeds the 100 character limit, please shorten it!

Note: This linter can be disabled with `set_option linter.style.longLine false`
warning: AlgebraicJacobian/Cohomology/CechSectionIdentificationBase.lean:1039:4: The `show` tactic should only be used to indicate intermediate goal states for readability.
However, this tactic invocation changed the goal. Please use `change` instead for these purposes.

Note: This linter can be disabled with `set_option linter.style.show false`
warning: AlgebraicJacobian/Cohomology/CechSectionIdentificationBase.lean:1050:4: The `show` tactic should only be used to indicate intermediate goal states for readability.
However, this tactic invocation changed the goal. Please use `change` instead for these purposes.

Note: This linter can be disabled with `set_option linter.style.show false`
warning: AlgebraicJacobian/Cohomology/CechSectionIdentificationBase.lean:1096:0: Please, add a comment explaining the need for modifying the maxHeartbeat limit, as in
set_option maxHeartbeats 1600000 in
-- reason for change
...

Note: This linter can be disabled with `set_option linter.style.maxHeartbeats false`
warning: AlgebraicJacobian/Cohomology/CechSectionIdentificationBase.lean:1124:4: The `show` tactic should only be used to indicate intermediate goal states for readability.
However, this tactic invocation changed the goal. Please use `change` instead for these purposes.

Note: This linter can be disabled with `set_option linter.style.show false`
warning: AlgebraicJacobian/Cohomology/CechSectionIdentificationBase.lean:1182:100: This line exceeds the 100 character limit, please shorten it!

Note: This linter can be disabled with `set_option linter.style.longLine false`
warning: AlgebraicJacobian/Cohomology/CechSectionIdentificationBase.lean:1191:100: This line exceeds the 100 character limit, please shorten it!

Note: This linter can be disabled with `set_option linter.style.longLine false`
warning: AlgebraicJacobian/Cohomology/CechSectionIdentificationBase.lean:1219:100: This line exceeds the 100 character limit, please shorten it!

Note: This linter can be disabled with `set_option linter.style.longLine false`
warning: AlgebraicJacobian/Cohomology/CechSectionIdentificationBase.lean:1233:0: Please, add a comment explaining the need for modifying the maxHeartbeat limit, as in
set_option synthInstance.maxHeartbeats 800000 in
-- reason for change
...

Note: This linter can be disabled with `set_option linter.style.maxHeartbeats false`
warning: AlgebraicJacobian/Cohomology/CechSectionIdentificationBase.lean:1389:100: This line exceeds the 100 character limit, please shorten it!

Note: This linter can be disabled with `set_option linter.style.longLine false`
⚠ [8323/8324] Built AlgebraicJacobian.Cohomology.CechSectionIdentificationLeg (427s)
warning: AlgebraicJacobian/Cohomology/CechSectionIdentificationLeg.lean:50:6: declaration uses `sorry`
warning: AlgebraicJacobian/Cohomology/CechSectionIdentificationLeg.lean:42:0: Please, add a comment explaining the need for modifying the maxHeartbeat limit, as in
set_option maxHeartbeats 1600000 in
-- reason for change
...

Note: This linter can be disabled with `set_option linter.style.maxHeartbeats false`
warning: AlgebraicJacobian/Cohomology/CechSectionIdentificationLeg.lean:70:0: Please, add a comment explaining the need for modifying the maxHeartbeat limit, as in
set_option maxHeartbeats 6400000 in
-- reason for change
...

Note: This linter can be disabled with `set_option linter.style.maxHeartbeats false`
warning: AlgebraicJacobian/Cohomology/CechSectionIdentificationLeg.lean:105:0: Please, add a comment explaining the need for modifying the maxHeartbeat limit, as in
set_option maxHeartbeats 6400000 in
-- reason for change
...

Note: This linter can be disabled with `set_option linter.style.maxHeartbeats false`
warning: AlgebraicJacobian/Cohomology/CechSectionIdentificationLeg.lean:242:0: Please, add a comment explaining the need for modifying the maxHeartbeat limit, as in
set_option maxHeartbeats 1600000 in
-- reason for change
...

Note: This linter can be disabled with `set_option linter.style.maxHeartbeats false`
⚠ [8324/8324] Built AlgebraicJacobian.Cohomology.CechSectionIdentification (9.8s)
warning: AlgebraicJacobian/Cohomology/CechSectionIdentification.lean:83:100: This line exceeds the 100 character limit, please shorten it!

Note: This linter can be disabled with `set_option linter.style.longLine false`
warning: AlgebraicJacobian/Cohomology/CechSectionIdentification.lean:265:11: unused variable `σ`

Note: This linter can be disabled with `set_option linter.unusedVariables false`
warning: AlgebraicJacobian/Cohomology/CechSectionIdentification.lean:363:6: declaration uses `sorry`
warning: AlgebraicJacobian/Cohomology/CechSectionIdentification.lean:355:0: Please, add a comment explaining the need for modifying the maxHeartbeat limit, as in
set_option maxHeartbeats 1600000 in
-- reason for change
...

Note: This linter can be disabled with `set_option linter.style.maxHeartbeats false`
warning: AlgebraicJacobian/Cohomology/CechSectionIdentification.lean:444:8: automatically included section variable(s) unused in theorem `_private.AlgebraicJacobian.Cohomology.CechSectionIdentification.0.AlgebraicGeometry.cechSectionDepDiff_zero`:
  [Finite 𝒰.I₀]
consider restructuring your `variable` declarations so that the variables are not in scope or explicitly omit them:
  omit [Finite 𝒰.I₀] in theorem ...

Note: This linter can be disabled with `set_option linter.unusedSectionVars false`
warning: AlgebraicJacobian/Cohomology/CechSectionIdentification.lean:478:0: Please, add a comment explaining the need for modifying the maxHeartbeat limit, as in
set_option maxHeartbeats 1600000 in
-- reason for change
...

Note: This linter can be disabled with `set_option linter.style.maxHeartbeats false`
warning: AlgebraicJacobian/Cohomology/CechSectionIdentification.lean:557:0: Please, add a comment explaining the need for modifying the maxHeartbeat limit, as in
set_option maxHeartbeats 1600000 in
-- reason for change
...

Note: This linter can be disabled with `set_option linter.style.maxHeartbeats false`
warning: AlgebraicJacobian/Cohomology/CechSectionIdentification.lean:739:0: Please, add a comment explaining the need for modifying the maxHeartbeat limit, as in
set_option maxHeartbeats 1600000 in
-- reason for change
...

Note: This linter can be disabled with `set_option linter.style.maxHeartbeats false`
Build completed successfully (8324 jobs).
EXIT=0
