⚠ [8316/8332] Replayed AlgebraicJacobian.Cohomology.QcohRestrictBasicOpen
warning: AlgebraicJacobian/Cohomology/QcohRestrictBasicOpen.lean:31:100: This line exceeds the 100 character limit, please shorten it!

Note: This linter can be disabled with `set_option linter.style.longLine false`
warning: AlgebraicJacobian/Cohomology/QcohRestrictBasicOpen.lean:47:4: The `show` tactic should only be used to indicate intermediate goal states for readability.
However, this tactic invocation changed the goal. Please use `change` instead for these purposes.

Note: This linter can be disabled with `set_option linter.style.show false`
warning: AlgebraicJacobian/Cohomology/QcohRestrictBasicOpen.lean:196:82: `CategoryTheory.Sheaf.val` has been deprecated: Use ObjectProperty.obj
warning: AlgebraicJacobian/Cohomology/QcohRestrictBasicOpen.lean:214:85: `CategoryTheory.Sheaf.val` has been deprecated: Use ObjectProperty.obj
warning: AlgebraicJacobian/Cohomology/QcohRestrictBasicOpen.lean:206:100: This line exceeds the 100 character limit, please shorten it!

Note: This linter can be disabled with `set_option linter.style.longLine false`
warning: AlgebraicJacobian/Cohomology/QcohRestrictBasicOpen.lean:233:43: `CategoryTheory.Sheaf.val` has been deprecated: Use ObjectProperty.obj
warning: AlgebraicJacobian/Cohomology/QcohRestrictBasicOpen.lean:240:44: `CategoryTheory.Sheaf.val` has been deprecated: Use ObjectProperty.obj
warning: AlgebraicJacobian/Cohomology/QcohRestrictBasicOpen.lean:241:31: `CategoryTheory.Sheaf.val` has been deprecated: Use ObjectProperty.obj
warning: AlgebraicJacobian/Cohomology/QcohRestrictBasicOpen.lean:216:100: This line exceeds the 100 character limit, please shorten it!

Note: This linter can be disabled with `set_option linter.style.longLine false`
warning: AlgebraicJacobian/Cohomology/QcohRestrictBasicOpen.lean:221:100: This line exceeds the 100 character limit, please shorten it!

Note: This linter can be disabled with `set_option linter.style.longLine false`
warning: AlgebraicJacobian/Cohomology/QcohRestrictBasicOpen.lean:230:100: This line exceeds the 100 character limit, please shorten it!

Note: This linter can be disabled with `set_option linter.style.longLine false`
warning: AlgebraicJacobian/Cohomology/QcohRestrictBasicOpen.lean:236:100: This line exceeds the 100 character limit, please shorten it!

Note: This linter can be disabled with `set_option linter.style.longLine false`
warning: AlgebraicJacobian/Cohomology/QcohRestrictBasicOpen.lean:279:100: This line exceeds the 100 character limit, please shorten it!

Note: This linter can be disabled with `set_option linter.style.longLine false`
warning: AlgebraicJacobian/Cohomology/QcohRestrictBasicOpen.lean:292:0: Please, add a comment explaining the need for modifying the maxHeartbeat limit, as in
set_option synthInstance.maxHeartbeats 400000 in
-- reason for change
...

Note: This linter can be disabled with `set_option linter.style.maxHeartbeats false`
⚠ [8317/8332] Replayed AlgebraicJacobian.Cohomology.QcohTildeSections
warning: AlgebraicJacobian/Cohomology/QcohTildeSections.lean:709:100: This line exceeds the 100 character limit, please shorten it!

Note: This linter can be disabled with `set_option linter.style.longLine false`
warning: AlgebraicJacobian/Cohomology/QcohTildeSections.lean:714:100: This line exceeds the 100 character limit, please shorten it!
You can use "string gaps" to format long strings: within a string quotation, using a '\' at the end of a line allows you to continue the string on the following line, removing all intervening whitespace.

Note: This linter can be disabled with `set_option linter.style.longLine false`
warning: AlgebraicJacobian/Cohomology/QcohTildeSections.lean:733:36: `CategoryTheory.Sheaf.val` has been deprecated: Use ObjectProperty.obj
warning: AlgebraicJacobian/Cohomology/QcohTildeSections.lean:742:57: `CategoryTheory.Sheaf.val` has been deprecated: Use ObjectProperty.obj
warning: AlgebraicJacobian/Cohomology/QcohTildeSections.lean:759:57: `CategoryTheory.Sheaf.val` has been deprecated: Use ObjectProperty.obj
warning: AlgebraicJacobian/Cohomology/QcohTildeSections.lean:814:100: This line exceeds the 100 character limit, please shorten it!

Note: This linter can be disabled with `set_option linter.style.longLine false`
warning: AlgebraicJacobian/Cohomology/QcohTildeSections.lean:858:100: This line exceeds the 100 character limit, please shorten it!

Note: This linter can be disabled with `set_option linter.style.longLine false`
warning: AlgebraicJacobian/Cohomology/QcohTildeSections.lean:859:100: This line exceeds the 100 character limit, please shorten it!

Note: This linter can be disabled with `set_option linter.style.longLine false`
warning: AlgebraicJacobian/Cohomology/QcohTildeSections.lean:880:100: This line exceeds the 100 character limit, please shorten it!

Note: This linter can be disabled with `set_option linter.style.longLine false`
warning: AlgebraicJacobian/Cohomology/QcohTildeSections.lean:882:0: Please, add a comment explaining the need for modifying the maxHeartbeat limit, as in
set_option maxHeartbeats 1000000 in
-- reason for change
...

Note: This linter can be disabled with `set_option linter.style.maxHeartbeats false`
warning: AlgebraicJacobian/Cohomology/QcohTildeSections.lean:930:100: This line exceeds the 100 character limit, please shorten it!

Note: This linter can be disabled with `set_option linter.style.longLine false`
warning: AlgebraicJacobian/Cohomology/QcohTildeSections.lean:933:100: This line exceeds the 100 character limit, please shorten it!

Note: This linter can be disabled with `set_option linter.style.longLine false`
warning: AlgebraicJacobian/Cohomology/QcohTildeSections.lean:969:100: This line exceeds the 100 character limit, please shorten it!

Note: This linter can be disabled with `set_option linter.style.longLine false`
warning: AlgebraicJacobian/Cohomology/QcohTildeSections.lean:976:100: This line exceeds the 100 character limit, please shorten it!

Note: This linter can be disabled with `set_option linter.style.longLine false`
warning: AlgebraicJacobian/Cohomology/QcohTildeSections.lean:978:0: Please, add a comment explaining the need for modifying the maxHeartbeat limit, as in
set_option maxHeartbeats 1000000 in
-- reason for change
...

Note: This linter can be disabled with `set_option linter.style.maxHeartbeats false`
warning: AlgebraicJacobian/Cohomology/QcohTildeSections.lean:979:100: This line exceeds the 100 character limit, please shorten it!

Note: This linter can be disabled with `set_option linter.style.longLine false`
warning: AlgebraicJacobian/Cohomology/QcohTildeSections.lean:980:100: This line exceeds the 100 character limit, please shorten it!

Note: This linter can be disabled with `set_option linter.style.longLine false`
warning: AlgebraicJacobian/Cohomology/QcohTildeSections.lean:984:100: This line exceeds the 100 character limit, please shorten it!

Note: This linter can be disabled with `set_option linter.style.longLine false`
warning: AlgebraicJacobian/Cohomology/QcohTildeSections.lean:1005:100: This line exceeds the 100 character limit, please shorten it!

Note: This linter can be disabled with `set_option linter.style.longLine false`
warning: AlgebraicJacobian/Cohomology/QcohTildeSections.lean:1007:100: This line exceeds the 100 character limit, please shorten it!

Note: This linter can be disabled with `set_option linter.style.longLine false`
warning: AlgebraicJacobian/Cohomology/QcohTildeSections.lean:1017:0: Please, add a comment explaining the need for modifying the maxHeartbeat limit, as in
set_option maxHeartbeats 1000000 in
-- reason for change
...

Note: This linter can be disabled with `set_option linter.style.maxHeartbeats false`
warning: AlgebraicJacobian/Cohomology/QcohTildeSections.lean:1053:0: Please, add a comment explaining the need for modifying the maxHeartbeat limit, as in
set_option maxHeartbeats 1000000 in
-- reason for change
...

Note: This linter can be disabled with `set_option linter.style.maxHeartbeats false`
warning: AlgebraicJacobian/Cohomology/QcohTildeSections.lean:1067:100: This line exceeds the 100 character limit, please shorten it!

Note: This linter can be disabled with `set_option linter.style.longLine false`
warning: AlgebraicJacobian/Cohomology/QcohTildeSections.lean:1068:0: Please, add a comment explaining the need for modifying the maxHeartbeat limit, as in
set_option maxHeartbeats 1000000 in
-- reason for change
...

Note: This linter can be disabled with `set_option linter.style.maxHeartbeats false`
warning: AlgebraicJacobian/Cohomology/QcohTildeSections.lean:1076:100: This line exceeds the 100 character limit, please shorten it!

Note: This linter can be disabled with `set_option linter.style.longLine false`
warning: AlgebraicJacobian/Cohomology/QcohTildeSections.lean:1095:100: This line exceeds the 100 character limit, please shorten it!

Note: This linter can be disabled with `set_option linter.style.longLine false`
warning: AlgebraicJacobian/Cohomology/QcohTildeSections.lean:1127:100: This line exceeds the 100 character limit, please shorten it!

Note: This linter can be disabled with `set_option linter.style.longLine false`
warning: AlgebraicJacobian/Cohomology/QcohTildeSections.lean:1141:100: This line exceeds the 100 character limit, please shorten it!

Note: This linter can be disabled with `set_option linter.style.longLine false`
warning: AlgebraicJacobian/Cohomology/QcohTildeSections.lean:1463:100: This line exceeds the 100 character limit, please shorten it!

Note: This linter can be disabled with `set_option linter.style.longLine false`
warning: AlgebraicJacobian/Cohomology/QcohTildeSections.lean:1464:100: This line exceeds the 100 character limit, please shorten it!

Note: This linter can be disabled with `set_option linter.style.longLine false`
⚠ [8320/8332] Replayed AlgebraicJacobian.Cohomology.CechHigherDirectImage
warning: AlgebraicJacobian/Cohomology/CechHigherDirectImage.lean:341:0: Please, add a comment explaining the need for modifying the maxHeartbeat limit, as in
set_option maxHeartbeats 1000000 in
-- reason for change
...

Note: This linter can be disabled with `set_option linter.style.maxHeartbeats false`
warning: AlgebraicJacobian/Cohomology/CechHigherDirectImage.lean:368:0: Please, add a comment explaining the need for modifying the maxHeartbeat limit, as in
set_option maxHeartbeats 4000000 in
-- reason for change
...

Note: This linter can be disabled with `set_option linter.style.maxHeartbeats false`
warning: AlgebraicJacobian/Cohomology/CechHigherDirectImage.lean:406:100: This line exceeds the 100 character limit, please shorten it!

Note: This linter can be disabled with `set_option linter.style.longLine false`
warning: AlgebraicJacobian/Cohomology/CechHigherDirectImage.lean:434:0: Please, add a comment explaining the need for modifying the maxHeartbeat limit, as in
set_option maxHeartbeats 1600000 in
-- reason for change
...

Note: This linter can be disabled with `set_option linter.style.maxHeartbeats false`
warning: AlgebraicJacobian/Cohomology/CechHigherDirectImage.lean:456:100: This line exceeds the 100 character limit, please shorten it!

Note: This linter can be disabled with `set_option linter.style.longLine false`
warning: AlgebraicJacobian/Cohomology/CechHigherDirectImage.lean:711:2: The `show` tactic should only be used to indicate intermediate goal states for readability.
However, this tactic invocation changed the goal. Please use `change` instead for these purposes.

Note: This linter can be disabled with `set_option linter.style.show false`
warning: AlgebraicJacobian/Cohomology/CechHigherDirectImage.lean:773:8: declaration uses `sorry`
⚠ [8322/8332] Replayed AlgebraicJacobian.Cohomology.CechAcyclic
warning: AlgebraicJacobian/Cohomology/CechAcyclic.lean:862:100: This line exceeds the 100 character limit, please shorten it!

Note: This linter can be disabled with `set_option linter.style.longLine false`
warning: AlgebraicJacobian/Cohomology/CechAcyclic.lean:867:100: This line exceeds the 100 character limit, please shorten it!

Note: This linter can be disabled with `set_option linter.style.longLine false`
warning: AlgebraicJacobian/Cohomology/CechAcyclic.lean:878:100: This line exceeds the 100 character limit, please shorten it!

Note: This linter can be disabled with `set_option linter.style.longLine false`
warning: AlgebraicJacobian/Cohomology/CechAcyclic.lean:1277:100: This line exceeds the 100 character limit, please shorten it!

Note: This linter can be disabled with `set_option linter.style.longLine false`
warning: AlgebraicJacobian/Cohomology/CechAcyclic.lean:1280:100: This line exceeds the 100 character limit, please shorten it!

Note: This linter can be disabled with `set_option linter.style.longLine false`
warning: AlgebraicJacobian/Cohomology/CechAcyclic.lean:1281:100: This line exceeds the 100 character limit, please shorten it!

Note: This linter can be disabled with `set_option linter.style.longLine false`
warning: AlgebraicJacobian/Cohomology/CechAcyclic.lean:1282:100: This line exceeds the 100 character limit, please shorten it!

Note: This linter can be disabled with `set_option linter.style.longLine false`
warning: AlgebraicJacobian/Cohomology/CechAcyclic.lean:1283:100: This line exceeds the 100 character limit, please shorten it!

Note: This linter can be disabled with `set_option linter.style.longLine false`
warning: AlgebraicJacobian/Cohomology/CechAcyclic.lean:1309:100: This line exceeds the 100 character limit, please shorten it!

Note: This linter can be disabled with `set_option linter.style.longLine false`
warning: AlgebraicJacobian/Cohomology/CechAcyclic.lean:1390:100: This line exceeds the 100 character limit, please shorten it!

Note: This linter can be disabled with `set_option linter.style.longLine false`
warning: AlgebraicJacobian/Cohomology/CechAcyclic.lean:1995:100: This line exceeds the 100 character limit, please shorten it!

Note: This linter can be disabled with `set_option linter.style.longLine false`
warning: AlgebraicJacobian/Cohomology/CechAcyclic.lean:1999:100: This line exceeds the 100 character limit, please shorten it!

Note: This linter can be disabled with `set_option linter.style.longLine false`
warning: AlgebraicJacobian/Cohomology/CechAcyclic.lean:2001:100: This line exceeds the 100 character limit, please shorten it!

Note: This linter can be disabled with `set_option linter.style.longLine false`
warning: AlgebraicJacobian/Cohomology/CechAcyclic.lean:2004:100: This line exceeds the 100 character limit, please shorten it!

Note: This linter can be disabled with `set_option linter.style.longLine false`
warning: AlgebraicJacobian/Cohomology/CechAcyclic.lean:2005:100: This line exceeds the 100 character limit, please shorten it!

Note: This linter can be disabled with `set_option linter.style.longLine false`
warning: AlgebraicJacobian/Cohomology/CechAcyclic.lean:2006:100: This line exceeds the 100 character limit, please shorten it!

Note: This linter can be disabled with `set_option linter.style.longLine false`
warning: AlgebraicJacobian/Cohomology/CechAcyclic.lean:2007:100: This line exceeds the 100 character limit, please shorten it!

Note: This linter can be disabled with `set_option linter.style.longLine false`
warning: AlgebraicJacobian/Cohomology/CechAcyclic.lean:2029:100: This line exceeds the 100 character limit, please shorten it!

Note: This linter can be disabled with `set_option linter.style.longLine false`
warning: AlgebraicJacobian/Cohomology/CechAcyclic.lean:2038:100: This line exceeds the 100 character limit, please shorten it!

Note: This linter can be disabled with `set_option linter.style.longLine false`
warning: AlgebraicJacobian/Cohomology/CechAcyclic.lean:2040:100: This line exceeds the 100 character limit, please shorten it!

Note: This linter can be disabled with `set_option linter.style.longLine false`
warning: AlgebraicJacobian/Cohomology/CechAcyclic.lean:2041:100: This line exceeds the 100 character limit, please shorten it!

Note: This linter can be disabled with `set_option linter.style.longLine false`
warning: AlgebraicJacobian/Cohomology/CechAcyclic.lean:2057:100: This line exceeds the 100 character limit, please shorten it!

Note: This linter can be disabled with `set_option linter.style.longLine false`
warning: AlgebraicJacobian/Cohomology/CechAcyclic.lean:2059:100: This line exceeds the 100 character limit, please shorten it!

Note: This linter can be disabled with `set_option linter.style.longLine false`
warning: AlgebraicJacobian/Cohomology/CechAcyclic.lean:2060:100: This line exceeds the 100 character limit, please shorten it!

Note: This linter can be disabled with `set_option linter.style.longLine false`
warning: AlgebraicJacobian/Cohomology/CechAcyclic.lean:2066:100: This line exceeds the 100 character limit, please shorten it!

Note: This linter can be disabled with `set_option linter.style.longLine false`
warning: AlgebraicJacobian/Cohomology/CechAcyclic.lean:2081:100: This line exceeds the 100 character limit, please shorten it!

Note: This linter can be disabled with `set_option linter.style.longLine false`
⚠ [8324/8332] Replayed AlgebraicJacobian.Cohomology.FreePresheafComplex
warning: AlgebraicJacobian/Cohomology/FreePresheafComplex.lean:1508:100: This line exceeds the 100 character limit, please shorten it!

Note: This linter can be disabled with `set_option linter.style.longLine false`
warning: AlgebraicJacobian/Cohomology/FreePresheafComplex.lean:1592:100: This line exceeds the 100 character limit, please shorten it!

Note: This linter can be disabled with `set_option linter.style.longLine false`
warning: AlgebraicJacobian/Cohomology/FreePresheafComplex.lean:1788:100: This line exceeds the 100 character limit, please shorten it!

Note: This linter can be disabled with `set_option linter.style.longLine false`
warning: AlgebraicJacobian/Cohomology/FreePresheafComplex.lean:1866:100: This line exceeds the 100 character limit, please shorten it!

Note: This linter can be disabled with `set_option linter.style.longLine false`
warning: AlgebraicJacobian/Cohomology/FreePresheafComplex.lean:1921:100: This line exceeds the 100 character limit, please shorten it!

Note: This linter can be disabled with `set_option linter.style.longLine false`
warning: AlgebraicJacobian/Cohomology/FreePresheafComplex.lean:2032:100: This line exceeds the 100 character limit, please shorten it!

Note: This linter can be disabled with `set_option linter.style.longLine false`
warning: AlgebraicJacobian/Cohomology/FreePresheafComplex.lean:2064:100: This line exceeds the 100 character limit, please shorten it!

Note: This linter can be disabled with `set_option linter.style.longLine false`
warning: AlgebraicJacobian/Cohomology/FreePresheafComplex.lean:2078:100: This line exceeds the 100 character limit, please shorten it!

Note: This linter can be disabled with `set_option linter.style.longLine false`
warning: AlgebraicJacobian/Cohomology/FreePresheafComplex.lean:2092:100: This line exceeds the 100 character limit, please shorten it!

Note: This linter can be disabled with `set_option linter.style.longLine false`
warning: AlgebraicJacobian/Cohomology/FreePresheafComplex.lean:2123:100: This line exceeds the 100 character limit, please shorten it!

Note: This linter can be disabled with `set_option linter.style.longLine false`
warning: AlgebraicJacobian/Cohomology/FreePresheafComplex.lean:2129:100: This line exceeds the 100 character limit, please shorten it!

Note: This linter can be disabled with `set_option linter.style.longLine false`
warning: AlgebraicJacobian/Cohomology/FreePresheafComplex.lean:2133:100: This line exceeds the 100 character limit, please shorten it!

Note: This linter can be disabled with `set_option linter.style.longLine false`
warning: AlgebraicJacobian/Cohomology/FreePresheafComplex.lean:2169:100: This line exceeds the 100 character limit, please shorten it!

Note: This linter can be disabled with `set_option linter.style.longLine false`
warning: AlgebraicJacobian/Cohomology/FreePresheafComplex.lean:2226:100: This line exceeds the 100 character limit, please shorten it!

Note: This linter can be disabled with `set_option linter.style.longLine false`
warning: AlgebraicJacobian/Cohomology/FreePresheafComplex.lean:2258:100: This line exceeds the 100 character limit, please shorten it!

Note: This linter can be disabled with `set_option linter.style.longLine false`
warning: AlgebraicJacobian/Cohomology/FreePresheafComplex.lean:2259:100: This line exceeds the 100 character limit, please shorten it!

Note: This linter can be disabled with `set_option linter.style.longLine false`
warning: AlgebraicJacobian/Cohomology/FreePresheafComplex.lean:2302:100: This line exceeds the 100 character limit, please shorten it!

Note: This linter can be disabled with `set_option linter.style.longLine false`
⚠ [8325/8332] Replayed AlgebraicJacobian.Cohomology.CechBridge
warning: AlgebraicJacobian/Cohomology/CechBridge.lean:210:2: The `show` tactic should only be used to indicate intermediate goal states for readability.
However, this tactic invocation changed the goal. Please use `change` instead for these purposes.

Note: This linter can be disabled with `set_option linter.style.show false`
warning: AlgebraicJacobian/Cohomology/CechBridge.lean:212:2: The `show` tactic should only be used to indicate intermediate goal states for readability.
However, this tactic invocation changed the goal. Please use `change` instead for these purposes.

Note: This linter can be disabled with `set_option linter.style.show false`
warning: AlgebraicJacobian/Cohomology/CechBridge.lean:637:0: Please, add a comment explaining the need for modifying the maxHeartbeat limit, as in
set_option maxHeartbeats 1600000 in
-- reason for change
...

Note: This linter can be disabled with `set_option linter.style.maxHeartbeats false`
warning: AlgebraicJacobian/Cohomology/CechBridge.lean:715:100: This line exceeds the 100 character limit, please shorten it!

Note: This linter can be disabled with `set_option linter.style.longLine false`
warning: AlgebraicJacobian/Cohomology/CechBridge.lean:821:4: The `show` tactic should only be used to indicate intermediate goal states for readability.
However, this tactic invocation changed the goal. Please use `change` instead for these purposes.

Note: This linter can be disabled with `set_option linter.style.show false`
⚠ [8327/8332] Replayed AlgebraicJacobian.Cohomology.CechToCohomology
warning: AlgebraicJacobian/Cohomology/CechToCohomology.lean:79:100: This line exceeds the 100 character limit, please shorten it!

Note: This linter can be disabled with `set_option linter.style.longLine false`
warning: AlgebraicJacobian/Cohomology/CechToCohomology.lean:57:4: The `show` tactic should only be used to indicate intermediate goal states for readability.
However, this tactic invocation changed the goal. Please use `change` instead for these purposes.

Note: This linter can be disabled with `set_option linter.style.show false`
warning: AlgebraicJacobian/Cohomology/CechToCohomology.lean:70:4: The `show` tactic should only be used to indicate intermediate goal states for readability.
However, this tactic invocation changed the goal. Please use `change` instead for these purposes.

Note: This linter can be disabled with `set_option linter.style.show false`
warning: AlgebraicJacobian/Cohomology/CechToCohomology.lean:135:2: The `show` tactic should only be used to indicate intermediate goal states for readability.
However, this tactic invocation changed the goal. Please use `change` instead for these purposes.

Note: This linter can be disabled with `set_option linter.style.show false`
warning: AlgebraicJacobian/Cohomology/CechToCohomology.lean:180:4: The `show` tactic should only be used to indicate intermediate goal states for readability.
However, this tactic invocation changed the goal. Please use `change` instead for these purposes.

Note: This linter can be disabled with `set_option linter.style.show false`
⚠ [8328/8332] Replayed AlgebraicJacobian.Cohomology.AffineSerreVanishing
warning: AlgebraicJacobian/Cohomology/AffineSerreVanishing.lean:220:0: Please, add a comment explaining the need for modifying the maxHeartbeat limit, as in
set_option maxHeartbeats 1600000 in
-- reason for change
...

Note: This linter can be disabled with `set_option linter.style.maxHeartbeats false`
warning: AlgebraicJacobian/Cohomology/AffineSerreVanishing.lean:225:100: This line exceeds the 100 character limit, please shorten it!

Note: This linter can be disabled with `set_option linter.style.longLine false`
warning: AlgebraicJacobian/Cohomology/AffineSerreVanishing.lean:336:4: The `show` tactic should only be used to indicate intermediate goal states for readability.
However, this tactic invocation changed the goal. Please use `change` instead for these purposes.

Note: This linter can be disabled with `set_option linter.style.show false`
warning: AlgebraicJacobian/Cohomology/AffineSerreVanishing.lean:355:2: The `show` tactic should only be used to indicate intermediate goal states for readability.
However, this tactic invocation changed the goal. Please use `change` instead for these purposes.

Note: This linter can be disabled with `set_option linter.style.show false`
warning: AlgebraicJacobian/Cohomology/AffineSerreVanishing.lean:363:0: Please, add a comment explaining the need for modifying the maxHeartbeat limit, as in
set_option maxHeartbeats 2000000 in
-- reason for change
...

Note: This linter can be disabled with `set_option linter.style.maxHeartbeats false`
warning: AlgebraicJacobian/Cohomology/AffineSerreVanishing.lean:369:100: This line exceeds the 100 character limit, please shorten it!

Note: This linter can be disabled with `set_option linter.style.longLine false`
warning: AlgebraicJacobian/Cohomology/AffineSerreVanishing.lean:370:100: This line exceeds the 100 character limit, please shorten it!

Note: This linter can be disabled with `set_option linter.style.longLine false`
warning: AlgebraicJacobian/Cohomology/AffineSerreVanishing.lean:372:100: This line exceeds the 100 character limit, please shorten it!

Note: This linter can be disabled with `set_option linter.style.longLine false`
warning: AlgebraicJacobian/Cohomology/AffineSerreVanishing.lean:463:100: This line exceeds the 100 character limit, please shorten it!

Note: This linter can be disabled with `set_option linter.style.longLine false`
warning: AlgebraicJacobian/Cohomology/AffineSerreVanishing.lean:464:100: This line exceeds the 100 character limit, please shorten it!

Note: This linter can be disabled with `set_option linter.style.longLine false`
warning: AlgebraicJacobian/Cohomology/AffineSerreVanishing.lean:716:4: The `show` tactic should only be used to indicate intermediate goal states for readability.
However, this tactic invocation changed the goal. Please use `change` instead for these purposes.

Note: This linter can be disabled with `set_option linter.style.show false`
warning: AlgebraicJacobian/Cohomology/AffineSerreVanishing.lean:735:2: The `show` tactic should only be used to indicate intermediate goal states for readability.
However, this tactic invocation changed the goal. Please use `change` instead for these purposes.

Note: This linter can be disabled with `set_option linter.style.show false`
⚠ [8329/8332] Replayed AlgebraicJacobian.Cohomology.CechSectionIdentificationBase
warning: AlgebraicJacobian/Cohomology/CechSectionIdentificationBase.lean:206:100: This line exceeds the 100 character limit, please shorten it!

Note: This linter can be disabled with `set_option linter.style.longLine false`
warning: AlgebraicJacobian/Cohomology/CechSectionIdentificationBase.lean:207:100: This line exceeds the 100 character limit, please shorten it!

Note: This linter can be disabled with `set_option linter.style.longLine false`
warning: AlgebraicJacobian/Cohomology/CechSectionIdentificationBase.lean:210:100: This line exceeds the 100 character limit, please shorten it!

Note: This linter can be disabled with `set_option linter.style.longLine false`
warning: AlgebraicJacobian/Cohomology/CechSectionIdentificationBase.lean:231:100: This line exceeds the 100 character limit, please shorten it!

Note: This linter can be disabled with `set_option linter.style.longLine false`
warning: AlgebraicJacobian/Cohomology/CechSectionIdentificationBase.lean:254:2: 'simp' is a flexible tactic modifying '⊢'. Try 'simp?' and use the suggested 'simp only [...]'. Alternatively, use `suffices` to explicitly state the simplified form.

Note: This linter can be disabled with `set_option linter.flexible false`
info: AlgebraicJacobian/Cohomology/CechSectionIdentificationBase.lean:254:2: Try this:
  [apply] simp only [Iso.trans_inv, pullback.congrHom_inv, Category.assoc, pullbackLeftPullbackSndIso_inv_fst]
info: AlgebraicJacobian/Cohomology/CechSectionIdentificationBase.lean:256:2: 'rw [pullback.lift_fst]' uses '⊢'!
warning: AlgebraicJacobian/Cohomology/CechSectionIdentificationBase.lean:241:100: This line exceeds the 100 character limit, please shorten it!

Note: This linter can be disabled with `set_option linter.style.longLine false`
warning: AlgebraicJacobian/Cohomology/CechSectionIdentificationBase.lean:247:100: This line exceeds the 100 character limit, please shorten it!

Note: This linter can be disabled with `set_option linter.style.longLine false`
warning: AlgebraicJacobian/Cohomology/CechSectionIdentificationBase.lean:249:100: This line exceeds the 100 character limit, please shorten it!

Note: This linter can be disabled with `set_option linter.style.longLine false`
warning: AlgebraicJacobian/Cohomology/CechSectionIdentificationBase.lean:276:2: 'simp' is a flexible tactic modifying '⊢'. Try 'simp?' and use the suggested 'simp only [...]'. Alternatively, use `suffices` to explicitly state the simplified form.

Note: This linter can be disabled with `set_option linter.flexible false`
info: AlgebraicJacobian/Cohomology/CechSectionIdentificationBase.lean:276:2: Try this:
  [apply] simp only [Iso.trans_inv, pullback.congrHom_inv, Category.assoc, pullbackLeftPullbackSndIso_inv_snd_snd_assoc]
info: AlgebraicJacobian/Cohomology/CechSectionIdentificationBase.lean:278:2: 'rw [pullback.lift_snd_assoc]' uses '⊢'!
warning: AlgebraicJacobian/Cohomology/CechSectionIdentificationBase.lean:262:100: This line exceeds the 100 character limit, please shorten it!

Note: This linter can be disabled with `set_option linter.style.longLine false`
warning: AlgebraicJacobian/Cohomology/CechSectionIdentificationBase.lean:268:100: This line exceeds the 100 character limit, please shorten it!

Note: This linter can be disabled with `set_option linter.style.longLine false`
warning: AlgebraicJacobian/Cohomology/CechSectionIdentificationBase.lean:270:100: This line exceeds the 100 character limit, please shorten it!

Note: This linter can be disabled with `set_option linter.style.longLine false`
warning: AlgebraicJacobian/Cohomology/CechSectionIdentificationBase.lean:283:100: This line exceeds the 100 character limit, please shorten it!

Note: This linter can be disabled with `set_option linter.style.longLine false`
warning: AlgebraicJacobian/Cohomology/CechSectionIdentificationBase.lean:293:100: This line exceeds the 100 character limit, please shorten it!

Note: This linter can be disabled with `set_option linter.style.longLine false`
warning: AlgebraicJacobian/Cohomology/CechSectionIdentificationBase.lean:304:2: The `show` tactic should only be used to indicate intermediate goal states for readability.
However, this tactic invocation changed the goal. Please use `change` instead for these purposes.

Note: This linter can be disabled with `set_option linter.style.show false`
warning: AlgebraicJacobian/Cohomology/CechSectionIdentificationBase.lean:312:100: This line exceeds the 100 character limit, please shorten it!

Note: This linter can be disabled with `set_option linter.style.longLine false`
warning: AlgebraicJacobian/Cohomology/CechSectionIdentificationBase.lean:313:100: This line exceeds the 100 character limit, please shorten it!

Note: This linter can be disabled with `set_option linter.style.longLine false`
warning: AlgebraicJacobian/Cohomology/CechSectionIdentificationBase.lean:374:0: Please, add a comment explaining the need for modifying the maxHeartbeat limit, as in
set_option maxHeartbeats 1600000 in
-- reason for change
...

Note: This linter can be disabled with `set_option linter.style.maxHeartbeats false`
warning: AlgebraicJacobian/Cohomology/CechSectionIdentificationBase.lean:591:100: This line exceeds the 100 character limit, please shorten it!

Note: This linter can be disabled with `set_option linter.style.longLine false`
warning: AlgebraicJacobian/Cohomology/CechSectionIdentificationBase.lean:651:100: This line exceeds the 100 character limit, please shorten it!

Note: This linter can be disabled with `set_option linter.style.longLine false`
warning: AlgebraicJacobian/Cohomology/CechSectionIdentificationBase.lean:743:6: The `show` tactic should only be used to indicate intermediate goal states for readability.
However, this tactic invocation changed the goal. Please use `change` instead for these purposes.

Note: This linter can be disabled with `set_option linter.style.show false`
warning: AlgebraicJacobian/Cohomology/CechSectionIdentificationBase.lean:749:6: The `show` tactic should only be used to indicate intermediate goal states for readability.
However, this tactic invocation changed the goal. Please use `change` instead for these purposes.

Note: This linter can be disabled with `set_option linter.style.show false`
warning: AlgebraicJacobian/Cohomology/CechSectionIdentificationBase.lean:773:100: This line exceeds the 100 character limit, please shorten it!

Note: This linter can be disabled with `set_option linter.style.longLine false`
warning: AlgebraicJacobian/Cohomology/CechSectionIdentificationBase.lean:796:0: Please, add a comment explaining the need for modifying the maxHeartbeat limit, as in
set_option maxHeartbeats 800000 in
-- reason for change
...

Note: This linter can be disabled with `set_option linter.style.maxHeartbeats false`
warning: AlgebraicJacobian/Cohomology/CechSectionIdentificationBase.lean:847:100: This line exceeds the 100 character limit, please shorten it!

Note: This linter can be disabled with `set_option linter.style.longLine false`
warning: AlgebraicJacobian/Cohomology/CechSectionIdentificationBase.lean:850:100: This line exceeds the 100 character limit, please shorten it!

Note: This linter can be disabled with `set_option linter.style.longLine false`
warning: AlgebraicJacobian/Cohomology/CechSectionIdentificationBase.lean:872:4: The `show` tactic should only be used to indicate intermediate goal states for readability.
However, this tactic invocation changed the goal. Please use `change` instead for these purposes.

Note: This linter can be disabled with `set_option linter.style.show false`
warning: AlgebraicJacobian/Cohomology/CechSectionIdentificationBase.lean:1010:100: This line exceeds the 100 character limit, please shorten it!

Note: This linter can be disabled with `set_option linter.style.longLine false`
warning: AlgebraicJacobian/Cohomology/CechSectionIdentificationBase.lean:1039:4: The `show` tactic should only be used to indicate intermediate goal states for readability.
However, this tactic invocation changed the goal. Please use `change` instead for these purposes.

Note: This linter can be disabled with `set_option linter.style.show false`
warning: AlgebraicJacobian/Cohomology/CechSectionIdentificationBase.lean:1050:4: The `show` tactic should only be used to indicate intermediate goal states for readability.
However, this tactic invocation changed the goal. Please use `change` instead for these purposes.

Note: This linter can be disabled with `set_option linter.style.show false`
warning: AlgebraicJacobian/Cohomology/CechSectionIdentificationBase.lean:1096:0: Please, add a comment explaining the need for modifying the maxHeartbeat limit, as in
set_option maxHeartbeats 1600000 in
-- reason for change
...

Note: This linter can be disabled with `set_option linter.style.maxHeartbeats false`
warning: AlgebraicJacobian/Cohomology/CechSectionIdentificationBase.lean:1124:4: The `show` tactic should only be used to indicate intermediate goal states for readability.
However, this tactic invocation changed the goal. Please use `change` instead for these purposes.

Note: This linter can be disabled with `set_option linter.style.show false`
warning: AlgebraicJacobian/Cohomology/CechSectionIdentificationBase.lean:1182:100: This line exceeds the 100 character limit, please shorten it!

Note: This linter can be disabled with `set_option linter.style.longLine false`
warning: AlgebraicJacobian/Cohomology/CechSectionIdentificationBase.lean:1191:100: This line exceeds the 100 character limit, please shorten it!

Note: This linter can be disabled with `set_option linter.style.longLine false`
warning: AlgebraicJacobian/Cohomology/CechSectionIdentificationBase.lean:1219:100: This line exceeds the 100 character limit, please shorten it!

Note: This linter can be disabled with `set_option linter.style.longLine false`
warning: AlgebraicJacobian/Cohomology/CechSectionIdentificationBase.lean:1233:0: Please, add a comment explaining the need for modifying the maxHeartbeat limit, as in
set_option synthInstance.maxHeartbeats 800000 in
-- reason for change
...

Note: This linter can be disabled with `set_option linter.style.maxHeartbeats false`
warning: AlgebraicJacobian/Cohomology/CechSectionIdentificationBase.lean:1389:100: This line exceeds the 100 character limit, please shorten it!

Note: This linter can be disabled with `set_option linter.style.longLine false`
